 BEST ver.3.90 SFSU/ARAGON
  
 control gtensor value=   1.0000000000000000     
 true area (A^2)=    7932.8170000000000     
 total area (A^2) =    7571.7286153215528     
 centroid coords =    10.282784399934854        15.217425744992669        31.689460592737415     
  
 first few rows of gr matrix
   9.3319888577389083        1.6493747708501214       0.99274683788114459        1.6941500584191747       0.48060999781069552     
   1.6493747708501214        10.715867732292992      -0.55216594701629784       0.48060999781069552        2.1172924573488596     
  0.99274683788114437      -0.55216594701629784        11.461296086023781       0.12690724970346207        5.2717996157763916E-002
   3.6825695695383587        1.0438238468850953       -3.7626422734912436E-002   5.0585957432787723       0.76806311666412608     
   1.0438238468850953        5.1092546021760805      -0.35126837850761389       0.76806311666412563        6.4011100715928411     
  -3.7626422734912436E-002 -0.35126837850761389        3.5713448035143074       0.44079067197262467      -0.43914229660969228     
   1.0428453426271760       0.13860934831867125       -6.3827864088012252E-003  0.55823117952115908       -8.3228638080128058E-003
  0.13860934831867125        1.9869411990745203       -8.4999823733013874E-002  -8.3228638080128058E-003   1.0961688663741962     
  -6.3827864088012252E-003  -8.4999823733013874E-002   1.0427887437683565        2.7217510567329698E-004  -5.6988619436062933E-002
 first few columns of gr matrix
   9.3319888577389083        1.6493747708501214       0.99274683788114437        3.6825695695383587        1.0438238468850953     
   1.6493747708501214        10.715867732292992      -0.55216594701629784        1.0438238468850953        5.1092546021760805     
  0.99274683788114459      -0.55216594701629784        11.461296086023781       -3.7626422734912436E-002 -0.35126837850761389     
   1.6941500584191747       0.48060999781069552       0.12690724970346207        5.0585957432787723       0.76806311666412563     
  0.48060999781069552        2.1172924573488596        5.2717996157763916E-002  0.76806311666412608        6.4011100715928411     
  0.12690724970346207        5.2717996157763916E-002   1.6109662041291803       0.44079067197262511      -0.43914229660969267     
  0.63153922997615952       0.10249272397934096       -4.1578029354489322E-003  0.91347653798205675        2.1326184246209148E-002
  0.10249272397934096        1.1923558755467529       -3.7048878438205465E-002   2.1326184246209148E-002   1.7843827688487512     
  -4.1578029354489322E-003  -3.7048878438205465E-002  0.62158816563698605        8.0097770241503510E-003   2.3080347225328150E-002
  
 about to enter dgetrf
 Just out of dgetrf:                 
  
  **** TRANSLATION/ROTATION FLOWS ****
     U(X-Z) =     1.000     0.000     0.000 A/SEC
  OMGA(X-Z) =     0.000     0.000     0.000 RAD/S

 FTOTH(X-Z) =   -0.16737E+02   -0.14260E+00    0.79009E-02
 TTOTH(X-Z) =    0.10357E+01    0.38226E+01   -0.40645E+01

     U(X-Z) =     0.000     1.000     0.000 A/SEC
  OMGA(X-Z) =     0.000     0.000     0.000 RAD/S

 FTOTH(X-Z) =   -0.14257E+00   -0.16418E+02   -0.23925E+00
 TTOTH(X-Z) =   -0.50219E+01   -0.81034E+00    0.15927E+01

     U(X-Z) =     0.000     0.000     1.000 A/SEC
  OMGA(X-Z) =     0.000     0.000     0.000 RAD/S

 FTOTH(X-Z) =    0.77990E-02   -0.23917E+00   -0.16583E+02
 TTOTH(X-Z) =   -0.14155E+01   -0.32184E+00   -0.21083E+00

     U(X-Z) =     0.000     0.000     0.000 A/SEC
  OMGA(X-Z) =     1.000     0.000     0.000 RAD/S

 FTOTH(X-Z) =    0.10307E+01   -0.50681E+01   -0.13905E+01
 TTOTH(X-Z) =   -0.11478E+05   -0.29538E+03    0.61334E+01

     U(X-Z) =     0.000     0.000     0.000 A/SEC
  OMGA(X-Z) =     0.000     1.000     0.000 RAD/S

 FTOTH(X-Z) =    0.38467E+01   -0.80860E+00   -0.32688E+00
 TTOTH(X-Z) =   -0.29609E+03   -0.10653E+05   -0.59083E+03

     U(X-Z) =     0.000     0.000     0.000 A/SEC
  OMGA(X-Z) =     0.000     0.000     1.000 RAD/S

 FTOTH(X-Z) =   -0.40431E+01    0.15824E+01   -0.20703E+00
 TTOTH(X-Z) =    0.75696E+01   -0.59211E+03   -0.11370E+05

 I,J,Ktt,Ktr,Krt,Krr=    1    1  0.1674E+02 -0.1036E+01 -0.1031E+01  0.1148E+05
 I,J,Ktt,Ktr,Krt,Krr=    1    2  0.1426E+00  0.5022E+01 -0.3847E+01  0.2961E+03
 I,J,Ktt,Ktr,Krt,Krr=    1    3 -0.7799E-02  0.1415E+01  0.4043E+01 -0.7570E+01
 I,J,Ktt,Ktr,Krt,Krr=    2    1  0.1426E+00 -0.3823E+01  0.5068E+01  0.2954E+03
 I,J,Ktt,Ktr,Krt,Krr=    2    2  0.1642E+02  0.8103E+00  0.8086E+00  0.1065E+05
 I,J,Ktt,Ktr,Krt,Krr=    2    3  0.2392E+00  0.3218E+00 -0.1582E+01  0.5921E+03
 I,J,Ktt,Ktr,Krt,Krr=    3    1 -0.7901E-02  0.4064E+01  0.1390E+01 -0.6133E+01
 I,J,Ktt,Ktr,Krt,Krr=    3    2  0.2393E+00 -0.1593E+01  0.3269E+00  0.5908E+03
 I,J,Ktt,Ktr,Krt,Krr=    3    3  0.1658E+02  0.2108E+00  0.2070E+00  0.1137E+05
  
  Friction Tensors in Center of Resistance
  
  Ktt Tensor (A)
    0.16737E+02    0.14257E+00   -0.77990E-02
    0.14260E+00    0.16418E+02    0.23917E+00
   -0.79009E-02    0.23925E+00    0.16583E+02
  
  Symmetric Krt Tensor (A^2)
   -0.10332E+01   -0.38346E+01    0.40538E+01
    0.50450E+01    0.80947E+00   -0.15876E+01
    0.14030E+01    0.32436E+00    0.20893E+00
  
  Krr Tensor (A^3)
    0.11478E+05    0.29609E+03   -0.75696E+01
    0.29538E+03    0.10653E+05    0.59211E+03
   -0.61334E+01    0.59083E+03    0.11370E+05
  
 Raw Dtt tensor (no rot/trans coupling correction)
    0.59752E-01   -0.51939E-03    0.35593E-04
   -0.51950E-03    0.60927E-01   -0.87899E-03
    0.35964E-04   -0.87929E-03    0.60317E-01
  
 Raw Drr tensor (no rot/trans coupling correction)
    0.87184E-04   -0.24335E-05    0.18477E-06
   -0.24271E-05    0.94213E-04   -0.49079E-05
    0.17315E-06   -0.48970E-05    0.88206E-04
  
 Raw Dtt tensor, before CD transformation
    0.59752E-01   -0.51933E-03    0.31531E-04
   -0.51951E-03    0.60927E-01   -0.88452E-03
    0.35968E-04   -0.87938E-03    0.60323E-01
  
 Program finished at:                
 Elapsed time CPU_TIME:   208.20800000000000     
