MSMS 2.6.1 started on zukomputer
Copyright M.F. Sanner (1994)
Compilation flags -O2 -DVERBOSE -DTIMING
Atom 1 ignored, radius = 0.000000
INPUT  best_4pep.xyzr 2620 spheres 0 collision only, radii  2.500 to  3.100
PARAM  Probe_radius  1.500 density  1.000 hdensity  3.000
REDUCED SURFACE ...
    RS component 0 identified 2574 367 385
    2 free edge(s) found in component 0
    RS component  #faces  #edges #free_edges  #vertices   genus
         0        1520     2280          2        739      12.5
    Time Reduced Surface real: 0.07 user: 0.08 sys: 0.00
ANALYTICAL SOLVENT EXCLUDED SURFACE...
    Component   0
        Time Surface real: 0.00 user: 0.00 sys: 0.00
        Time Singularities real: 0.01 user: 0.00 sys: 0.00
    SES comp.  #fac.  #edg. #s_edg. #vert. #s_vert. R_h C_h genus
         0     4578   9166     13    4592       28   0   4    1
ANALYTICAL SURFACE AREA :
    Comp. probe_radius,   reent,    toric,   contact    SES       SAS
      0       1.500    1685.679  4622.660  5913.684 12222.022 14088.104
TRIANGULATION...
    Component 0
    component#, vertices,  edges,  faces, genus, density
        0          11137   33411   22274    1     0.911
        Time Triangulation real: 0.04 user: 0.05 sys: 0.00
NUMERICAL VOLUMES AND AREA
    Comp. probe_radius SES_volume SES_area)
       0      1.50    62391.168  11910.461
    Total ses_volume: 62391.168
MSMS terminated normally
Total Time real: 0.29 user: 0.23 sys: 0.00
