 BEST ver.3.90 SFSU/ARAGON
  
 control gtensor value=   1.0000000000000000     
 true area (A^2)=    4365.9920000000002     
 total area (A^2) =    4178.6387742889483     
 centroid coords =    1.3339889344262299       0.91399658469945411       -5.1026102459016389     
  
 first few rows of gr matrix
   7.7387812877346587      -0.27117577968693218       -1.5613095556402610        2.1222825524566522      -0.19897631128655857     
 -0.27117577968693185        9.7129458952922469      -0.30893711557767678      -0.19897631128655857        1.9841261042192406     
  -1.5613095556402610      -0.30893711557767661        8.7299906583236595      -0.62051402287721169       0.19846056538593468     
   3.0496660202418782      -0.21979408733915601      -0.91334756074288348        6.1951307992676110      -0.15069592907225682     
 -0.21979408733915601        2.7936199355452018       0.21038474688322367      -0.15069592907225771        7.7413837694231145     
 -0.91334756074288348       0.21038474688322367        3.5613344151628574       -1.2737131077213353      -0.29729405094871736     
  0.87418370195023043       0.14591572736606320       -4.4748083967379698E-002  0.55551805337903337       -3.1109136537643190E-003
  0.14591572736606320        1.5844117465306147      -0.17915642649880240       -3.1109136537643190E-003   1.0986952750326133     
  -4.4748083967379698E-002 -0.17915642649880240       0.89514918145382782       -3.4462235637473830E-003   9.1063084459142799E-003
 first few columns of gr matrix
   7.7387812877346587      -0.27117577968693185       -1.5613095556402610        3.0496660202418782      -0.21979408733915601     
 -0.27117577968693218        9.7129458952922469      -0.30893711557767661      -0.21979408733915601        2.7936199355452018     
  -1.5613095556402610      -0.30893711557767678        8.7299906583236595      -0.91334756074288348       0.21038474688322367     
   2.1222825524566522      -0.19897631128655857      -0.62051402287721169        6.1951307992676110      -0.15069592907225771     
 -0.19897631128655857        1.9841261042192406       0.19846056538593468      -0.15069592907225682        7.7413837694231145     
 -0.62051402287721169       0.19846056538593468        2.4439744489373334       -1.2737131077213353      -0.29729405094871697     
  0.58894789868948216       0.11149358704397436       -4.0883075531896781E-002  0.60616415006295798       -1.1367087422490556E-002
  0.11149358704397436        1.0279811908292209      -0.15943830368671064       -1.1367087422490556E-002   1.1998113069258922     
  -4.0883075531896781E-002 -0.15943830368671064       0.62669812770869759       -2.5050918273469434E-004  -4.5768536167241618E-003
  
 about to enter dgetrf
 Just out of dgetrf:                 
  
  **** TRANSLATION/ROTATION FLOWS ****
     U(X-Z) =     1.000     0.000     0.000 A/SEC
  OMGA(X-Z) =     0.000     0.000     0.000 RAD/S

 FTOTH(X-Z) =   -0.12512E+02    0.92138E-01   -0.45702E+00
 TTOTH(X-Z) =   -0.24666E+01    0.51132E+01   -0.38562E+01

     U(X-Z) =     0.000     1.000     0.000 A/SEC
  OMGA(X-Z) =     0.000     0.000     0.000 RAD/S

 FTOTH(X-Z) =    0.92314E-01   -0.12832E+02   -0.18939E+00
 TTOTH(X-Z) =   -0.23858E+01    0.28338E-01   -0.48688E+01

     U(X-Z) =     0.000     0.000     1.000 A/SEC
  OMGA(X-Z) =     0.000     0.000     0.000 RAD/S

 FTOTH(X-Z) =   -0.45712E+00   -0.18948E+00   -0.13009E+02
 TTOTH(X-Z) =    0.59960E+01    0.15644E+01    0.23872E+01

     U(X-Z) =     0.000     0.000     0.000 A/SEC
  OMGA(X-Z) =     1.000     0.000     0.000 RAD/S

 FTOTH(X-Z) =   -0.24884E+01   -0.23699E+01    0.60746E+01
 TTOTH(X-Z) =   -0.49711E+04    0.18484E+03   -0.83474E+03

     U(X-Z) =     0.000     0.000     0.000 A/SEC
  OMGA(X-Z) =     0.000     1.000     0.000 RAD/S

 FTOTH(X-Z) =    0.50870E+01    0.46055E-01    0.16326E+01
 TTOTH(X-Z) =    0.18542E+03   -0.57964E+04   -0.28456E+03

     U(X-Z) =     0.000     0.000     0.000 A/SEC
  OMGA(X-Z) =     0.000     0.000     1.000 RAD/S

 FTOTH(X-Z) =   -0.38985E+01   -0.49412E+01    0.24107E+01
 TTOTH(X-Z) =   -0.83409E+03   -0.28402E+03   -0.53635E+04

 I,J,Ktt,Ktr,Krt,Krr=    1    1  0.1251E+02  0.2467E+01  0.2488E+01  0.4971E+04
 I,J,Ktt,Ktr,Krt,Krr=    1    2 -0.9231E-01  0.2386E+01 -0.5087E+01 -0.1854E+03
 I,J,Ktt,Ktr,Krt,Krr=    1    3  0.4571E+00 -0.5996E+01  0.3898E+01  0.8341E+03
 I,J,Ktt,Ktr,Krt,Krr=    2    1 -0.9214E-01 -0.5113E+01  0.2370E+01 -0.1848E+03
 I,J,Ktt,Ktr,Krt,Krr=    2    2  0.1283E+02 -0.2834E-01 -0.4605E-01  0.5796E+04
 I,J,Ktt,Ktr,Krt,Krr=    2    3  0.1895E+00 -0.1564E+01  0.4941E+01  0.2840E+03
 I,J,Ktt,Ktr,Krt,Krr=    3    1  0.4570E+00  0.3856E+01 -0.6075E+01  0.8347E+03
 I,J,Ktt,Ktr,Krt,Krr=    3    2  0.1894E+00  0.4869E+01 -0.1633E+01  0.2846E+03
 I,J,Ktt,Ktr,Krt,Krr=    3    3  0.1301E+02 -0.2387E+01 -0.2411E+01  0.5364E+04
  
  Friction Tensors in Center of Resistance
  
  Ktt Tensor (A)
    0.12512E+02   -0.92314E-01    0.45712E+00
   -0.92138E-01    0.12832E+02    0.18948E+00
    0.45702E+00    0.18939E+00    0.13009E+02
  
  Symmetric Krt Tensor (A^2)
    0.24775E+01   -0.51001E+01    0.38773E+01
    0.23778E+01   -0.37197E-01    0.49050E+01
   -0.60353E+01   -0.15985E+01   -0.23990E+01
  
  Krr Tensor (A^3)
    0.49711E+04   -0.18542E+03    0.83409E+03
   -0.18484E+03    0.57964E+04    0.28402E+03
    0.83474E+03    0.28456E+03    0.53635E+04
  
 Raw Dtt tensor (no rot/trans coupling correction)
    0.80034E-01    0.61743E-03   -0.28214E-02
    0.61634E-03    0.77954E-01   -0.11571E-02
   -0.28207E-02   -0.11566E-02    0.76987E-01
  
 Raw Drr tensor (no rot/trans coupling correction)
    0.20694E-03    0.82211E-05   -0.32618E-04
    0.81986E-05    0.17330E-03   -0.10452E-04
   -0.32642E-04   -0.10474E-04    0.19208E-03
  
 Raw Dtt tensor, before CD transformation
    0.80032E-01    0.61669E-03   -0.27724E-02
    0.61717E-03    0.77955E-01   -0.11799E-02
   -0.28227E-02   -0.11574E-02    0.77042E-01
  
 Program finished at:                
 Elapsed time CPU_TIME:   75.551999999999992     
