 BEST ver.3.90 SFSU/ARAGON
  
 control gtensor value=   1.0000000000000000     
 true area (A^2)=    8113.3540000000003     
 total area (A^2) =    7699.9170053347343     
 centroid coords =    2.3549555901157695        8.0614830654916041        23.203879816830764     
  
 first few rows of gr matrix
   4.1414382268916343      -0.28958953239628393       0.30132838060485823        1.1360775611303251        8.2182001637226606E-003
 -0.28958953239628349        3.3380642591853471       0.56860999731422601        8.2182001637226606E-003   1.6284133860171495     
  0.30132838060485839       0.56860999731422623        4.3141941516350046        4.0910363558997936E-002  0.49623529956350954     
  0.45923206776048836       -3.7724894615520796E-002  -2.0554345796125906E-002   6.0621306336140117       -1.2203034667951087     
  -3.7724894615520796E-002  0.68524761836580739       0.20380711983422339       -1.2203034667951091        6.9733514542411790     
  -2.0554345796125906E-002  0.20380711983422339       0.63103116790948899      -0.20824665329892988       -8.6604285928487956E-002
  0.30725454123423673       -1.6796828816101640E-003   3.4810911296658214E-003   1.2794109408283885        8.1732879597266994E-002
  -1.6796828816101640E-003  0.59625454648491749        3.0985352345304987E-002   8.1732879597266994E-002   2.0035090544754932     
   3.4810911296658214E-003   3.0985352345304987E-002  0.31665096275233934       -8.0584278427916059E-002 -0.51484234435931076     
 first few columns of gr matrix
   4.1414382268916343      -0.28958953239628349       0.30132838060485839       0.45923206776048836       -3.7724894615520796E-002
 -0.28958953239628393        3.3380642591853471       0.56860999731422623       -3.7724894615520796E-002  0.68524761836580739     
  0.30132838060485823       0.56860999731422601        4.3141941516350046       -2.0554345796125906E-002  0.20380711983422339     
   1.1360775611303251        8.2182001637226606E-003   4.0910363558997936E-002   6.0621306336140117       -1.2203034667951091     
   8.2182001637226606E-003   1.6284133860171495       0.49623529956350954       -1.2203034667951087        6.9733514542411790     
   4.0910363558997936E-002  0.49623529956350954        1.6628420766590062      -0.20824665329892983       -8.6604285928488345E-002
  0.43755222553920081        1.4547480912313325E-002  -2.0644070982445300E-003  0.71533767715234098        2.5328837877538504E-002
   1.4547480912313325E-002  0.85462591300294199        4.5334138462904607E-002   2.5328837877538504E-002   1.1067122498223105     
  -2.0644070982445300E-003   4.5334138462904607E-002  0.44293755098091381       -2.3711440281759290E-002 -0.32300486528164279     
  
 about to enter dgetrf
 Just out of dgetrf:                 
  
  **** TRANSLATION/ROTATION FLOWS ****
     U(X-Z) =     1.000     0.000     0.000 A/SEC
  OMGA(X-Z) =     0.000     0.000     0.000 RAD/S

 FTOTH(X-Z) =   -0.16909E+02   -0.90899E-03    0.73215E-01
 TTOTH(X-Z) =    0.48338E+00   -0.31110E+01   -0.21747E+01

     U(X-Z) =     0.000     1.000     0.000 A/SEC
  OMGA(X-Z) =     0.000     0.000     0.000 RAD/S

 FTOTH(X-Z) =   -0.54788E-03   -0.17482E+02   -0.30571E+00
 TTOTH(X-Z) =    0.34344E+01   -0.12579E+00   -0.15946E+00

     U(X-Z) =     0.000     0.000     1.000 A/SEC
  OMGA(X-Z) =     0.000     0.000     0.000 RAD/S

 FTOTH(X-Z) =    0.71865E-01   -0.30622E+00   -0.16555E+02
 TTOTH(X-Z) =    0.30686E+01   -0.17182E+01   -0.31596E+00

     U(X-Z) =     0.000     0.000     0.000 A/SEC
  OMGA(X-Z) =     1.000     0.000     0.000 RAD/S

 FTOTH(X-Z) =    0.47659E+00    0.33840E+01    0.30374E+01
 TTOTH(X-Z) =   -0.12013E+05   -0.62809E+01    0.16802E+03

     U(X-Z) =     0.000     0.000     0.000 A/SEC
  OMGA(X-Z) =     0.000     1.000     0.000 RAD/S

 FTOTH(X-Z) =   -0.31072E+01   -0.16459E+00   -0.16957E+01
 TTOTH(X-Z) =   -0.42557E+01   -0.13008E+05   -0.68839E+03

     U(X-Z) =     0.000     0.000     0.000 A/SEC
  OMGA(X-Z) =     0.000     0.000     1.000 RAD/S

 FTOTH(X-Z) =   -0.22212E+01   -0.16376E+00   -0.38056E+00
 TTOTH(X-Z) =    0.16197E+03   -0.68926E+03   -0.10965E+05

 I,J,Ktt,Ktr,Krt,Krr=    1    1  0.1691E+02 -0.4834E+00 -0.4766E+00  0.1201E+05
 I,J,Ktt,Ktr,Krt,Krr=    1    2  0.5479E-03 -0.3434E+01  0.3107E+01  0.4256E+01
 I,J,Ktt,Ktr,Krt,Krr=    1    3 -0.7186E-01 -0.3069E+01  0.2221E+01 -0.1620E+03
 I,J,Ktt,Ktr,Krt,Krr=    2    1  0.9090E-03  0.3111E+01 -0.3384E+01  0.6281E+01
 I,J,Ktt,Ktr,Krt,Krr=    2    2  0.1748E+02  0.1258E+00  0.1646E+00  0.1301E+05
 I,J,Ktt,Ktr,Krt,Krr=    2    3  0.3062E+00  0.1718E+01  0.1638E+00  0.6893E+03
 I,J,Ktt,Ktr,Krt,Krr=    3    1 -0.7321E-01  0.2175E+01 -0.3037E+01 -0.1680E+03
 I,J,Ktt,Ktr,Krt,Krr=    3    2  0.3057E+00  0.1595E+00  0.1696E+01  0.6884E+03
 I,J,Ktt,Ktr,Krt,Krr=    3    3  0.1655E+02  0.3160E+00  0.3806E+00  0.1097E+05
  
  Friction Tensors in Center of Resistance
  
  Ktt Tensor (A)
    0.16909E+02    0.54788E-03   -0.71865E-01
    0.90899E-03    0.17482E+02    0.30622E+00
   -0.73215E-01    0.30571E+00    0.16555E+02
  
  Symmetric Krt Tensor (A^2)
   -0.47999E+00    0.31091E+01    0.21980E+01
   -0.34092E+01    0.14519E+00    0.16161E+00
   -0.30530E+01    0.17069E+01    0.34826E+00
  
  Krr Tensor (A^3)
    0.12013E+05    0.42557E+01   -0.16197E+03
    0.62809E+01    0.13008E+05    0.68926E+03
   -0.16802E+03    0.68839E+03    0.10965E+05
  
 Raw Dtt tensor (no rot/trans coupling correction)
    0.59142E-01   -0.63450E-05    0.25685E-03
   -0.76589E-05    0.57219E-01   -0.10584E-02
    0.26170E-03   -0.10567E-02    0.60426E-01
  
 Raw Drr tensor (no rot/trans coupling correction)
    0.83261E-04   -0.92632E-07    0.12357E-05
   -0.10816E-06    0.77132E-04   -0.48500E-05
    0.12825E-05   -0.48437E-05    0.91520E-04
  
 Raw Dtt tensor, before CD transformation
    0.59142E-01   -0.63308E-05    0.25604E-03
   -0.76498E-05    0.57219E-01   -0.10563E-02
    0.26170E-03   -0.10567E-02    0.60427E-01
  
 Program finished at:                
 Elapsed time CPU_TIME:   169.00800000000001     
