MSMS 2.6.1 started on zukomputer
Copyright M.F. Sanner (1994)
Compilation flags -O2 -DVERBOSE -DTIMING
Atom 1 ignored, radius = 0.000000
INPUT  best_1wrt.xyzr 1690 spheres 0 collision only, radii  2.500 to  3.100
PARAM  Probe_radius  1.500 density  1.000 hdensity  3.000
REDUCED SURFACE ...
    RS component 0 identified 1448 1444 1443
    0 free edge(s) found in component 0
    RS component  #faces  #edges #free_edges  #vertices   genus
         0        1628     2442          0        759      28.5
    Time Reduced Surface real: 0.07 user: 0.07 sys: 0.00
ANALYTICAL SOLVENT EXCLUDED SURFACE...
    Component   0
        Time Surface real: 0.01 user: 0.01 sys: 0.00
        Time Singularities real: 0.00 user: 0.00 sys: 0.00
    SES comp.  #fac.  #edg. #s_edg. #vert. #s_vert. R_h C_h genus
         0     4911   9849     33    4936       52   0   0    2
ANALYTICAL SURFACE AREA :
    Comp. probe_radius,   reent,    toric,   contact    SES       SAS
      0       1.500    1599.601  4820.823  6737.407 13157.830 15540.301
TRIANGULATION...
    Component 0
    component#, vertices,  edges,  faces, genus, density
        0          12986   38964   25976    2     0.987
        Time Triangulation real: 0.06 user: 0.06 sys: 0.00
NUMERICAL VOLUMES AND AREA
    Comp. probe_radius SES_volume SES_area)
       0      1.50    46366.027  12872.678
    Total ses_volume: 46366.027
MSMS terminated normally
Total Time real: 0.30 user: 0.26 sys: 0.00
