MSMS 2.6.1 started on zukomputer
Copyright M.F. Sanner (1994)
Compilation flags -O2 -DVERBOSE -DTIMING
Atom 1 ignored, radius = 0.000000
INPUT  best_1dwr.xyzr 1199 spheres 0 collision only, radii  2.500 to  3.100
PARAM  Probe_radius  1.500 density  1.000 hdensity  3.000
REDUCED SURFACE ...
    RS component 0 identified 1150 1149 1148
    0 free edge(s) found in component 0
    RS component  #faces  #edges #free_edges  #vertices   genus
         0         874     1311          0        433      3
    Time Reduced Surface real: 0.04 user: 0.04 sys: 0.00
ANALYTICAL SOLVENT EXCLUDED SURFACE...
    Component   0
        Time Surface real: 0.01 user: 0.01 sys: 0.00
        Time Singularities real: 0.00 user: 0.00 sys: 0.00
    SES comp.  #fac.  #edg. #s_edg. #vert. #s_vert. R_h C_h genus
         0     2626   5253      3    2628        6   0   1    1
ANALYTICAL SURFACE AREA :
    Comp. probe_radius,   reent,    toric,   contact    SES       SAS
      0       1.500     780.295  2498.258  3437.609  6716.162  7860.982
TRIANGULATION...
    Component 0
    component#, vertices,  edges,  faces, genus, density
        0           6512   19536   13024    1     0.970
        Time Triangulation real: 0.03 user: 0.03 sys: 0.00
NUMERICAL VOLUMES AND AREA
    Comp. probe_radius SES_volume SES_area)
       0      1.50    29157.369   6571.868
    Total ses_volume: 29157.369
MSMS terminated normally
Total Time real: 0.22 user: 0.16 sys: 0.02
