MSMS 2.6.1 started on zukomputer
Copyright M.F. Sanner (1994)
Compilation flags -O2 -DVERBOSE -DTIMING
Atom 1 ignored, radius = 0.000000
INPUT  best_dim2sod.xyzr 2198 spheres 0 collision only, radii  2.500 to  3.100
PARAM  Probe_radius  1.500 density  1.000 hdensity  3.000
REDUCED SURFACE ...
    RS component 0 identified 1745 1742 1744
    0 free edge(s) found in component 0
    RS component  #faces  #edges #free_edges  #vertices   genus
         0        1546     2319          0        747      14
    Time Reduced Surface real: 0.04 user: 0.05 sys: 0.00
ANALYTICAL SOLVENT EXCLUDED SURFACE...
    Component   0
        Time Surface real: 0.01 user: 0.00 sys: 0.00
        Time Singularities real: 0.00 user: 0.00 sys: 0.00
    SES comp.  #fac.  #edg. #s_edg. #vert. #s_vert. R_h C_h genus
         0     4657   9327     17    4672       34   0   0    0
ANALYTICAL SURFACE AREA :
    Comp. probe_radius,   reent,    toric,   contact    SES       SAS
      0       1.500    1544.355  4221.214  5611.752 11377.322 12939.243
TRIANGULATION...
    Component 0
    component#, vertices,  edges,  faces, genus, density
        0          11296   33882   22588    0     0.993
        Time Triangulation real: 0.05 user: 0.04 sys: 0.00
NUMERICAL VOLUMES AND AREA
    Comp. probe_radius SES_volume SES_area)
       0      1.50    51122.371  11111.094
    Total ses_volume: 51122.371
MSMS terminated normally
Total Time real: 0.18 user: 0.15 sys: 0.00
