 BEST ver.3.90 SFSU/ARAGON
  
 control gtensor value=   1.0000000000000000     
 true area (A^2)=    7892.8540000000003     
 total area (A^2) =    7560.0405238089652     
 centroid coords =    11.666685257806829        16.235639070443000        8.5739918663761863     
  
 first few rows of gr matrix
   5.2784253676634387      -0.38209923384208233      -0.52726759240363297        1.5089606726529490       -1.0530883755728514E-003
 -0.38209923384208266        7.9246532099701472      -0.23313225343094857       -1.0530883755728514E-003   1.4296231126020134     
 -0.52726759240363275      -0.23313225343094854        7.0788726315240567      -0.37564969604679771      -0.10125944280158761     
   1.3127740655239053       -1.2562230835306399E-002 -0.34099106308520949        6.5098530432709678       -1.0993347469009254     
  -1.2562230835306399E-002   1.2968739582195257       -1.2619306584173668E-002  -1.0993347469009258        7.5007020182686501     
 -0.34099106308520949       -1.2619306584173668E-002   2.1426738410306889      -0.74112002637878360      -0.57047897178899820     
  0.73337967372303992        4.4642823718955289E-002 -0.13749580884541637        1.7649393665952768        7.0245761369756396E-002
   4.4642823718955289E-002  0.80087202887166986      -0.20161173415084382        7.0245761369756396E-002   2.3177434716453416     
 -0.13749580884541637      -0.20161173415084382        1.2620896403801061      -0.20464091157662184      -0.67170801140475989     
 first few columns of gr matrix
   5.2784253676634387      -0.38209923384208266      -0.52726759240363275        1.3127740655239053       -1.2562230835306399E-002
 -0.38209923384208233        7.9246532099701472      -0.23313225343094854       -1.2562230835306399E-002   1.2968739582195257     
 -0.52726759240363297      -0.23313225343094857        7.0788726315240567      -0.34099106308520949       -1.2619306584173668E-002
   1.5089606726529490       -1.0530883755728514E-003 -0.37564969604679771        6.5098530432709678       -1.0993347469009258     
  -1.0530883755728514E-003   1.4296231126020134      -0.10125944280158761       -1.0993347469009254        7.5007020182686501     
 -0.37564969604679771      -0.10125944280158761        2.5197324312125824      -0.74112002637878382      -0.57047897178899842     
   1.0423375420040937        6.0243982773015743E-002 -0.21750676147725928        2.2469630333754860        2.0732791331632937E-002
   6.0243982773015743E-002   1.1087406783717559      -0.27486965560361842        2.0732791331632937E-002   2.7200448381883180     
 -0.21750676147725928      -0.27486965560361842        1.7254444208986099      -0.33866735286433974      -0.66153763995917092     
  
 about to enter dgetrf
 Just out of dgetrf:                 
  
  **** TRANSLATION/ROTATION FLOWS ****
     U(X-Z) =     1.000     0.000     0.000 A/SEC
  OMGA(X-Z) =     0.000     0.000     0.000 RAD/S

 FTOTH(X-Z) =   -0.17158E+02   -0.20498E+00   -0.12897E+00
 TTOTH(X-Z) =   -0.41259E+00    0.89614E+01    0.19693E+01

     U(X-Z) =     0.000     1.000     0.000 A/SEC
  OMGA(X-Z) =     0.000     0.000     0.000 RAD/S

 FTOTH(X-Z) =   -0.20489E+00   -0.17226E+02   -0.12810E+00
 TTOTH(X-Z) =   -0.84535E+01   -0.53527E+00    0.84135E+00

     U(X-Z) =     0.000     0.000     1.000 A/SEC
  OMGA(X-Z) =     0.000     0.000     0.000 RAD/S

 FTOTH(X-Z) =   -0.12891E+00   -0.12806E+00   -0.16803E+02
 TTOTH(X-Z) =    0.93901E+00   -0.82207E+00    0.93507E+00

     U(X-Z) =     0.000     0.000     0.000 A/SEC
  OMGA(X-Z) =     1.000     0.000     0.000 RAD/S

 FTOTH(X-Z) =   -0.44599E+00   -0.84607E+01    0.94258E+00
 TTOTH(X-Z) =   -0.12229E+05   -0.36988E+03   -0.27315E+03

     U(X-Z) =     0.000     0.000     0.000 A/SEC
  OMGA(X-Z) =     0.000     1.000     0.000 RAD/S

 FTOTH(X-Z) =    0.89755E+01   -0.52344E+00   -0.79148E+00
 TTOTH(X-Z) =   -0.37134E+03   -0.12408E+05   -0.11730E+03

     U(X-Z) =     0.000     0.000     0.000 A/SEC
  OMGA(X-Z) =     0.000     0.000     1.000 RAD/S

 FTOTH(X-Z) =    0.19972E+01    0.83519E+00    0.95273E+00
 TTOTH(X-Z) =   -0.27419E+03   -0.11763E+03   -0.11615E+05

 I,J,Ktt,Ktr,Krt,Krr=    1    1  0.1716E+02  0.4126E+00  0.4460E+00  0.1223E+05
 I,J,Ktt,Ktr,Krt,Krr=    1    2  0.2049E+00  0.8453E+01 -0.8976E+01  0.3713E+03
 I,J,Ktt,Ktr,Krt,Krr=    1    3  0.1289E+00 -0.9390E+00 -0.1997E+01  0.2742E+03
 I,J,Ktt,Ktr,Krt,Krr=    2    1  0.2050E+00 -0.8961E+01  0.8461E+01  0.3699E+03
 I,J,Ktt,Ktr,Krt,Krr=    2    2  0.1723E+02  0.5353E+00  0.5234E+00  0.1241E+05
 I,J,Ktt,Ktr,Krt,Krr=    2    3  0.1281E+00  0.8221E+00 -0.8352E+00  0.1176E+03
 I,J,Ktt,Ktr,Krt,Krr=    3    1  0.1290E+00 -0.1969E+01 -0.9426E+00  0.2732E+03
 I,J,Ktt,Ktr,Krt,Krr=    3    2  0.1281E+00 -0.8414E+00  0.7915E+00  0.1173E+03
 I,J,Ktt,Ktr,Krt,Krr=    3    3  0.1680E+02 -0.9351E+00 -0.9527E+00  0.1161E+05
  
  Friction Tensors in Center of Resistance
  
  Ktt Tensor (A)
    0.17158E+02    0.20489E+00    0.12891E+00
    0.20498E+00    0.17226E+02    0.12806E+00
    0.12897E+00    0.12810E+00    0.16803E+02
  
  Symmetric Krt Tensor (A^2)
    0.42929E+00   -0.89684E+01   -0.19833E+01
    0.84571E+01    0.52936E+00   -0.83827E+00
   -0.94079E+00    0.80677E+00   -0.94390E+00
  
  Krr Tensor (A^3)
    0.12229E+05    0.37134E+03    0.27419E+03
    0.36988E+03    0.12408E+05    0.11763E+03
    0.27315E+03    0.11730E+03    0.11615E+05
  
 Raw Dtt tensor (no rot/trans coupling correction)
    0.58294E-01   -0.69004E-03   -0.44194E-03
   -0.69036E-03    0.58062E-01   -0.43718E-03
   -0.44215E-03   -0.43734E-03    0.59518E-01
  
 Raw Drr tensor (no rot/trans coupling correction)
    0.81887E-04   -0.24326E-05   -0.19084E-05
   -0.24230E-05    0.80673E-04   -0.75983E-06
   -0.19013E-05   -0.75752E-06    0.86150E-04
  
 Raw Dtt tensor, before CD transformation
    0.58294E-01   -0.69003E-03   -0.44381E-03
   -0.69039E-03    0.58062E-01   -0.43258E-03
   -0.44216E-03   -0.43735E-03    0.59520E-01
  
 Program finished at:                
 Elapsed time CPU_TIME:   273.86799999999999     
