 BEST ver.3.90 SFSU/ARAGON
  
 control gtensor value=   1.0000000000000000     
 true area (A^2)=    4109.2669999999998     
 total area (A^2) =    3919.1755007962829     
 centroid coords =    30.658076744186030        29.410841240310084        16.347421085271332     
  
 first few rows of gr matrix
   5.7563542772474801       0.98684633352237028      -0.10609020505401645        2.6260095274805213       0.31714567853614406     
  0.98684633352237006        4.9925073342029123      -0.24899971874826163       0.31714567853614406        2.1893900177805046     
 -0.10609020505401644      -0.24899971874826163        6.4767423729988902       0.51238769833692122       0.16053263421923314     
   1.6913985715935298       0.14346028343566394       0.36827110477245717        7.0540066347498582       0.96812770990819308     
  0.14346028343566394        1.4235158582485139        8.0080942299584859E-002  0.96812770990819308        5.7869262471643035     
  0.36827110477245717        8.0080942299584859E-002   2.2920175310033599       0.17573119573567231      -0.38529464946661995     
  0.43374565997454934       0.10288502241547902       -7.1537856054523979E-002  0.70008288744118663       0.21964278144866584     
  0.10288502241547902       0.61211023141294585      -0.15679079022136266       0.21964278144866584       0.94775001451784480     
  -7.1537856054523979E-002 -0.15679079022136266       0.49843878565306809       -8.2211806839919355E-002 -0.14335609702627017     
 first few columns of gr matrix
   5.7563542772474801       0.98684633352237006      -0.10609020505401644        1.6913985715935298       0.14346028343566394     
  0.98684633352237028        4.9925073342029123      -0.24899971874826163       0.14346028343566394        1.4235158582485139     
 -0.10609020505401645      -0.24899971874826163        6.4767423729988902       0.36827110477245717        8.0080942299584859E-002
   2.6260095274805213       0.31714567853614406       0.51238769833692122        7.0540066347498582       0.96812770990819308     
  0.31714567853614406        2.1893900177805046       0.16053263421923314       0.96812770990819308        5.7869262471643035     
  0.51238769833692122       0.16053263421923314        3.2283558460621955       0.17573119573567192      -0.38529464946661984     
  0.33028249053098102        7.0394900265390845E-002  -5.3754171738433179E-002  0.38907837866714412       0.11977879913073994     
   7.0394900265390845E-002  0.46591007049740690      -0.12716222250085199       0.11977879913073994       0.54195294712683872     
  -5.3754171738433179E-002 -0.12716222250085199       0.40167509113251998       -4.6112483321603781E-002  -8.4405290567190983E-002
  
 about to enter dgetrf
 Just out of dgetrf:                 
  
  **** TRANSLATION/ROTATION FLOWS ****
     U(X-Z) =     1.000     0.000     0.000 A/SEC
  OMGA(X-Z) =     0.000     0.000     0.000 RAD/S

 FTOTH(X-Z) =   -0.12670E+02    0.22269E+00    0.44684E+00
 TTOTH(X-Z) =    0.19650E+01   -0.45167E+01    0.25296E+00

     U(X-Z) =     0.000     1.000     0.000 A/SEC
  OMGA(X-Z) =     0.000     0.000     0.000 RAD/S

 FTOTH(X-Z) =    0.22252E+00   -0.12640E+02    0.20008E+00
 TTOTH(X-Z) =    0.36743E+01   -0.32536E+01   -0.82532E+00

     U(X-Z) =     0.000     0.000     1.000 A/SEC
  OMGA(X-Z) =     0.000     0.000     0.000 RAD/S

 FTOTH(X-Z) =    0.44683E+00    0.19998E+00   -0.12336E+02
 TTOTH(X-Z) =   -0.34950E+01    0.19597E+01    0.12127E+01

     U(X-Z) =     0.000     0.000     0.000 A/SEC
  OMGA(X-Z) =     1.000     0.000     0.000 RAD/S

 FTOTH(X-Z) =    0.19474E+01    0.37130E+01   -0.34972E+01
 TTOTH(X-Z) =   -0.51153E+04    0.42929E+03    0.70101E+03

     U(X-Z) =     0.000     0.000     0.000 A/SEC
  OMGA(X-Z) =     0.000     1.000     0.000 RAD/S

 FTOTH(X-Z) =   -0.45842E+01   -0.32492E+01    0.19948E+01
 TTOTH(X-Z) =    0.42996E+03   -0.52561E+04    0.40032E+03

     U(X-Z) =     0.000     0.000     0.000 A/SEC
  OMGA(X-Z) =     0.000     0.000     1.000 RAD/S

 FTOTH(X-Z) =    0.25497E+00   -0.84580E+00    0.12386E+01
 TTOTH(X-Z) =    0.70047E+03    0.40083E+03   -0.46891E+04

 I,J,Ktt,Ktr,Krt,Krr=    1    1  0.1267E+02 -0.1965E+01 -0.1947E+01  0.5115E+04
 I,J,Ktt,Ktr,Krt,Krr=    1    2 -0.2225E+00 -0.3674E+01  0.4584E+01 -0.4300E+03
 I,J,Ktt,Ktr,Krt,Krr=    1    3 -0.4468E+00  0.3495E+01 -0.2550E+00 -0.7005E+03
 I,J,Ktt,Ktr,Krt,Krr=    2    1 -0.2227E+00  0.4517E+01 -0.3713E+01 -0.4293E+03
 I,J,Ktt,Ktr,Krt,Krr=    2    2  0.1264E+02  0.3254E+01  0.3249E+01  0.5256E+04
 I,J,Ktt,Ktr,Krt,Krr=    2    3 -0.2000E+00 -0.1960E+01  0.8458E+00 -0.4008E+03
 I,J,Ktt,Ktr,Krt,Krr=    3    1 -0.4468E+00 -0.2530E+00  0.3497E+01 -0.7010E+03
 I,J,Ktt,Ktr,Krt,Krr=    3    2 -0.2001E+00  0.8253E+00 -0.1995E+01 -0.4003E+03
 I,J,Ktt,Ktr,Krt,Krr=    3    3  0.1234E+02 -0.1213E+01 -0.1239E+01  0.4689E+04
  
  Friction Tensors in Center of Resistance
  
  Ktt Tensor (A)
    0.12670E+02   -0.22252E+00   -0.44683E+00
   -0.22269E+00    0.12640E+02   -0.19998E+00
   -0.44684E+00   -0.20008E+00    0.12336E+02
  
  Symmetric Krt Tensor (A^2)
   -0.19562E+01    0.45504E+01   -0.25397E+00
   -0.36936E+01    0.32514E+01    0.83556E+00
    0.34961E+01   -0.19773E+01   -0.12256E+01
  
  Krr Tensor (A^3)
    0.51153E+04   -0.42996E+03   -0.70047E+03
   -0.42929E+03    0.52561E+04   -0.40083E+03
   -0.70101E+03   -0.40032E+03    0.46891E+04
  
 Raw Dtt tensor (no rot/trans coupling correction)
    0.79054E-01    0.14373E-02    0.28869E-02
    0.14384E-02    0.79158E-01    0.13354E-02
    0.28870E-02    0.13360E-02    0.81192E-01
  
 Raw Drr tensor (no rot/trans coupling correction)
    0.20142E-03    0.18892E-04    0.31704E-04
    0.18870E-04    0.19327E-03    0.19340E-04
    0.31723E-04    0.19325E-04    0.21965E-03
  
 Raw Dtt tensor, before CD transformation
    0.79054E-01    0.14372E-02    0.28790E-02
    0.14386E-02    0.79158E-01    0.13392E-02
    0.28871E-02    0.13360E-02    0.81195E-01
  
 Program finished at:                
 Elapsed time CPU_TIME:   38.780000000000001     
