MSMS 2.6.1 started on zukomputer
Copyright M.F. Sanner (1994)
Compilation flags -O2 -DVERBOSE -DTIMING
Atom 1 ignored, radius = 0.000000
INPUT  best_fst1egl.xyzr 576 spheres 0 collision only, radii  2.500 to  3.100
PARAM  Probe_radius  1.500 density  1.000 hdensity  3.000
REDUCED SURFACE ...
    RS component 0 identified 490 491 492
    0 free edge(s) found in component 0
    RS component  #faces  #edges #free_edges  #vertices   genus
         0         534      801          0        258      5.5
    Time Reduced Surface real: 0.03 user: 0.03 sys: 0.00
ANALYTICAL SOLVENT EXCLUDED SURFACE...
    Component   0
        Time Surface real: 0.00 user: 0.00 sys: 0.00
        Time Singularities real: 0.00 user: 0.00 sys: 0.00
    SES comp.  #fac.  #edg. #s_edg. #vert. #s_vert. R_h C_h genus
         0     1616   3240     16    1626       22   0   0    0
ANALYTICAL SURFACE AREA :
    Comp. probe_radius,   reent,    toric,   contact    SES       SAS
      0       1.500     491.957  1575.230  2307.533  4374.721  5321.748
TRIANGULATION...
    Component 0
    component#, vertices,  edges,  faces, genus, density
        0           4176   12522    8348    0     0.955
        Time Triangulation real: 0.03 user: 0.03 sys: 0.00
NUMERICAL VOLUMES AND AREA
    Comp. probe_radius SES_volume SES_area)
       0      1.50    14694.013   4277.871
    Total ses_volume: 14694.013
MSMS terminated normally
Total Time real: 0.14 user: 0.11 sys: 0.00
