 BEST ver.3.90 SFSU/ARAGON
  
 control gtensor value=   1.0000000000000000     
 true area (A^2)=    4374.7209999999995     
 total area (A^2) =    4175.1677803838211     
 centroid coords =    1.2370800846177066        1.0732741009368381       -4.9230376246600080     
  
 first few rows of gr matrix
   6.1566778773924780      -0.31598660157370995       -1.1612204332697211        2.2222735857138067      -0.27235239041920739     
 -0.31598660157371017        7.8723135165657050      -0.40290882127976890      -0.27235239041920739        2.2430722304982562     
  -1.1612204332697207      -0.40290882127976912        7.0879033288433684      -0.60081756597362446       0.24948181592055030     
   2.3516202349487960      -0.22229114745819650      -0.67483860471352530        5.7882946201458934      -0.25342105270534976     
 -0.22229114745819650        2.2735602393180541       0.20972332625446269      -0.25342105270535020        7.3990432307472629     
 -0.67483860471352530       0.20972332625446269        2.8213167165533428       -1.1312203245810033      -0.31745483905173061     
  0.53041290345869840        9.2843826462679482E-002  -2.4947015620772544E-002  0.46259434522937881        2.4729072153287901E-002
   9.2843826462679482E-002  0.96817646235131860      -0.11193027503806913        2.4729072153287901E-002  0.91369373855493274     
  -2.4947015620772544E-002 -0.11193027503806913       0.54086044652310306       -2.9061586968820172E-003  -2.2689795764235608E-002
 first few columns of gr matrix
   6.1566778773924780      -0.31598660157371017       -1.1612204332697207        2.3516202349487960      -0.22229114745819650     
 -0.31598660157370995        7.8723135165657050      -0.40290882127976912      -0.22229114745819650        2.2735602393180541     
  -1.1612204332697211      -0.40290882127976890        7.0879033288433684      -0.67483860471352530       0.20972332625446269     
   2.2222735857138067      -0.27235239041920739      -0.60081756597362446        5.7882946201458934      -0.25342105270535020     
 -0.27235239041920739        2.2430722304982562       0.24948181592055030      -0.25342105270534976        7.3990432307472629     
 -0.60081756597362446       0.24948181592055030        2.5770964885415450       -1.1312203245810029      -0.31745483905173105     
  0.56351163602366461       0.10857876743009112       -3.8709232307433804E-002  0.55297915952931809        2.9915168170899863E-002
  0.10857876743009112       0.98477187110669617      -0.14988165796643863        2.9915168170899863E-002   1.0879874982319879     
  -3.8709232307433804E-002 -0.14988165796643863       0.59571668751264917       -3.2053814884285348E-003  -4.3960684207362440E-002
  
 about to enter dgetrf
 Just out of dgetrf:                 
  
  **** TRANSLATION/ROTATION FLOWS ****
     U(X-Z) =     1.000     0.000     0.000 A/SEC
  OMGA(X-Z) =     0.000     0.000     0.000 RAD/S

 FTOTH(X-Z) =   -0.12492E+02    0.92634E-01   -0.45868E+00
 TTOTH(X-Z) =   -0.24245E+01    0.70852E+01   -0.60852E+01

     U(X-Z) =     0.000     1.000     0.000 A/SEC
  OMGA(X-Z) =     0.000     0.000     0.000 RAD/S

 FTOTH(X-Z) =    0.92655E-01   -0.12814E+02   -0.18401E+00
 TTOTH(X-Z) =   -0.43421E+01    0.74380E-01   -0.61194E+01

     U(X-Z) =     0.000     0.000     1.000 A/SEC
  OMGA(X-Z) =     0.000     0.000     0.000 RAD/S

 FTOTH(X-Z) =   -0.45872E+00   -0.18409E+00   -0.12994E+02
 TTOTH(X-Z) =    0.81835E+01    0.28809E+01    0.22682E+01

     U(X-Z) =     0.000     0.000     0.000 A/SEC
  OMGA(X-Z) =     1.000     0.000     0.000 RAD/S

 FTOTH(X-Z) =   -0.24107E+01   -0.43468E+01    0.82782E+01
 TTOTH(X-Z) =   -0.49502E+04    0.18303E+03   -0.83577E+03

     U(X-Z) =     0.000     0.000     0.000 A/SEC
  OMGA(X-Z) =     0.000     1.000     0.000 RAD/S

 FTOTH(X-Z) =    0.70626E+01    0.72180E-01    0.29394E+01
 TTOTH(X-Z) =    0.18424E+03   -0.57820E+04   -0.27977E+03

     U(X-Z) =     0.000     0.000     0.000 A/SEC
  OMGA(X-Z) =     0.000     0.000     1.000 RAD/S

 FTOTH(X-Z) =   -0.60898E+01   -0.61456E+01    0.23024E+01
 TTOTH(X-Z) =   -0.83415E+03   -0.27884E+03   -0.53493E+04

 I,J,Ktt,Ktr,Krt,Krr=    1    1  0.1249E+02  0.2425E+01  0.2411E+01  0.4950E+04
 I,J,Ktt,Ktr,Krt,Krr=    1    2 -0.9265E-01  0.4342E+01 -0.7063E+01 -0.1842E+03
 I,J,Ktt,Ktr,Krt,Krr=    1    3  0.4587E+00 -0.8183E+01  0.6090E+01  0.8342E+03
 I,J,Ktt,Ktr,Krt,Krr=    2    1 -0.9263E-01 -0.7085E+01  0.4347E+01 -0.1830E+03
 I,J,Ktt,Ktr,Krt,Krr=    2    2  0.1281E+02 -0.7438E-01 -0.7218E-01  0.5782E+04
 I,J,Ktt,Ktr,Krt,Krr=    2    3  0.1841E+00 -0.2881E+01  0.6146E+01  0.2788E+03
 I,J,Ktt,Ktr,Krt,Krr=    3    1  0.4587E+00  0.6085E+01 -0.8278E+01  0.8358E+03
 I,J,Ktt,Ktr,Krt,Krr=    3    2  0.1840E+00  0.6119E+01 -0.2939E+01  0.2798E+03
 I,J,Ktt,Ktr,Krt,Krr=    3    3  0.1299E+02 -0.2268E+01 -0.2302E+01  0.5349E+04
  
  Friction Tensors in Center of Resistance
  
  Ktt Tensor (A)
    0.12492E+02   -0.92655E-01    0.45872E+00
   -0.92634E-01    0.12814E+02    0.18409E+00
    0.45868E+00    0.18401E+00    0.12994E+02
  
  Symmetric Krt Tensor (A^2)
    0.24176E+01   -0.70739E+01    0.60875E+01
    0.43445E+01   -0.73280E-01    0.61325E+01
   -0.82308E+01   -0.29102E+01   -0.22853E+01
  
  Krr Tensor (A^3)
    0.49502E+04   -0.18424E+03    0.83415E+03
   -0.18303E+03    0.57820E+04    0.27884E+03
    0.83577E+03    0.27977E+03    0.53493E+04
  
 Raw Dtt tensor (no rot/trans coupling correction)
    0.80157E-01    0.62034E-03   -0.28385E-02
    0.62023E-03    0.78059E-01   -0.11277E-02
   -0.28383E-02   -0.11273E-02    0.77073E-01
  
 Raw Drr tensor (no rot/trans coupling correction)
    0.20786E-03    0.82124E-05   -0.32841E-04
    0.81667E-05    0.17371E-03   -0.10329E-04
   -0.32903E-04   -0.10368E-04    0.19261E-03
  
 Raw Dtt tensor, before CD transformation
    0.80154E-01    0.61913E-03   -0.27553E-02
    0.62201E-03    0.78059E-01   -0.11760E-02
   -0.28419E-02   -0.11287E-02    0.77173E-01
  
 Program finished at:                
 Elapsed time CPU_TIME:   49.387999999999998     
