 BEST ver.3.90 SFSU/ARAGON
  
 control gtensor value=   1.0000000000000000     
 true area (A^2)=    6414.2120000000004     
 total area (A^2) =    6112.1331374560014     
 centroid coords =   0.48220476477683344      -0.77440359871331077       -16.474373240852440     
  
 first few rows of gr matrix
   6.4966676571307973       0.63445260352517252       0.67402580388869415        1.7305151384396140      -0.14594607190375397     
  0.63445260352517319        6.4884588334068685       -1.0257890385713526      -0.14594607190375397        1.5388568500057358     
  0.67402580388869437       -1.0257890385713524        6.1636315394998036       0.40166403316333404      -0.31688458864192337     
   3.1749627221371908        5.5637725056996547E-003  0.55236938829691773        5.5671093783338961       0.38452425339158314     
   5.5637725056996547E-003   2.4928636614643338      -0.33733124982528989       0.38452425339158336        5.3163835730424518     
  0.55236938829691773      -0.33733124982528989        2.6357821432604127       0.33125338786518699      -0.91577210245692409     
   1.6877657541444131      -0.39711565267299404       0.21317782703766036        1.5849449872933155      -0.26908434447728258     
 -0.39711565267299404        1.8227124606213676      -0.34251410959930739      -0.26908434447728258        2.1657808714132583     
  0.21317782703766036      -0.34251410959930739        1.4598476815308166        4.4193026347441183E-003 -0.19375865143856097     
 first few columns of gr matrix
   6.4966676571307973       0.63445260352517319       0.67402580388869437        3.1749627221371908        5.5637725056996547E-003
  0.63445260352517252        6.4884588334068685       -1.0257890385713524        5.5637725056996547E-003   2.4928636614643338     
  0.67402580388869415       -1.0257890385713526        6.1636315394998036       0.55236938829691773      -0.33733124982528989     
   1.7305151384396140      -0.14594607190375397       0.40166403316333404        5.5671093783338961       0.38452425339158336     
 -0.14594607190375397        1.5388568500057358      -0.31688458864192337       0.38452425339158314        5.3163835730424518     
  0.40166403316333404      -0.31688458864192337        1.7560666783652603       0.33125338786518699      -0.91577210245692364     
   1.0745805926287635      -0.24149806268527185       0.17921260702655922        1.9746736964438352      -0.23094097935227817     
 -0.24149806268527185        1.4024485491206389      -0.34178481975620267      -0.23094097935227817        2.9721280533930559     
  0.17921260702655922      -0.34178481975620267        1.1704671248247025        9.5491321647007743E-002 -0.44964519879517001     
  
 about to enter dgetrf
 Just out of dgetrf:                 
  
  **** TRANSLATION/ROTATION FLOWS ****
     U(X-Z) =     1.000     0.000     0.000 A/SEC
  OMGA(X-Z) =     0.000     0.000     0.000 RAD/S

 FTOTH(X-Z) =   -0.14929E+02   -0.78126E-01   -0.10209E+01
 TTOTH(X-Z) =    0.35812E+01   -0.10928E+02    0.80565E+01

     U(X-Z) =     0.000     1.000     0.000 A/SEC
  OMGA(X-Z) =     0.000     0.000     0.000 RAD/S

 FTOTH(X-Z) =   -0.78165E-01   -0.16138E+02   -0.89213E-01
 TTOTH(X-Z) =    0.11531E+01   -0.21122E+01   -0.56539E+01

     U(X-Z) =     0.000     0.000     1.000 A/SEC
  OMGA(X-Z) =     0.000     0.000     0.000 RAD/S

 FTOTH(X-Z) =   -0.10208E+01   -0.89205E-01   -0.16270E+02
 TTOTH(X-Z) =   -0.50926E+01   -0.18297E+01   -0.12570E+01

     U(X-Z) =     0.000     0.000     0.000 A/SEC
  OMGA(X-Z) =     1.000     0.000     0.000 RAD/S

 FTOTH(X-Z) =    0.35586E+01    0.11636E+01   -0.51240E+01
 TTOTH(X-Z) =   -0.80259E+04   -0.41846E+02   -0.30499E+04

     U(X-Z) =     0.000     0.000     0.000 A/SEC
  OMGA(X-Z) =     0.000     1.000     0.000 RAD/S

 FTOTH(X-Z) =   -0.10941E+02   -0.21104E+01   -0.18139E+01
 TTOTH(X-Z) =   -0.41604E+02   -0.13850E+05   -0.95584E+02

     U(X-Z) =     0.000     0.000     0.000 A/SEC
  OMGA(X-Z) =     0.000     0.000     1.000 RAD/S

 FTOTH(X-Z) =    0.80392E+01   -0.56724E+01   -0.12328E+01
 TTOTH(X-Z) =   -0.30523E+04   -0.96660E+02   -0.11863E+05

 I,J,Ktt,Ktr,Krt,Krr=    1    1  0.1493E+02 -0.3581E+01 -0.3559E+01  0.8026E+04
 I,J,Ktt,Ktr,Krt,Krr=    1    2  0.7816E-01 -0.1153E+01  0.1094E+02  0.4160E+02
 I,J,Ktt,Ktr,Krt,Krr=    1    3  0.1021E+01  0.5093E+01 -0.8039E+01  0.3052E+04
 I,J,Ktt,Ktr,Krt,Krr=    2    1  0.7813E-01  0.1093E+02 -0.1164E+01  0.4185E+02
 I,J,Ktt,Ktr,Krt,Krr=    2    2  0.1614E+02  0.2112E+01  0.2110E+01  0.1385E+05
 I,J,Ktt,Ktr,Krt,Krr=    2    3  0.8921E-01  0.1830E+01  0.5672E+01  0.9666E+02
 I,J,Ktt,Ktr,Krt,Krr=    3    1  0.1021E+01 -0.8057E+01  0.5124E+01  0.3050E+04
 I,J,Ktt,Ktr,Krt,Krr=    3    2  0.8921E-01  0.5654E+01  0.1814E+01  0.9558E+02
 I,J,Ktt,Ktr,Krt,Krr=    3    3  0.1627E+02  0.1257E+01  0.1233E+01  0.1186E+05
  
  Friction Tensors in Center of Resistance
  
  Ktt Tensor (A)
    0.14929E+02    0.78165E-01    0.10208E+01
    0.78126E-01    0.16138E+02    0.89205E-01
    0.10209E+01    0.89213E-01    0.16270E+02
  
  Symmetric Krt Tensor (A^2)
   -0.35699E+01    0.10935E+02   -0.80479E+01
   -0.11584E+01    0.21113E+01    0.56632E+01
    0.51083E+01    0.18218E+01    0.12449E+01
  
  Krr Tensor (A^3)
    0.80259E+04    0.41604E+02    0.30523E+04
    0.41846E+02    0.13850E+05    0.96660E+02
    0.30499E+04    0.95584E+02    0.11863E+05
  
 Raw Dtt tensor (no rot/trans coupling correction)
    0.67274E-01   -0.30252E-03   -0.42192E-02
   -0.30236E-03    0.61970E-01   -0.32080E-03
   -0.42197E-02   -0.32082E-03    0.61730E-01
  
 Raw Drr tensor (no rot/trans coupling correction)
    0.13810E-03   -0.16962E-06   -0.35532E-04
   -0.16947E-06    0.72207E-04   -0.54475E-06
   -0.35504E-04   -0.53819E-06    0.93437E-04
  
 Raw Dtt tensor, before CD transformation
    0.67272E-01   -0.30263E-03   -0.41984E-02
   -0.29944E-03    0.61970E-01   -0.36352E-03
   -0.42228E-02   -0.32105E-03    0.61775E-01
  
 Program finished at:                
 Elapsed time CPU_TIME:   169.49200000000002     
