MSMS 2.6.1 started on zukomputer
Copyright M.F. Sanner (1994)
Compilation flags -O2 -DVERBOSE -DTIMING
Atom 1 ignored, radius = 0.000000
INPUT  best_dim5ldh.xyzr 10444 spheres 0 collision only, radii  2.500 to  3.100
PARAM  Probe_radius  1.500 density  1.000 hdensity  3.000
REDUCED SURFACE ...
    RS component 0 identified 4243 4241 4242
    0 free edge(s) found in component 0
    RS component  #faces  #edges #free_edges  #vertices   genus
         0        4788     7182          0       2300      48
    Time Reduced Surface real: 0.17 user: 0.17 sys: 0.00
ANALYTICAL SOLVENT EXCLUDED SURFACE...
    Component   0
        Time Surface real: 0.01 user: 0.01 sys: 0.00
        Time Singularities real: 0.01 user: 0.01 sys: 0.00
    SES comp.  #fac.  #edg. #s_edg. #vert. #s_vert. R_h C_h genus
         0    14454  28992    104   14540      168   0   0    0
ANALYTICAL SURFACE AREA :
    Comp. probe_radius,   reent,    toric,   contact    SES       SAS
      0       1.500    5244.933 12854.702 15229.593 33329.227 35071.422
TRIANGULATION...
    Component 0
    component#, vertices,  edges,  faces, genus, density
        0          33732  101190   67460    0     1.012
        Time Triangulation real: 0.15 user: 0.14 sys: 0.00
NUMERICAL VOLUMES AND AREA
    Comp. probe_radius SES_volume SES_area)
       0      1.50    252253.188  32528.314
    Total ses_volume: 252253.188
MSMS terminated normally
Total Time real: 0.56 user: 0.49 sys: 0.01
