MSMS 2.6.1 started on zukomputer
Copyright M.F. Sanner (1994)
Compilation flags -O2 -DVERBOSE -DTIMING
Atom 1 ignored, radius = 0.000000
INPUT  best_avg1nx7.xyzr 1270 spheres 0 collision only, radii  2.300 to  3.100
PARAM  Probe_radius  1.500 density  1.000 hdensity  3.000
REDUCED SURFACE ...
    RS component 0 identified 913 911 919
    0 free edge(s) found in component 0
    RS component  #faces  #edges #free_edges  #vertices   genus
         0         926     1389          0        429      18
    Time Reduced Surface real: 0.04 user: 0.04 sys: 0.00
ANALYTICAL SOLVENT EXCLUDED SURFACE...
    Component   0
        Time Surface real: 0.00 user: 0.00 sys: 0.00
        Time Singularities real: 0.00 user: 0.00 sys: 0.00
    SES comp.  #fac.  #edg. #s_edg. #vert. #s_vert. R_h C_h genus
         0     2783   5565      3    2784        6   0   0    0
ANALYTICAL SURFACE AREA :
    Comp. probe_radius,   reent,    toric,   contact    SES       SAS
      0       1.500     502.124  1638.228  2045.067  4185.419  5072.104
TRIANGULATION...
    Component 0
    component#, vertices,  edges,  faces, genus, density
        0           4886   14652    9768    0     1.167
        Time Triangulation real: 0.02 user: 0.02 sys: 0.00
NUMERICAL VOLUMES AND AREA
    Comp. probe_radius SES_volume SES_area)
       0      1.50    16255.698   4088.608
    Total ses_volume: 16255.698
MSMS terminated normally
Total Time real: 0.09 user: 0.08 sys: 0.00
