 BEST ver.3.90 SFSU/ARAGON
  
 control gtensor value=   1.0000000000000000     
 true area (A^2)=    4185.4189999999999     
 total area (A^2) =    3988.9306087658429     
 centroid coords =   -9.1933848797251597E-002  0.20894828178694189      -0.40668230240549863     
  
 first few rows of gr matrix
   5.6015489670793785        4.6078130915144649E-002   5.2192521531290156E-002   1.9005690642660784       0.24938091385515951     
   4.6078130915144649E-002   4.7878288552923554      -0.84102857240309836       0.24938091385515951        1.4368147051367346     
   5.2192521531290156E-002 -0.84102857240309836        4.3171022773512924      -0.43503676548680026      -0.21213963752953391     
   1.1925087317439571       0.14944828717371880      -0.30040070351365827        6.1430941084747150       -1.1329074815912790     
  0.14944828717371880       0.80756431288358255      -0.11599740429971647       -1.1329074815912792        7.1777297821243815     
 -0.30040070351365827      -0.11599740429971647       0.98253042682585567      -0.69610726348276053      -0.44507341963713354     
  0.57901765479501677       0.10599767490598297      -0.15588572622871880        2.3110795611051627      -0.17886788827096475     
  0.10599767490598297       0.56735703086055123      -0.15783130661037820      -0.17886788827096475        2.7620357708719916     
 -0.15588572622871880      -0.15783130661037820       0.69290866820966945      -0.23369804331757169      -0.51820900940536196     
 first few columns of gr matrix
   5.6015489670793785        4.6078130915144649E-002   5.2192521531290156E-002   1.1925087317439571       0.14944828717371880     
   4.6078130915144649E-002   4.7878288552923554      -0.84102857240309836       0.14944828717371880       0.80756431288358255     
   5.2192521531290156E-002 -0.84102857240309836        4.3171022773512924      -0.30040070351365827      -0.11599740429971647     
   1.9005690642660784       0.24938091385515951      -0.43503676548680026        6.1430941084747150       -1.1329074815912792     
  0.24938091385515951        1.4368147051367346      -0.21213963752953391       -1.1329074815912790        7.1777297821243815     
 -0.43503676548680026      -0.21213963752953391        1.5346305139491685      -0.69610726348276097      -0.44507341963713354     
  0.86168656948818534       0.11764802484142620      -0.24318017368048764        1.6608490268176543      -0.10554452680512751     
  0.11764802484142620       0.75183498936900750      -0.15919949841286157      -0.10554452680512751        1.8904697538397295     
 -0.24318017368048764      -0.15919949841286157       0.90813044512907592      -0.23505180848839125      -0.32162541227413105     
  
 about to enter dgetrf
 Just out of dgetrf:                 
  
  **** TRANSLATION/ROTATION FLOWS ****
     U(X-Z) =     1.000     0.000     0.000 A/SEC
  OMGA(X-Z) =     0.000     0.000     0.000 RAD/S

 FTOTH(X-Z) =   -0.12633E+02   -0.44175E-01   -0.20542E+00
 TTOTH(X-Z) =    0.35578E+00    0.16977E+01    0.14266E+01

     U(X-Z) =     0.000     1.000     0.000 A/SEC
  OMGA(X-Z) =     0.000     0.000     0.000 RAD/S

 FTOTH(X-Z) =   -0.44133E-01   -0.12862E+02   -0.36287E+00
 TTOTH(X-Z) =    0.31942E+00    0.61602E+00    0.12917E+01

     U(X-Z) =     0.000     0.000     1.000 A/SEC
  OMGA(X-Z) =     0.000     0.000     0.000 RAD/S

 FTOTH(X-Z) =   -0.20548E+00   -0.36297E+00   -0.12481E+02
 TTOTH(X-Z) =    0.32781E-01   -0.22339E+01   -0.10180E+01

     U(X-Z) =     0.000     0.000     0.000 A/SEC
  OMGA(X-Z) =     1.000     0.000     0.000 RAD/S

 FTOTH(X-Z) =    0.34571E+00    0.31651E+00    0.52352E-01
 TTOTH(X-Z) =   -0.50898E+04    0.39164E+02   -0.33579E+03

     U(X-Z) =     0.000     0.000     0.000 A/SEC
  OMGA(X-Z) =     0.000     1.000     0.000 RAD/S

 FTOTH(X-Z) =    0.16962E+01    0.60742E+00   -0.22352E+01
 TTOTH(X-Z) =    0.38351E+02   -0.52609E+04   -0.52654E+03

     U(X-Z) =     0.000     0.000     0.000 A/SEC
  OMGA(X-Z) =     0.000     0.000     1.000 RAD/S

 FTOTH(X-Z) =    0.13698E+01    0.13023E+01   -0.99260E+00
 TTOTH(X-Z) =   -0.33426E+03   -0.52794E+03   -0.47933E+04

 I,J,Ktt,Ktr,Krt,Krr=    1    1  0.1263E+02 -0.3558E+00 -0.3457E+00  0.5090E+04
 I,J,Ktt,Ktr,Krt,Krr=    1    2  0.4413E-01 -0.3194E+00 -0.1696E+01 -0.3835E+02
 I,J,Ktt,Ktr,Krt,Krr=    1    3  0.2055E+00 -0.3278E-01 -0.1370E+01  0.3343E+03
 I,J,Ktt,Ktr,Krt,Krr=    2    1  0.4417E-01 -0.1698E+01 -0.3165E+00 -0.3916E+02
 I,J,Ktt,Ktr,Krt,Krr=    2    2  0.1286E+02 -0.6160E+00 -0.6074E+00  0.5261E+04
 I,J,Ktt,Ktr,Krt,Krr=    2    3  0.3630E+00  0.2234E+01 -0.1302E+01  0.5279E+03
 I,J,Ktt,Ktr,Krt,Krr=    3    1  0.2054E+00 -0.1427E+01 -0.5235E-01  0.3358E+03
 I,J,Ktt,Ktr,Krt,Krr=    3    2  0.3629E+00 -0.1292E+01  0.2235E+01  0.5265E+03
 I,J,Ktt,Ktr,Krt,Krr=    3    3  0.1248E+02  0.1018E+01  0.9926E+00  0.4793E+04
  
  Friction Tensors in Center of Resistance
  
  Ktt Tensor (A)
    0.12633E+02    0.44133E-01    0.20548E+00
    0.44175E-01    0.12862E+02    0.36297E+00
    0.20542E+00    0.36287E+00    0.12481E+02
  
  Symmetric Krt Tensor (A^2)
   -0.35074E+00   -0.16969E+01   -0.13982E+01
   -0.31797E+00   -0.61172E+00   -0.12970E+01
   -0.42566E-01    0.22346E+01    0.10053E+01
  
  Krr Tensor (A^3)
    0.50898E+04   -0.38351E+02    0.33426E+03
   -0.39164E+02    0.52609E+04    0.52794E+03
    0.33579E+03    0.52654E+03    0.47933E+04
  
 Raw Dtt tensor (no rot/trans coupling correction)
    0.79181E-01   -0.23511E-03   -0.12968E-02
   -0.23536E-03    0.77813E-01   -0.22591E-02
   -0.12964E-02   -0.22585E-02    0.80210E-01
  
 Raw Drr tensor (no rot/trans coupling correction)
    0.19742E-03    0.28486E-05   -0.14081E-04
    0.28895E-05    0.19224E-03   -0.21376E-04
   -0.14148E-04   -0.21317E-04    0.21196E-03
  
 Raw Dtt tensor, before CD transformation
    0.79181E-01   -0.23514E-03   -0.12958E-02
   -0.23549E-03    0.77813E-01   -0.22515E-02
   -0.12965E-02   -0.22587E-02    0.80216E-01
  
 Program finished at:                
 Elapsed time CPU_TIME:   43.188000000000002     
