 BEST ver.3.90 SFSU/ARAGON
  
 control gtensor value=   1.0000000000000000     
 true area (A^2)=    6580.7650000000003     
 total area (A^2) =    6248.5668813701022     
 centroid coords =   -1.9660388007054703       0.48548247354497381       -4.0136623677248693     
  
 first few rows of gr matrix
   4.3027236719957269       0.44587352431609073       0.31640951176629994        1.9449347188652013       0.10310515461577824     
  0.44587352431609062        6.3796490796125775      -0.24206726804670717       0.10310515461577824        2.3642347651519571     
  0.31640951176629994      -0.24206726804670714        5.8613403636250938       0.22366290791177221        2.2856419835273298E-002
   1.4931170266683522        5.7695198775468692E-002  0.14413426026279602        4.7632733026655263       0.38799705027969511     
   5.7695198775468692E-002   1.7907218199914352       -1.4570455383456409E-002  0.38799705027969511        7.0221911997530118     
  0.14413426026279602       -1.4570455383456409E-002   2.5681943516608099       0.17694501459822543      -0.17264865054860348     
  0.26985941572297245       -3.4787795993415228E-002   1.8147413992775238E-002  0.35530087785359943       -4.4701526833835041E-002
  -3.4787795993415228E-002  0.46636096453116455      -0.10491465078987974       -4.4701526833835041E-002  0.64943264063153483     
   1.8147413992775238E-002 -0.10491465078987974       0.31843362989890217        1.6282886909068393E-002 -0.10864943284079301     
 first few columns of gr matrix
   4.3027236719957269       0.44587352431609062       0.31640951176629994        1.4931170266683522        5.7695198775468692E-002
  0.44587352431609073        6.3796490796125775      -0.24206726804670714        5.7695198775468692E-002   1.7907218199914352     
  0.31640951176629994      -0.24206726804670717        5.8613403636250938       0.14413426026279602       -1.4570455383456409E-002
   1.9449347188652013       0.10310515461577824       0.22366290791177221        4.7632733026655263       0.38799705027969511     
  0.10310515461577824        2.3642347651519571        2.2856419835273298E-002  0.38799705027969511        7.0221911997530118     
  0.22366290791177221        2.2856419835273298E-002   3.2366957694273286       0.17694501459822531      -0.17264865054860437     
  0.31190714901857153       -3.8037910377061036E-002   1.9812984478571116E-002  0.34954915703886513       -4.3704159740673529E-002
  -3.8037910377061036E-002  0.53840426684667853      -0.12228082315556528       -4.3704159740673529E-002  0.64470722394520041     
   1.9812984478571116E-002 -0.12228082315556528       0.37116340626444583        1.4200058646001537E-002  -9.8394238129165951E-002
  
 about to enter dgetrf
 Just out of dgetrf:                 
  
  **** TRANSLATION/ROTATION FLOWS ****
     U(X-Z) =     1.000     0.000     0.000 A/SEC
  OMGA(X-Z) =     0.000     0.000     0.000 RAD/S

 FTOTH(X-Z) =   -0.14961E+02   -0.29852E-01   -0.57499E+00
 TTOTH(X-Z) =    0.19444E+01   -0.27350E+01    0.69068E+01

     U(X-Z) =     0.000     1.000     0.000 A/SEC
  OMGA(X-Z) =     0.000     0.000     0.000 RAD/S

 FTOTH(X-Z) =   -0.29954E-01   -0.15329E+02   -0.24934E+00
 TTOTH(X-Z) =   -0.76517E+00   -0.46333E+00    0.10903E+02

     U(X-Z) =     0.000     0.000     1.000 A/SEC
  OMGA(X-Z) =     0.000     0.000     0.000 RAD/S

 FTOTH(X-Z) =   -0.57496E+00   -0.24935E+00   -0.15500E+02
 TTOTH(X-Z) =   -0.27619E+01   -0.75393E+01   -0.15695E+01

     U(X-Z) =     0.000     0.000     0.000 A/SEC
  OMGA(X-Z) =     1.000     0.000     0.000 RAD/S

 FTOTH(X-Z) =    0.19361E+01   -0.78058E+00   -0.27515E+01
 TTOTH(X-Z) =   -0.84176E+04    0.37538E+03   -0.13043E+04

     U(X-Z) =     0.000     0.000     0.000 A/SEC
  OMGA(X-Z) =     0.000     1.000     0.000 RAD/S

 FTOTH(X-Z) =   -0.27183E+01   -0.48959E+00   -0.75924E+01
 TTOTH(X-Z) =    0.37474E+03   -0.97073E+04   -0.40420E+03

     U(X-Z) =     0.000     0.000     0.000 A/SEC
  OMGA(X-Z) =     0.000     0.000     1.000 RAD/S

 FTOTH(X-Z) =    0.69329E+01    0.10990E+02   -0.15676E+01
 TTOTH(X-Z) =   -0.13055E+04   -0.40456E+03   -0.96996E+04

 I,J,Ktt,Ktr,Krt,Krr=    1    1  0.1496E+02 -0.1944E+01 -0.1936E+01  0.8418E+04
 I,J,Ktt,Ktr,Krt,Krr=    1    2  0.2995E-01  0.7652E+00  0.2718E+01 -0.3747E+03
 I,J,Ktt,Ktr,Krt,Krr=    1    3  0.5750E+00  0.2762E+01 -0.6933E+01  0.1305E+04
 I,J,Ktt,Ktr,Krt,Krr=    2    1  0.2985E-01  0.2735E+01  0.7806E+00 -0.3754E+03
 I,J,Ktt,Ktr,Krt,Krr=    2    2  0.1533E+02  0.4633E+00  0.4896E+00  0.9707E+04
 I,J,Ktt,Ktr,Krt,Krr=    2    3  0.2494E+00  0.7539E+01 -0.1099E+02  0.4046E+03
 I,J,Ktt,Ktr,Krt,Krr=    3    1  0.5750E+00 -0.6907E+01  0.2752E+01  0.1304E+04
 I,J,Ktt,Ktr,Krt,Krr=    3    2  0.2493E+00 -0.1090E+02  0.7592E+01  0.4042E+03
 I,J,Ktt,Ktr,Krt,Krr=    3    3  0.1550E+02  0.1570E+01  0.1568E+01  0.9700E+04
  
  Friction Tensors in Center of Resistance
  
  Ktt Tensor (A)
    0.14961E+02    0.29954E-01    0.57496E+00
    0.29852E-01    0.15329E+02    0.24935E+00
    0.57499E+00    0.24934E+00    0.15500E+02
  
  Symmetric Krt Tensor (A^2)
   -0.19402E+01    0.27267E+01   -0.69199E+01
    0.77288E+00    0.47646E+00   -0.10947E+02
    0.27567E+01    0.75658E+01    0.15685E+01
  
  Krr Tensor (A^3)
    0.84176E+04   -0.37474E+03    0.13055E+04
   -0.37538E+03    0.97073E+04    0.40456E+03
    0.13043E+04    0.40420E+03    0.96996E+04
  
 Raw Dtt tensor (no rot/trans coupling correction)
    0.66938E-01   -0.90435E-04   -0.24816E-02
   -0.89984E-04    0.65252E-01   -0.10464E-02
   -0.24818E-02   -0.10463E-02    0.64626E-01
  
 Raw Drr tensor (no rot/trans coupling correction)
    0.12161E-03    0.53855E-05   -0.16592E-04
    0.53936E-05    0.10343E-03   -0.50400E-05
   -0.16578E-04   -0.50345E-05    0.10554E-03
  
 Raw Dtt tensor, before CD transformation
    0.66938E-01   -0.90510E-04   -0.24769E-02
   -0.89843E-04    0.65252E-01   -0.10501E-02
   -0.24849E-02   -0.10477E-02    0.64709E-01
  
 Program finished at:                
 Elapsed time CPU_TIME:   135.36399999999998     
