MSMS 2.6.1 started on zukomputer
Copyright M.F. Sanner (1994)
Compilation flags -O2 -DVERBOSE -DTIMING
Atom 1 ignored, radius = 0.000000
INPUT  best_fst2sob.xyzr 1670 spheres 0 collision only, radii  2.300 to  3.100
PARAM  Probe_radius  1.500 density  1.000 hdensity  3.000
REDUCED SURFACE ...
    RS component 0 identified 784 773 771
    0 free edge(s) found in component 0
    RS component  #faces  #edges #free_edges  #vertices   genus
         0        1528     2292          0        695      35.5
    Time Reduced Surface real: 0.05 user: 0.06 sys: 0.00
ANALYTICAL SOLVENT EXCLUDED SURFACE...
    Component   0
        Time Surface real: 0.00 user: 0.00 sys: 0.00
        Time Singularities real: 0.00 user: 0.00 sys: 0.00
    SES comp.  #fac.  #edg. #s_edg. #vert. #s_vert. R_h C_h genus
         0     4600   9216     16    4616       32   0   0    1
ANALYTICAL SURFACE AREA :
    Comp. probe_radius,   reent,    toric,   contact    SES       SAS
      0       1.500     860.933  2516.321  3203.510  6580.765  7996.420
TRIANGULATION...
    Component 0
WARNING: geodesic which intersects odd number of edges
WARNING: geodesic which intersects odd number of edges
    component#, vertices,  edges,  faces, genus, density
        0           8144   24432   16288    1     1.238
        Time Triangulation real: 0.04 user: 0.03 sys: 0.00
NUMERICAL VOLUMES AND AREA
    Comp. probe_radius SES_volume SES_area)
       0      1.50    21361.738   6428.414
    Total ses_volume: 21361.738
MSMS terminated normally
Total Time real: 0.13 user: 0.11 sys: 0.01
