 BEST ver.3.90 SFSU/ARAGON
  
 control gtensor value=   1.0000000000000000     
 true area (A^2)=    9517.4689999999991     
 total area (A^2) =    8920.7686282785780     
 centroid coords =    37.170115027110867        14.770516653756806       -13.675664471985542     
  
 first few rows of gr matrix
   7.3231642922195981      -0.35657243776414005       0.39364474422118478        2.1655381788604466      -0.23828517989404213     
 -0.35657243776414005        6.2683713884516514        1.1468694656923195      -0.23828517989404213        2.4642754580791224     
  0.39364474422118467        1.1468694656923186        6.1226065422429325      -0.13539729540062581       0.66829901189871888     
   2.0257029321571940      -0.37598152226514642      -0.28587732023343881        7.3660995288378990      -0.67272797333345691     
 -0.37598152226514642        2.2280745031648372       0.58042433417565475      -0.67272797333345680        5.9766606295780349     
 -0.28587732023343881       0.58042433417565475        2.1760893043090155        3.9094662050221496E-002   1.1118413968307657     
  0.92291756091000021       -1.0406601076573216E-002   1.0345681797556691E-003   2.0110648096792687        2.1309471783056207E-002
  -1.0406601076573216E-002   1.1260962509273185       0.37792572314060102        2.1309471783056207E-002   1.7315016621967132     
   1.0345681797556691E-003  0.37792572314060102        1.4743351507248437       0.37737828363732429       0.33883044693206477     
 first few columns of gr matrix
   7.3231642922195981      -0.35657243776414005       0.39364474422118467        2.0257029321571940      -0.37598152226514642     
 -0.35657243776414005        6.2683713884516514        1.1468694656923186      -0.37598152226514642        2.2280745031648372     
  0.39364474422118478        1.1468694656923195        6.1226065422429325      -0.28587732023343881       0.58042433417565475     
   2.1655381788604466      -0.23828517989404213      -0.13539729540062581        7.3660995288378990      -0.67272797333345680     
 -0.23828517989404213        2.4642754580791224       0.66829901189871888      -0.67272797333345691        5.9766606295780349     
 -0.13539729540062581       0.66829901189871888        2.4363987144643287        3.9094662050221385E-002   1.1118413968307648     
   2.3175833673172099        5.9716748285242753E-002  0.17561292267071091        4.4203946029711378        3.2415543145819160E-002
   5.9716748285242753E-002   2.6683545879400263       0.84186870253445778        3.2415543145819160E-002   3.6197943429624533     
  0.17561292267071091       0.84186870253445778        3.3611068069225616       0.78301690287027792       0.67545870881268943     
  
 about to enter dgetrf
 Just out of dgetrf:                 
  
  **** TRANSLATION/ROTATION FLOWS ****
     U(X-Z) =     1.000     0.000     0.000 A/SEC
  OMGA(X-Z) =     0.000     0.000     0.000 RAD/S

 FTOTH(X-Z) =   -0.17795E+02   -0.40719E-01   -0.41561E+00
 TTOTH(X-Z) =   -0.18469E+01   -0.17396E+01   -0.52250E+00

     U(X-Z) =     0.000     1.000     0.000 A/SEC
  OMGA(X-Z) =     0.000     0.000     0.000 RAD/S

 FTOTH(X-Z) =   -0.40768E-01   -0.18144E+02    0.17395E-01
 TTOTH(X-Z) =    0.35056E+01    0.17506E+01    0.52088E+01

     U(X-Z) =     0.000     0.000     1.000 A/SEC
  OMGA(X-Z) =     0.000     0.000     0.000 RAD/S

 FTOTH(X-Z) =   -0.41588E+00    0.17578E-01   -0.18116E+02
 TTOTH(X-Z) =   -0.52559E-01   -0.19432E+01    0.15948E+00

     U(X-Z) =     0.000     0.000     0.000 A/SEC
  OMGA(X-Z) =     1.000     0.000     0.000 RAD/S

 FTOTH(X-Z) =   -0.19182E+01    0.34045E+01   -0.84641E-01
 TTOTH(X-Z) =   -0.13672E+05   -0.43427E+02   -0.99074E+03

     U(X-Z) =     0.000     0.000     0.000 A/SEC
  OMGA(X-Z) =     0.000     1.000     0.000 RAD/S

 FTOTH(X-Z) =   -0.16041E+01    0.17559E+01   -0.19187E+01
 TTOTH(X-Z) =   -0.40520E+02   -0.14882E+05   -0.28017E+02

     U(X-Z) =     0.000     0.000     0.000 A/SEC
  OMGA(X-Z) =     0.000     0.000     1.000 RAD/S

 FTOTH(X-Z) =   -0.46593E+00    0.51757E+01    0.14593E+00
 TTOTH(X-Z) =   -0.98524E+03   -0.28073E+02   -0.14338E+05

 I,J,Ktt,Ktr,Krt,Krr=    1    1  0.1779E+02  0.1847E+01  0.1918E+01  0.1367E+05
 I,J,Ktt,Ktr,Krt,Krr=    1    2  0.4077E-01 -0.3506E+01  0.1604E+01  0.4052E+02
 I,J,Ktt,Ktr,Krt,Krr=    1    3  0.4159E+00  0.5256E-01  0.4659E+00  0.9852E+03
 I,J,Ktt,Ktr,Krt,Krr=    2    1  0.4072E-01  0.1740E+01 -0.3405E+01  0.4343E+02
 I,J,Ktt,Ktr,Krt,Krr=    2    2  0.1814E+02 -0.1751E+01 -0.1756E+01  0.1488E+05
 I,J,Ktt,Ktr,Krt,Krr=    2    3 -0.1758E-01  0.1943E+01 -0.5176E+01  0.2807E+02
 I,J,Ktt,Ktr,Krt,Krr=    3    1  0.4156E+00  0.5225E+00  0.8464E-01  0.9907E+03
 I,J,Ktt,Ktr,Krt,Krr=    3    2 -0.1740E-01 -0.5209E+01  0.1919E+01  0.2802E+02
 I,J,Ktt,Ktr,Krt,Krr=    3    3  0.1812E+02 -0.1595E+00 -0.1459E+00  0.1434E+05
  
  Friction Tensors in Center of Resistance
  
  Ktt Tensor (A)
    0.17795E+02    0.40768E-01    0.41588E+00
    0.40719E-01    0.18144E+02   -0.17578E-01
    0.41561E+00   -0.17395E-01    0.18116E+02
  
  Symmetric Krt Tensor (A^2)
    0.18826E+01    0.16718E+01    0.49422E+00
   -0.34551E+01   -0.17532E+01   -0.51922E+01
    0.68600E-01    0.19310E+01   -0.15271E+00
  
  Krr Tensor (A^3)
    0.13672E+05    0.40520E+02    0.98524E+03
    0.43427E+02    0.14882E+05    0.28073E+02
    0.99074E+03    0.28017E+02    0.14338E+05
  
 Raw Dtt tensor (no rot/trans coupling correction)
    0.56227E-01   -0.12758E-03   -0.12909E-02
   -0.12744E-03    0.55116E-01    0.56405E-04
   -0.12901E-02    0.55851E-04    0.55230E-01
  
 Raw Drr tensor (no rot/trans coupling correction)
    0.73508E-04   -0.19064E-06   -0.50507E-05
   -0.20492E-06    0.67197E-04   -0.11749E-06
   -0.50789E-05   -0.11813E-06    0.70093E-04
  
 Raw Dtt tensor, before CD transformation
    0.56227E-01   -0.12758E-03   -0.12871E-02
   -0.12748E-03    0.55116E-01    0.58385E-04
   -0.12902E-02    0.55856E-04    0.55235E-01
  
 Program finished at:                
 Elapsed time CPU_TIME:   62.376000000000005     
