MSMS 2.6.1 started on zukomputer
Copyright M.F. Sanner (1994)
Compilation flags -O2 -DVERBOSE -DTIMING
Atom 1 ignored, radius = 0.000000
INPUT  best_dim4gpd.xyzr 10028 spheres 0 collision only, radii  2.500 to  3.100
PARAM  Probe_radius  1.500 density  1.000 hdensity  3.000
REDUCED SURFACE ...
    RS component 0 identified 6846 6845 6257
    0 free edge(s) found in component 0
    RS component  #faces  #edges #free_edges  #vertices   genus
         0        5576     8364          0       2653      68.5
    Time Reduced Surface real: 0.21 user: 0.21 sys: 0.00
ANALYTICAL SOLVENT EXCLUDED SURFACE...
    Component   0
        Time Surface real: 0.02 user: 0.01 sys: 0.00
ordonne_aretes: No cycle in face 8110 (nba=-2)
ordonne_aretes: No cycle in face 9040 (nba=-3)
 2 faces with problems
radius of atom 1422 goes from 3.100000 to 3.200000
radius of atom 1424 goes from 2.500000 to 2.600000
radius of atom 1425 goes from 3.100000 to 3.200000
radius of atom 1528 goes from 3.100000 to 3.200000
radius of atom 1706 goes from 2.900000 to 3.000000
Failed to compute level 0 surface, try again 2
REDUCED SURFACE ...
    RS component 0 identified 6846 6845 6257
    0 free edge(s) found in component 0
    RS component  #faces  #edges #free_edges  #vertices   genus
         0        5574     8361          0       2653      68
    Time Reduced Surface real: 0.24 user: 0.24 sys: 0.00
    Component   0
        Time Surface real: 0.02 user: 0.01 sys: 0.00
        Time Singularities real: 0.01 user: 0.01 sys: 0.00
    SES comp.  #fac.  #edg. #s_edg. #vert. #s_vert. R_h C_h genus
         0    16869  33873    167   17004      274   0   0    1
ANALYTICAL SURFACE AREA :
    Comp. probe_radius,   reent,    toric,   contact    SES       SAS
      0       1.500    5685.726 14240.726 17694.135 37620.586 40674.906
TRIANGULATION...
    Component 0
WARNING: geodesic which intersects odd number of edges
WARNING: geodesic which intersects odd number of edges
    component#, vertices,  edges,  faces, genus, density
        0          38662  115986   77324    1     1.028
        Time Triangulation real: 0.17 user: 0.17 sys: 0.00
NUMERICAL VOLUMES AND AREA
    Comp. probe_radius SES_volume SES_area)
       0      1.50    227155.453  36740.910
    Total ses_volume: 227155.453
MSMS terminated normally
Total Time real: 0.93 user: 0.86 sys: 0.01
