 BEST ver.3.90 SFSU/ARAGON
  
 control gtensor value=   1.0000000000000000     
 true area (A^2)=    4042.9910000000000     
 total area (A^2) =    3873.4459827437918     
 centroid coords =    1.5088308004052660       -1.2368042046605865       -2.8879027355623057     
  
 first few rows of gr matrix
   5.2370412848538699       0.42733518618425625      -0.47746786397957386        1.3013767448110061       0.33381909384143083     
  0.42733518618425603        4.8266982738658033       0.69623024659866206       0.33381909384143083        1.1420807748842421     
 -0.47746786397957353       0.69623024659866184        4.3493138914102172        8.3891197686859861E-002  0.10963148477444862     
   1.3365965059230829       0.34848101305031293       0.11365054150246504        5.8518817981018740        2.0294269752582056E-002
  0.34848101305031293        1.1013348816164954       0.10829752428213872        2.0294269752582278E-002   4.5490739730783378     
  0.11365054150246504       0.10829752428213872       0.89194746280905335      -0.18198231621999494       0.85313122987480128     
  0.69477488919446018       0.17682255471030492       0.10585012722798418        1.7936979731442457       -2.1674082479632734E-002
  0.17682255471030492       0.90005475436832039       0.20970664537107697       -2.1674082479632734E-002   2.0242729747838966     
  0.10585012722798418       0.20970664537107697       0.72142232124198180       -7.1943526101907448E-002  0.54805403464349334     
 first few columns of gr matrix
   5.2370412848538699       0.42733518618425603      -0.47746786397957353        1.3365965059230829       0.34848101305031293     
  0.42733518618425625        4.8266982738658033       0.69623024659866184       0.34848101305031293        1.1013348816164954     
 -0.47746786397957386       0.69623024659866206        4.3493138914102172       0.11365054150246504       0.10829752428213872     
   1.3013767448110061       0.33381909384143083        8.3891197686859861E-002   5.8518817981018740        2.0294269752582278E-002
  0.33381909384143083        1.1420807748842421       0.10963148477444862        2.0294269752582056E-002   4.5490739730783378     
   8.3891197686859861E-002  0.10963148477444862       0.88400505487566772      -0.18198231621999492       0.85313122987480106     
  0.70665933870465281       0.19322974312513258       0.10332864411027232        1.4569552589342163       -1.2342002001229398E-002
  0.19322974312513258       0.79576154736863203       0.15143575818382962       -1.2342002001229398E-002   1.6297803447218380     
  0.10332864411027232       0.15143575818382962       0.61765347308244323       -4.1023559612703701E-002  0.45576107784347208     
  
 about to enter dgetrf
 Just out of dgetrf:                 
  
  **** TRANSLATION/ROTATION FLOWS ****
     U(X-Z) =     1.000     0.000     0.000 A/SEC
  OMGA(X-Z) =     0.000     0.000     0.000 RAD/S

 FTOTH(X-Z) =   -0.12320E+02    0.60923E-01    0.23730E+00
 TTOTH(X-Z) =   -0.93332E+00   -0.20080E+01    0.14202E+00

     U(X-Z) =     0.000     1.000     0.000 A/SEC
  OMGA(X-Z) =     0.000     0.000     0.000 RAD/S

 FTOTH(X-Z) =    0.60837E-01   -0.12252E+02   -0.22717E-02
 TTOTH(X-Z) =    0.19880E+01    0.14217E+01   -0.11837E+01

     U(X-Z) =     0.000     0.000     1.000 A/SEC
  OMGA(X-Z) =     0.000     0.000     0.000 RAD/S

 FTOTH(X-Z) =    0.23726E+00   -0.23214E-02   -0.12416E+02
 TTOTH(X-Z) =   -0.10653E+01    0.30549E+01   -0.51953E+00

     U(X-Z) =     0.000     0.000     0.000 A/SEC
  OMGA(X-Z) =     1.000     0.000     0.000 RAD/S

 FTOTH(X-Z) =   -0.93847E+00    0.19990E+01   -0.10774E+01
 TTOTH(X-Z) =   -0.45925E+04    0.95696E+02    0.30829E+03

     U(X-Z) =     0.000     0.000     0.000 A/SEC
  OMGA(X-Z) =     0.000     1.000     0.000 RAD/S

 FTOTH(X-Z) =   -0.19941E+01    0.14167E+01    0.30129E+01
 TTOTH(X-Z) =    0.95586E+02   -0.45247E+04   -0.73166E+02

     U(X-Z) =     0.000     0.000     0.000 A/SEC
  OMGA(X-Z) =     0.000     0.000     1.000 RAD/S

 FTOTH(X-Z) =    0.17385E+00   -0.11699E+01   -0.49864E+00
 TTOTH(X-Z) =    0.30773E+03   -0.73566E+02   -0.47046E+04

 I,J,Ktt,Ktr,Krt,Krr=    1    1  0.1232E+02  0.9333E+00  0.9385E+00  0.4592E+04
 I,J,Ktt,Ktr,Krt,Krr=    1    2 -0.6084E-01 -0.1988E+01  0.1994E+01 -0.9559E+02
 I,J,Ktt,Ktr,Krt,Krr=    1    3 -0.2373E+00  0.1065E+01 -0.1739E+00 -0.3077E+03
 I,J,Ktt,Ktr,Krt,Krr=    2    1 -0.6092E-01  0.2008E+01 -0.1999E+01 -0.9570E+02
 I,J,Ktt,Ktr,Krt,Krr=    2    2  0.1225E+02 -0.1422E+01 -0.1417E+01  0.4525E+04
 I,J,Ktt,Ktr,Krt,Krr=    2    3  0.2321E-02 -0.3055E+01  0.1170E+01  0.7357E+02
 I,J,Ktt,Ktr,Krt,Krr=    3    1 -0.2373E+00 -0.1420E+00  0.1077E+01 -0.3083E+03
 I,J,Ktt,Ktr,Krt,Krr=    3    2  0.2272E-02  0.1184E+01 -0.3013E+01  0.7317E+02
 I,J,Ktt,Ktr,Krt,Krr=    3    3  0.1242E+02  0.5195E+00  0.4986E+00  0.4705E+04
  
  Friction Tensors in Center of Resistance
  
  Ktt Tensor (A)
    0.12320E+02   -0.60837E-01   -0.23726E+00
   -0.60923E-01    0.12252E+02    0.23214E-02
   -0.23730E+00    0.22717E-02    0.12416E+02
  
  Symmetric Krt Tensor (A^2)
    0.93589E+00    0.20011E+01   -0.15794E+00
   -0.19935E+01   -0.14192E+01    0.11768E+01
    0.10713E+01   -0.30339E+01    0.50908E+00
  
  Krr Tensor (A^3)
    0.45925E+04   -0.95586E+02   -0.30773E+03
   -0.95696E+02    0.45247E+04    0.73566E+02
   -0.30829E+03    0.73166E+02    0.47046E+04
  
 Raw Dtt tensor (no rot/trans coupling correction)
    0.81203E-01    0.40293E-03    0.15517E-02
    0.40350E-03    0.81624E-01   -0.75511E-05
    0.15520E-02   -0.72334E-05    0.80574E-01
  
 Raw Drr tensor (no rot/trans coupling correction)
    0.21879E-03    0.43918E-05    0.14243E-04
    0.43955E-05    0.22116E-03   -0.31707E-05
    0.14269E-04   -0.31516E-05    0.21354E-03
  
 Raw Dtt tensor, before CD transformation
    0.81203E-01    0.40293E-03    0.15489E-02
    0.40341E-03    0.81624E-01   -0.12315E-04
    0.15520E-02   -0.72336E-05    0.80576E-01
  
 Program finished at:                
 Elapsed time CPU_TIME:   131.24000000000001     
