 BEST ver.3.90 SFSU/ARAGON
  
 control gtensor value=   1.0000000000000000     
 true area (A^2)=    4042.9910000000000     
 total area (A^2) =    3842.5796065809095     
 centroid coords =    1.7938729535036031       -1.2493451211525861       -2.6937205304518645     
  
 first few rows of gr matrix
   5.2580330639075461       0.42904808576291487      -0.47938171177276878        2.0418325513365363       0.44143453654638060     
  0.42904808576291453        4.8460452635519040       0.69902096576853956       0.44143453654638060        1.4763017384599026     
 -0.47938171177276889       0.69902096576854000        4.3667473679244502       0.17780302764115791       0.12502812005186703     
  0.96253338847776726       0.22556539058846115       0.12730341365336462        8.3852193299638760      -0.37316641509006632     
  0.22556539058846115       0.71588780072057767        8.1908605418885172E-002 -0.37316641509006598        6.9086672731492476     
  0.12730341365336462        8.1908605418885172E-002  0.63194305765462910       0.23830138373494159        1.3012183369098262     
  0.56612861200219311       0.14709219343842866       0.11809347414413847        3.0165518754498657       0.13878502893648956     
  0.14709219343842866       0.51294875357734782       0.10195694750678304       0.13878502893648956        3.0964556536120305     
  0.11809347414413847       0.10195694750678304       0.47360262198009517       0.31152726479600928       0.82906597479507260     
 first few columns of gr matrix
   5.2580330639075461       0.42904808576291453      -0.47938171177276889       0.96253338847776726       0.22556539058846115     
  0.42904808576291487        4.8460452635519040       0.69902096576854000       0.22556539058846115       0.71588780072057767     
 -0.47938171177276878       0.69902096576853956        4.3667473679244502       0.12730341365336462        8.1908605418885172E-002
   2.0418325513365363       0.44143453654638060       0.17780302764115791        8.3852193299638760      -0.37316641509006598     
  0.44143453654638060        1.4763017384599026       0.12502812005186703      -0.37316641509006632        6.9086672731492476     
  0.17780302764115791       0.12502812005186703        1.2638389423590002       0.23830138373494125        1.3012183369098262     
  0.72624209315633526       0.17377187043846790       0.12861608831532526        1.6612651965529821       0.15185258824849079     
  0.17377187043846790       0.59957569511650355        9.7831611343022193E-002  0.15185258824849079        1.6136922428352170     
  0.12861608831532526        9.7831611343022193E-002  0.53791168118005595       0.25507955584431435       0.41300337653710451     
  
 about to enter dgetrf
 Just out of dgetrf:                 
  
  **** TRANSLATION/ROTATION FLOWS ****
     U(X-Z) =     1.000     0.000     0.000 A/SEC
  OMGA(X-Z) =     0.000     0.000     0.000 RAD/S

 FTOTH(X-Z) =   -0.12287E+02    0.61312E-01    0.23409E+00
 TTOTH(X-Z) =   -0.93712E+00    0.11136E+00    0.40776E+00

     U(X-Z) =     0.000     1.000     0.000 A/SEC
  OMGA(X-Z) =     0.000     0.000     0.000 RAD/S

 FTOTH(X-Z) =    0.61396E-01   -0.12220E+02   -0.16660E-02
 TTOTH(X-Z) =   -0.85298E-01    0.14390E+01    0.22685E+01

     U(X-Z) =     0.000     0.000     1.000 A/SEC
  OMGA(X-Z) =     0.000     0.000     0.000 RAD/S

 FTOTH(X-Z) =    0.23416E+00   -0.16720E-02   -0.12385E+02
 TTOTH(X-Z) =   -0.12850E+01   -0.43649E+00   -0.50659E+00

     U(X-Z) =     0.000     0.000     0.000 A/SEC
  OMGA(X-Z) =     1.000     0.000     0.000 RAD/S

 FTOTH(X-Z) =   -0.94017E+00   -0.68031E-01   -0.12921E+01
 TTOTH(X-Z) =   -0.45595E+04    0.97041E+02    0.30359E+03

     U(X-Z) =     0.000     0.000     0.000 A/SEC
  OMGA(X-Z) =     0.000     1.000     0.000 RAD/S

 FTOTH(X-Z) =    0.99713E-01    0.14449E+01   -0.46244E+00
 TTOTH(X-Z) =    0.97147E+02   -0.44872E+04   -0.71982E+02

     U(X-Z) =     0.000     0.000     0.000 A/SEC
  OMGA(X-Z) =     0.000     0.000     1.000 RAD/S

 FTOTH(X-Z) =    0.40720E+00    0.22731E+01   -0.52627E+00
 TTOTH(X-Z) =    0.30243E+03   -0.72844E+02   -0.46734E+04

 I,J,Ktt,Ktr,Krt,Krr=    1    1  0.1229E+02  0.9371E+00  0.9402E+00  0.4559E+04
 I,J,Ktt,Ktr,Krt,Krr=    1    2 -0.6140E-01  0.8530E-01 -0.9971E-01 -0.9715E+02
 I,J,Ktt,Ktr,Krt,Krr=    1    3 -0.2342E+00  0.1285E+01 -0.4072E+00 -0.3024E+03
 I,J,Ktt,Ktr,Krt,Krr=    2    1 -0.6131E-01 -0.1114E+00  0.6803E-01 -0.9704E+02
 I,J,Ktt,Ktr,Krt,Krr=    2    2  0.1222E+02 -0.1439E+01 -0.1445E+01  0.4487E+04
 I,J,Ktt,Ktr,Krt,Krr=    2    3  0.1672E-02  0.4365E+00 -0.2273E+01  0.7284E+02
 I,J,Ktt,Ktr,Krt,Krr=    3    1 -0.2341E+00 -0.4078E+00  0.1292E+01 -0.3036E+03
 I,J,Ktt,Ktr,Krt,Krr=    3    2  0.1666E-02 -0.2268E+01  0.4624E+00  0.7198E+02
 I,J,Ktt,Ktr,Krt,Krr=    3    3  0.1239E+02  0.5066E+00  0.5263E+00  0.4673E+04
  
  Friction Tensors in Center of Resistance
  
  Ktt Tensor (A)
    0.12287E+02   -0.61396E-01   -0.23416E+00
   -0.61312E-01    0.12220E+02    0.16720E-02
   -0.23409E+00    0.16660E-02    0.12385E+02
  
  Symmetric Krt Tensor (A^2)
    0.93865E+00   -0.10553E+00   -0.40748E+00
    0.76664E-01   -0.14419E+01   -0.22708E+01
    0.12886E+01    0.44947E+00    0.51643E+00
  
  Krr Tensor (A^3)
    0.45595E+04   -0.97147E+02   -0.30243E+03
   -0.97041E+02    0.44872E+04    0.72844E+02
   -0.30359E+03    0.71982E+02    0.46734E+04
  
 Raw Dtt tensor (no rot/trans coupling correction)
    0.81415E-01    0.40885E-03    0.15392E-02
    0.40829E-03    0.81836E-01   -0.33288E-05
    0.15388E-02   -0.32810E-05    0.80772E-01
  
 Raw Drr tensor (no rot/trans coupling correction)
    0.22036E-03    0.45433E-05    0.14190E-04
    0.45344E-05    0.22301E-03   -0.31825E-05
    0.14245E-04   -0.31397E-05    0.21495E-03
  
 Raw Dtt tensor, before CD transformation
    0.81415E-01    0.40885E-03    0.15395E-02
    0.40839E-03    0.81836E-01    0.19307E-05
    0.15389E-02   -0.32814E-05    0.80780E-01
  
 Program finished at:                
 Elapsed time CPU_TIME:   33.059999999999995     
