MSMS 2.6.1 started on zukomputer
Copyright M.F. Sanner (1994)
Compilation flags -O2 -DVERBOSE -DTIMING
Atom 1 ignored, radius = 0.000000
INPUT  best_1ova.xyzr 3023 spheres 0 collision only, radii  2.500 to  3.100
PARAM  Probe_radius  1.500 density  1.000 hdensity  3.000
REDUCED SURFACE ...
    RS component 0 identified 1077 1076 1075
    0 free edge(s) found in component 0
    RS component  #faces  #edges #free_edges  #vertices   genus
         0        1832     2748          0        882      18
    Time Reduced Surface real: 0.10 user: 0.10 sys: 0.00
ANALYTICAL SOLVENT EXCLUDED SURFACE...
    Component   0
        Time Surface real: 0.00 user: 0.01 sys: 0.00
        Time Singularities real: 0.00 user: 0.00 sys: 0.00
    SES comp.  #fac.  #edg. #s_edg. #vert. #s_vert. R_h C_h genus
         0     5513  11037     15    5526       30   0   0    0
ANALYTICAL SURFACE AREA :
    Comp. probe_radius,   reent,    toric,   contact    SES       SAS
      0       1.500    1781.211  5027.728  6425.903 13234.841 14907.434
TRIANGULATION...
    Component 0
    component#, vertices,  edges,  faces, genus, density
        0          13048   39138   26092    0     0.986
        Time Triangulation real: 0.06 user: 0.05 sys: 0.00
NUMERICAL VOLUMES AND AREA
    Comp. probe_radius SES_volume SES_area)
       0      1.50    70753.086  12927.892
    Total ses_volume: 70753.086
MSMS terminated normally
Total Time real: 0.29 user: 0.26 sys: 0.00
