 BEST ver.3.90 SFSU/ARAGON
  
 control gtensor value=   1.0000000000000000     
 true area (A^2)=    13081.817999999999     
 total area (A^2) =    12211.852363723772     
 centroid coords =   -8.7804911442786100        8.3750211940298467        6.0227116417910365     
  
 first few rows of gr matrix
   7.9073351566324028       0.35695417706962218      -0.73454800732734671        1.6529241235586649        1.1966135243385715E-002
  0.35695417706962174        7.7037340879741860        1.2606965121662626        1.1966135243385715E-002   1.8753791449787729     
 -0.73454800732734626        1.2606965121662626        6.7332964721511068       -7.9654365956925238E-002  0.53966287025136805     
   2.2748374864013545       0.11033420457367975        5.6936729434230941E-002   5.5188901162918889        1.0868165609232823     
  0.11033420457367975        2.7146335894643872       0.75166386720628098        1.0868165609232823        5.4996116916313422     
   5.6936729434230941E-002  0.75166386720628098        3.4178817142053877       0.37592845467393737       -4.9665750435440137E-002
  0.57629644144747705       -1.5233317698339372E-002   7.9428438941461371E-002  0.48613875532238349       -2.7133201496799216E-002
  -1.5233317698339372E-002  0.58092730797998904       -8.7481265737421557E-002  -2.7133201496799216E-002  0.56785094928603908     
   7.9428438941461371E-002  -8.7481265737421557E-002   1.0807491177342408        6.6701166268722148E-002 -0.17644600688540990     
 first few columns of gr matrix
   7.9073351566324028       0.35695417706962174      -0.73454800732734626        2.2748374864013545       0.11033420457367975     
  0.35695417706962218        7.7037340879741860        1.2606965121662626       0.11033420457367975        2.7146335894643872     
 -0.73454800732734671        1.2606965121662626        6.7332964721511068        5.6936729434230941E-002  0.75166386720628098     
   1.6529241235586649        1.1966135243385715E-002  -7.9654365956925238E-002   5.5188901162918889        1.0868165609232823     
   1.1966135243385715E-002   1.8753791449787729       0.53966287025136805        1.0868165609232823        5.4996116916313422     
  -7.9654365956925238E-002  0.53966287025136805        2.2571058808456836       0.37592845467393715       -4.9665750435440581E-002
   1.3340980286421105       -1.7047638744756042E-002  0.13444940781897655        1.5569647780105003       -4.0653419866335826E-002
  -1.7047638744756042E-002   1.3558071582376823      -0.24941530380242680       -4.0653419866335826E-002   1.7819218854588894     
  0.13444940781897655      -0.24941530380242680        2.4245645605535824       0.12794600203452344      -0.53766773767560272     
  
 about to enter dgetrf
 Just out of dgetrf:                 
  
  **** TRANSLATION/ROTATION FLOWS ****
     U(X-Z) =     1.000     0.000     0.000 A/SEC
  OMGA(X-Z) =     0.000     0.000     0.000 RAD/S

 FTOTH(X-Z) =   -0.21337E+02   -0.25651E+00    0.55410E+00
 TTOTH(X-Z) =   -0.49785E+00   -0.41475E+00   -0.56609E+01

     U(X-Z) =     0.000     1.000     0.000 A/SEC
  OMGA(X-Z) =     0.000     0.000     0.000 RAD/S

 FTOTH(X-Z) =   -0.25645E+00   -0.21307E+02   -0.67218E+00
 TTOTH(X-Z) =   -0.64045E+01    0.63623E+00    0.34580E+01

     U(X-Z) =     0.000     0.000     1.000 A/SEC
  OMGA(X-Z) =     0.000     0.000     0.000 RAD/S

 FTOTH(X-Z) =    0.55421E+00   -0.67236E+00   -0.19726E+02
 TTOTH(X-Z) =   -0.31372E+01   -0.57282E+01   -0.23274E+00

     U(X-Z) =     0.000     0.000     0.000 A/SEC
  OMGA(X-Z) =     1.000     0.000     0.000 RAD/S

 FTOTH(X-Z) =   -0.43064E+00   -0.63637E+01   -0.30859E+01
 TTOTH(X-Z) =   -0.26190E+05   -0.14321E+04    0.28260E+04

     U(X-Z) =     0.000     0.000     0.000 A/SEC
  OMGA(X-Z) =     0.000     1.000     0.000 RAD/S

 FTOTH(X-Z) =   -0.39829E+00    0.64234E+00   -0.56412E+01
 TTOTH(X-Z) =   -0.14344E+04   -0.25982E+05   -0.31842E+04

     U(X-Z) =     0.000     0.000     0.000 A/SEC
  OMGA(X-Z) =     0.000     0.000     1.000 RAD/S

 FTOTH(X-Z) =   -0.57310E+01    0.34489E+01   -0.24684E+00
 TTOTH(X-Z) =    0.28310E+04   -0.31799E+04   -0.18157E+05

 I,J,Ktt,Ktr,Krt,Krr=    1    1  0.2134E+02  0.4979E+00  0.4306E+00  0.2619E+05
 I,J,Ktt,Ktr,Krt,Krr=    1    2  0.2564E+00  0.6404E+01  0.3983E+00  0.1434E+04
 I,J,Ktt,Ktr,Krt,Krr=    1    3 -0.5542E+00  0.3137E+01  0.5731E+01 -0.2831E+04
 I,J,Ktt,Ktr,Krt,Krr=    2    1  0.2565E+00  0.4147E+00  0.6364E+01  0.1432E+04
 I,J,Ktt,Ktr,Krt,Krr=    2    2  0.2131E+02 -0.6362E+00 -0.6423E+00  0.2598E+05
 I,J,Ktt,Ktr,Krt,Krr=    2    3  0.6724E+00  0.5728E+01 -0.3449E+01  0.3180E+04
 I,J,Ktt,Ktr,Krt,Krr=    3    1 -0.5541E+00  0.5661E+01  0.3086E+01 -0.2826E+04
 I,J,Ktt,Ktr,Krt,Krr=    3    2  0.6722E+00 -0.3458E+01  0.5641E+01  0.3184E+04
 I,J,Ktt,Ktr,Krt,Krr=    3    3  0.1973E+02  0.2327E+00  0.2468E+00  0.1816E+05
  
  Friction Tensors in Center of Resistance
  
  Ktt Tensor (A)
    0.21337E+02    0.25645E+00   -0.55421E+00
    0.25651E+00    0.21307E+02    0.67236E+00
   -0.55410E+00    0.67218E+00    0.19726E+02
  
  Symmetric Krt Tensor (A^2)
    0.46425E+00    0.40652E+00    0.56960E+01
    0.63841E+01   -0.63928E+00   -0.34535E+01
    0.31115E+01    0.56847E+01    0.23979E+00
  
  Krr Tensor (A^3)
    0.26190E+05    0.14344E+04   -0.28310E+04
    0.14321E+04    0.25982E+05    0.31799E+04
   -0.28260E+04    0.31842E+04    0.18157E+05
  
 Raw Dtt tensor (no rot/trans coupling correction)
    0.46909E-01   -0.60682E-03    0.13386E-02
   -0.60695E-03    0.46992E-01   -0.16187E-02
    0.13383E-02   -0.16183E-02    0.50786E-01
  
 Raw Drr tensor (no rot/trans coupling correction)
    0.39058E-04   -0.29662E-05    0.66091E-05
   -0.29603E-05    0.39557E-04   -0.73892E-05
    0.65981E-05   -0.73986E-05    0.57399E-04
  
 Raw Dtt tensor, before CD transformation
    0.46909E-01   -0.60677E-03    0.13371E-02
   -0.60691E-03    0.46992E-01   -0.16173E-02
    0.13384E-02   -0.16184E-02    0.50791E-01
  
 Program finished at:                
 Elapsed time CPU_TIME:   124.01200000000000     
