 BEST ver.3.90 SFSU/ARAGON
  
 control gtensor value=   1.0000000000000000     
 true area (A^2)=    4031.9220000000000     
 total area (A^2) =    3850.8353169236980     
 centroid coords =  -0.18330075821398750      -0.28275582701488450      -0.67138682954226159     
  
 first few rows of gr matrix
   4.3531951829826623       0.29252793795475429       0.60863745039404882       0.58614346514577120        8.2773912879407774E-003
  0.29252793795475429        6.2023095941498791      -0.20153990648660544        8.2773912879407774E-003  0.41594781707453199     
  0.60863745039404904      -0.20153990648660519        5.6929651000381938      -0.20070033636069878       -9.7196251017075703E-003
  0.32335625824870140        1.1088948458432210E-002 -0.11129260681426600        8.1741446223379874       0.64253249269544299     
   1.1088948458432210E-002  0.23246851858942705       -1.3451255125201452E-002  0.64253249269544299        7.9379865182940126     
 -0.11129260681426600       -1.3451255125201452E-002  0.36179331916232838       0.96754499341237832       -1.0581598062866839     
  0.26171294374998694        2.8613279357196087E-002  -7.2661654651317145E-002   1.5465942657918266      -0.45440275819055198     
   2.8613279357196087E-002  0.25891367156573797       -6.7649713157263244E-002 -0.45440275819055198        1.4812654897865158     
  -7.2661654651317145E-002  -6.7649713157263244E-002  0.40264757015415925       0.15422822650773890      -0.14699811841499436     
 first few columns of gr matrix
   4.3531951829826623       0.29252793795475429       0.60863745039404904       0.32335625824870140        1.1088948458432210E-002
  0.29252793795475429        6.2023095941498791      -0.20153990648660519        1.1088948458432210E-002  0.23246851858942705     
  0.60863745039404882      -0.20153990648660544        5.6929651000381938      -0.11129260681426600       -1.3451255125201452E-002
  0.58614346514577120        8.2773912879407774E-003 -0.20070033636069878        8.1741446223379874       0.64253249269544299     
   8.2773912879407774E-003  0.41594781707453199       -9.7196251017075703E-003  0.64253249269544299        7.9379865182940126     
 -0.20070033636069878       -9.7196251017075703E-003  0.65422128507016131       0.96754499341237854       -1.0581598062866839     
  0.27416984158633834        2.5150568352513093E-002  -7.8835718464008719E-002  0.95237731062661080      -0.28479957738541556     
   2.5150568352513093E-002  0.25921306172836761       -5.9883247918491735E-002 -0.28479957738541556       0.94868377313822916     
  -7.8835718464008719E-002  -5.9883247918491735E-002  0.42345139674321869       0.12644141012470669      -0.13510406959082255     
  
 about to enter dgetrf
 Just out of dgetrf:                 
  
  **** TRANSLATION/ROTATION FLOWS ****
     U(X-Z) =     1.000     0.000     0.000 A/SEC
  OMGA(X-Z) =     0.000     0.000     0.000 RAD/S

 FTOTH(X-Z) =   -0.12062E+02    0.11441E-01    0.82732E-01
 TTOTH(X-Z) =    0.62346E+00   -0.12322E+01   -0.52997E+00

     U(X-Z) =     0.000     1.000     0.000 A/SEC
  OMGA(X-Z) =     0.000     0.000     0.000 RAD/S

 FTOTH(X-Z) =    0.11468E-01   -0.12194E+02    0.19197E+00
 TTOTH(X-Z) =    0.18376E+01   -0.65002E+00    0.11964E+01

     U(X-Z) =     0.000     0.000     1.000 A/SEC
  OMGA(X-Z) =     0.000     0.000     0.000 RAD/S

 FTOTH(X-Z) =    0.82698E-01    0.19205E+00   -0.12460E+02
 TTOTH(X-Z) =   -0.48035E+00   -0.17691E+01    0.15749E-01

     U(X-Z) =     0.000     0.000     0.000 A/SEC
  OMGA(X-Z) =     1.000     0.000     0.000 RAD/S

 FTOTH(X-Z) =    0.61903E+00    0.18539E+01   -0.44655E+00
 TTOTH(X-Z) =   -0.42198E+04   -0.15595E+02    0.67005E+02

     U(X-Z) =     0.000     0.000     0.000 A/SEC
  OMGA(X-Z) =     0.000     1.000     0.000 RAD/S

 FTOTH(X-Z) =   -0.12490E+01   -0.63787E+00   -0.17401E+01
 TTOTH(X-Z) =   -0.14540E+02   -0.45262E+04    0.24496E+03

     U(X-Z) =     0.000     0.000     0.000 A/SEC
  OMGA(X-Z) =     0.000     0.000     1.000 RAD/S

 FTOTH(X-Z) =   -0.53488E+00    0.11696E+01    0.67419E-02
 TTOTH(X-Z) =    0.66161E+02    0.24452E+03   -0.46872E+04

 I,J,Ktt,Ktr,Krt,Krr=    1    1  0.1206E+02 -0.6235E+00 -0.6190E+00  0.4220E+04
 I,J,Ktt,Ktr,Krt,Krr=    1    2 -0.1147E-01 -0.1838E+01  0.1249E+01  0.1454E+02
 I,J,Ktt,Ktr,Krt,Krr=    1    3 -0.8270E-01  0.4804E+00  0.5349E+00 -0.6616E+02
 I,J,Ktt,Ktr,Krt,Krr=    2    1 -0.1144E-01  0.1232E+01 -0.1854E+01  0.1559E+02
 I,J,Ktt,Ktr,Krt,Krr=    2    2  0.1219E+02  0.6500E+00  0.6379E+00  0.4526E+04
 I,J,Ktt,Ktr,Krt,Krr=    2    3 -0.1921E+00  0.1769E+01 -0.1170E+01 -0.2445E+03
 I,J,Ktt,Ktr,Krt,Krr=    3    1 -0.8273E-01  0.5300E+00  0.4466E+00 -0.6701E+02
 I,J,Ktt,Ktr,Krt,Krr=    3    2 -0.1920E+00 -0.1196E+01  0.1740E+01 -0.2450E+03
 I,J,Ktt,Ktr,Krt,Krr=    3    3  0.1246E+02 -0.1575E-01 -0.6742E-02  0.4687E+04
  
  Friction Tensors in Center of Resistance
  
  Ktt Tensor (A)
    0.12062E+02   -0.11468E-01   -0.82698E-01
   -0.11441E-01    0.12194E+02   -0.19205E+00
   -0.82732E-01   -0.19197E+00    0.12460E+02
  
  Symmetric Krt Tensor (A^2)
   -0.62125E+00    0.12406E+01    0.53242E+00
   -0.18457E+01    0.64395E+00   -0.11830E+01
    0.46345E+00    0.17546E+01   -0.11245E-01
  
  Krr Tensor (A^3)
    0.42198E+04    0.14540E+02   -0.66161E+02
    0.15595E+02    0.45262E+04   -0.24452E+03
   -0.67005E+02   -0.24496E+03    0.46872E+04
  
 Raw Dtt tensor (no rot/trans coupling correction)
    0.82910E-01    0.86662E-04    0.55164E-03
    0.86484E-04    0.82030E-01    0.12650E-02
    0.55186E-03    0.12644E-02    0.80283E-01
  
 Raw Drr tensor (no rot/trans coupling correction)
    0.23703E-03   -0.58204E-06    0.33154E-05
   -0.63544E-06    0.22156E-03    0.11550E-04
    0.33553E-05    0.11571E-04    0.21400E-03
  
 Raw Dtt tensor, before CD transformation
    0.82910E-01    0.86704E-04    0.55431E-03
    0.86483E-04    0.82030E-01    0.12648E-02
    0.55188E-03    0.12645E-02    0.80285E-01
  
 Program finished at:                
 Elapsed time CPU_TIME:   69.543999999999997     
