 BEST ver.3.90 SFSU/ARAGON
  
 control gtensor value=   1.0000000000000000     
 true area (A^2)=    4031.9220000000000     
 total area (A^2) =    3854.1114705129498     
 centroid coords =  -0.36551530746899230      -0.37419688572182686      -0.68241013460015620     
  
 first few rows of gr matrix
   4.3513445919726159       0.29240358112042619       0.60837871193948101       0.58564521904369371        8.2703551642103901E-003
  0.29240358112042619        6.1996729243259914      -0.20145422966224227        8.2703551642103901E-003  0.41559424428758035     
  0.60837871193948079      -0.20145422966224269        5.6905449581442973      -0.20052973280333863       -9.7113630197967638E-003
  0.32308139210272352        1.1079522395234197E-002 -0.11119800351177681        8.1706697038201899       0.64225934508669491     
   1.1079522395234197E-002  0.23227091076791176       -1.3439821003979037E-002  0.64225934508669491        7.9346119931759880     
 -0.11119800351177681       -1.3439821003979037E-002  0.36148577993046899       0.96713367942544282       -1.0577099709490994     
  0.26149047696183592        2.8588956890504745E-002  -7.2599889250262103E-002   1.5452795969261857      -0.45401649711881042     
   2.8588956890504745E-002  0.25869358427430994       -6.7592208113035152E-002 -0.45401649711881042        1.4800063530728702     
  -7.2599889250262103E-002  -6.7592208113035152E-002  0.40230530312523249       0.15409712615900653      -0.14687316395611455     
 first few columns of gr matrix
   4.3513445919726159       0.29240358112042619       0.60837871193948079       0.32308139210272352        1.1079522395234197E-002
  0.29240358112042619        6.1996729243259914      -0.20145422966224269        1.1079522395234197E-002  0.23227091076791176     
  0.60837871193948101      -0.20145422966224227        5.6905449581442973      -0.11119800351177681       -1.3439821003979037E-002
  0.58564521904369371        8.2703551642103901E-003 -0.20052973280333863        8.1706697038201899       0.64225934508669491     
   8.2703551642103901E-003  0.41559424428758035       -9.7113630197967638E-003  0.64225934508669491        7.9346119931759880     
 -0.20052973280333863       -9.7113630197967638E-003  0.65366517001545998       0.96713367942544193       -1.0577099709490994     
  0.27393678592164067        2.5129189332884244E-002  -7.8768704854261351E-002  0.95156775066229660      -0.28455748600720610     
   2.5129189332884244E-002  0.25899271994296247       -5.9832344689795577E-002 -0.28455748600720610       0.94787735283300079     
  -7.8768704854261351E-002  -5.9832344689795577E-002  0.42309144560430395       0.12633392971507670      -0.13498922556363233     
  
 about to enter dgetrf
 Just out of dgetrf:                 
  
  **** TRANSLATION/ROTATION FLOWS ****
     U(X-Z) =     1.000     0.000     0.000 A/SEC
  OMGA(X-Z) =     0.000     0.000     0.000 RAD/S

 FTOTH(X-Z) =   -0.12066E+02    0.12425E-01    0.83639E-01
 TTOTH(X-Z) =    0.60417E+00   -0.15050E+01    0.53472E+00

     U(X-Z) =     0.000     1.000     0.000 A/SEC
  OMGA(X-Z) =     0.000     0.000     0.000 RAD/S

 FTOTH(X-Z) =    0.12433E-01   -0.12195E+02    0.19282E+00
 TTOTH(X-Z) =    0.20514E+01   -0.68677E+00   -0.84070E+00

     U(X-Z) =     0.000     0.000     1.000 A/SEC
  OMGA(X-Z) =     0.000     0.000     0.000 RAD/S

 FTOTH(X-Z) =    0.83592E-01    0.19287E+00   -0.12465E+02
 TTOTH(X-Z) =   -0.15266E+01    0.28825E+00    0.58469E-01

     U(X-Z) =     0.000     0.000     0.000 A/SEC
  OMGA(X-Z) =     1.000     0.000     0.000 RAD/S

 FTOTH(X-Z) =    0.60529E+00    0.20719E+01   -0.14945E+01
 TTOTH(X-Z) =   -0.42235E+04   -0.15153E+02    0.68766E+02

     U(X-Z) =     0.000     0.000     0.000 A/SEC
  OMGA(X-Z) =     0.000     1.000     0.000 RAD/S

 FTOTH(X-Z) =   -0.15407E+01   -0.66558E+00    0.32371E+00
 TTOTH(X-Z) =   -0.13922E+02   -0.45308E+04    0.24368E+03

     U(X-Z) =     0.000     0.000     0.000 A/SEC
  OMGA(X-Z) =     0.000     0.000     1.000 RAD/S

 FTOTH(X-Z) =    0.52719E+00   -0.85132E+00    0.47679E-01
 TTOTH(X-Z) =    0.68921E+02    0.24262E+03   -0.46923E+04

 I,J,Ktt,Ktr,Krt,Krr=    1    1  0.1207E+02 -0.6042E+00 -0.6053E+00  0.4223E+04
 I,J,Ktt,Ktr,Krt,Krr=    1    2 -0.1243E-01 -0.2051E+01  0.1541E+01  0.1392E+02
 I,J,Ktt,Ktr,Krt,Krr=    1    3 -0.8359E-01  0.1527E+01 -0.5272E+00 -0.6892E+02
 I,J,Ktt,Ktr,Krt,Krr=    2    1 -0.1243E-01  0.1505E+01 -0.2072E+01  0.1515E+02
 I,J,Ktt,Ktr,Krt,Krr=    2    2  0.1220E+02  0.6868E+00  0.6656E+00  0.4531E+04
 I,J,Ktt,Ktr,Krt,Krr=    2    3 -0.1929E+00 -0.2882E+00  0.8513E+00 -0.2426E+03
 I,J,Ktt,Ktr,Krt,Krr=    3    1 -0.8364E-01 -0.5347E+00  0.1494E+01 -0.6877E+02
 I,J,Ktt,Ktr,Krt,Krr=    3    2 -0.1928E+00  0.8407E+00 -0.3237E+00 -0.2437E+03
 I,J,Ktt,Ktr,Krt,Krr=    3    3  0.1247E+02 -0.5847E-01 -0.4768E-01  0.4692E+04
  
  Friction Tensors in Center of Resistance
  
  Ktt Tensor (A)
    0.12066E+02   -0.12433E-01   -0.83592E-01
   -0.12425E-01    0.12195E+02   -0.19287E+00
   -0.83639E-01   -0.19282E+00    0.12465E+02
  
  Symmetric Krt Tensor (A^2)
   -0.60473E+00    0.15229E+01   -0.53096E+00
   -0.20616E+01    0.67618E+00    0.84601E+00
    0.15105E+01   -0.30598E+00   -0.53074E-01
  
  Krr Tensor (A^3)
    0.42235E+04    0.13922E+02   -0.68921E+02
    0.15153E+02    0.45308E+04   -0.24262E+03
   -0.68766E+02   -0.24368E+03    0.46923E+04
  
 Raw Dtt tensor (no rot/trans coupling correction)
    0.82883E-01    0.93307E-04    0.55726E-03
    0.93264E-04    0.82018E-01    0.12697E-02
    0.55757E-03    0.12693E-02    0.80246E-01
  
 Raw Drr tensor (no rot/trans coupling correction)
    0.23683E-03   -0.54216E-06    0.34505E-05
   -0.60791E-06    0.22133E-03    0.11435E-04
    0.34392E-05    0.11486E-04    0.21376E-03
  
 Raw Dtt tensor, before CD transformation
    0.82883E-01    0.93274E-04    0.55518E-03
    0.93261E-04    0.82018E-01    0.12692E-02
    0.55758E-03    0.12693E-02    0.80248E-01
  
 Program finished at:                
 Elapsed time CPU_TIME:   84.736000000000004     
