MSMS 2.6.1 started on zukomputer
Copyright M.F. Sanner (1994)
Compilation flags -O2 -DVERBOSE -DTIMING
Atom 1 ignored, radius = 0.000000
INPUT  best_dim2aai.xyzr 4440 spheres 0 collision only, radii  2.500 to  3.100
PARAM  Probe_radius  1.500 density  1.000 hdensity  3.000
REDUCED SURFACE ...
    RS component 0 identified 4250 4255 4249
    0 free edge(s) found in component 0
    RS component  #faces  #edges #free_edges  #vertices   genus
         0        2492     3738          0       1223      12.5
    Time Reduced Surface real: 0.08 user: 0.07 sys: 0.00
ANALYTICAL SOLVENT EXCLUDED SURFACE...
    Component   0
        Time Surface real: 0.01 user: 0.01 sys: 0.00
        Time Singularities real: 0.00 user: 0.00 sys: 0.00
    SES comp.  #fac.  #edg. #s_edg. #vert. #s_vert. R_h C_h genus
         0     7509  15039     29    7532       58   0   0    0
ANALYTICAL SURFACE AREA :
    Comp. probe_radius,   reent,    toric,   contact    SES       SAS
      0       1.500    2537.841  7035.893  8811.751 18385.484 20507.848
TRIANGULATION...
    Component 0
    component#, vertices,  edges,  faces, genus, density
        0          17834   53496   35664    0     0.970
        Time Triangulation real: 0.06 user: 0.06 sys: 0.00
NUMERICAL VOLUMES AND AREA
    Comp. probe_radius SES_volume SES_area)
       0      1.50    102301.656  17954.828
    Total ses_volume: 102301.656
MSMS terminated normally
Total Time real: 0.30 user: 0.26 sys: 0.00
