 BEST ver.3.90 SFSU/ARAGON
  
 control gtensor value=   1.0000000000000000     
 true area (A^2)=    6618.9639999999999     
 total area (A^2) =    6206.2945815568719     
 centroid coords =   -2.2371475826972040       0.46112439920836867       -4.0948944020356279     
  
 first few rows of gr matrix
   4.3298643716412322       0.44868600318432650       0.31840535815999771        1.9695486041684258       0.10440998938748756     
  0.44868600318432661        6.4198905993365676      -0.24359417879368986       0.10440998938748756        2.3941550513059671     
  0.31840535815999771      -0.24359417879368941        5.8983124981278525       0.22649344669979898        2.3145676482718584E-002
   1.5120129879991688        5.8425353361859077E-002  0.14595833390185317        4.7933190550522085       0.39044445620388235     
   5.8425353361859077E-002   1.8133840826676895       -1.4754850013273070E-002  0.39044445620388235        7.0664857435663286     
  0.14595833390185317       -1.4754850013273070E-002   2.6006958236098630       0.17806114750869723      -0.17373768287462527     
  0.26970068589694901       -4.1661996120975757E-002   2.2480640178358078E-002  0.35552187971096066       -5.5403445582739214E-002
  -4.1661996120975757E-002  0.45544986249634045      -0.10445806137625539       -5.5403445582739214E-002  0.63505225266104204     
   2.2480640178358078E-002 -0.10445806137625539       0.31694868882858845        2.1260121284161878E-002 -0.11059311510455018     
 first few columns of gr matrix
   4.3298643716412322       0.44868600318432661       0.31840535815999771        1.5120129879991688        5.8425353361859077E-002
  0.44868600318432650        6.4198905993365676      -0.24359417879368941        5.8425353361859077E-002   1.8133840826676895     
  0.31840535815999771      -0.24359417879368986        5.8983124981278525       0.14595833390185317       -1.4754850013273070E-002
   1.9695486041684258       0.10440998938748756       0.22649344669979898        4.7933190550522085       0.39044445620388235     
  0.10440998938748756        2.3941550513059671        2.3145676482718584E-002  0.39044445620388235        7.0664857435663286     
  0.22649344669979898        2.3145676482718584E-002   3.2776573799417408       0.17806114750869695      -0.17373768287462527     
  0.57285739515982848       -8.3778176826539291E-002   5.0181881491083061E-002  0.64555863832307581      -0.10149024782052875     
  -8.3778176826539291E-002  0.94903909280945875      -0.22920063262243723      -0.10149024782052875        1.1403494835849814     
   5.0181881491083061E-002 -0.22920063262243723       0.69231085069716958        4.1646668513937668E-002 -0.19878441230264127     
  
 about to enter dgetrf
 Just out of dgetrf:                 
  
  **** TRANSLATION/ROTATION FLOWS ****
     U(X-Z) =     1.000     0.000     0.000 A/SEC
  OMGA(X-Z) =     0.000     0.000     0.000 RAD/S

 FTOTH(X-Z) =   -0.14937E+02   -0.25955E-01   -0.57377E+00
 TTOTH(X-Z) =    0.18135E+01   -0.37258E+01    0.71066E+01

     U(X-Z) =     0.000     1.000     0.000 A/SEC
  OMGA(X-Z) =     0.000     0.000     0.000 RAD/S

 FTOTH(X-Z) =   -0.26244E-01   -0.15305E+02   -0.25747E+00
 TTOTH(X-Z) =   -0.64215E-01   -0.24423E+00    0.64032E+01

     U(X-Z) =     0.000     0.000     1.000 A/SEC
  OMGA(X-Z) =     0.000     0.000     0.000 RAD/S

 FTOTH(X-Z) =   -0.57371E+00   -0.25753E+00   -0.15472E+02
 TTOTH(X-Z) =   -0.34405E+01   -0.35615E+01   -0.17129E+01

     U(X-Z) =     0.000     0.000     0.000 A/SEC
  OMGA(X-Z) =     1.000     0.000     0.000 RAD/S

 FTOTH(X-Z) =    0.18609E+01   -0.11499E+00   -0.33950E+01
 TTOTH(X-Z) =   -0.83971E+04    0.39064E+03   -0.13147E+04

     U(X-Z) =     0.000     0.000     0.000 A/SEC
  OMGA(X-Z) =     0.000     1.000     0.000 RAD/S

 FTOTH(X-Z) =   -0.36536E+01   -0.24508E+00   -0.35770E+01
 TTOTH(X-Z) =    0.39169E+03   -0.96497E+04   -0.40607E+03

     U(X-Z) =     0.000     0.000     0.000 A/SEC
  OMGA(X-Z) =     0.000     0.000     1.000 RAD/S

 FTOTH(X-Z) =    0.71019E+01    0.64330E+01   -0.17084E+01
 TTOTH(X-Z) =   -0.13157E+04   -0.40616E+03   -0.96174E+04

 I,J,Ktt,Ktr,Krt,Krr=    1    1  0.1494E+02 -0.1813E+01 -0.1861E+01  0.8397E+04
 I,J,Ktt,Ktr,Krt,Krr=    1    2  0.2624E-01  0.6421E-01  0.3654E+01 -0.3917E+03
 I,J,Ktt,Ktr,Krt,Krr=    1    3  0.5737E+00  0.3440E+01 -0.7102E+01  0.1316E+04
 I,J,Ktt,Ktr,Krt,Krr=    2    1  0.2596E-01  0.3726E+01  0.1150E+00 -0.3906E+03
 I,J,Ktt,Ktr,Krt,Krr=    2    2  0.1531E+02  0.2442E+00  0.2451E+00  0.9650E+04
 I,J,Ktt,Ktr,Krt,Krr=    2    3  0.2575E+00  0.3562E+01 -0.6433E+01  0.4062E+03
 I,J,Ktt,Ktr,Krt,Krr=    3    1  0.5738E+00 -0.7107E+01  0.3395E+01  0.1315E+04
 I,J,Ktt,Ktr,Krt,Krr=    3    2  0.2575E+00 -0.6403E+01  0.3577E+01  0.4061E+03
 I,J,Ktt,Ktr,Krt,Krr=    3    3  0.1547E+02  0.1713E+01  0.1708E+01  0.9617E+04
  
  Friction Tensors in Center of Resistance
  
  Ktt Tensor (A)
    0.14937E+02    0.26244E-01    0.57371E+00
    0.25955E-01    0.15305E+02    0.25753E+00
    0.57377E+00    0.25747E+00    0.15472E+02
  
  Symmetric Krt Tensor (A^2)
   -0.18372E+01    0.36897E+01   -0.71043E+01
    0.89603E-01    0.24466E+00   -0.64181E+01
    0.34178E+01    0.35693E+01    0.17107E+01
  
  Krr Tensor (A^3)
    0.83971E+04   -0.39169E+03    0.13157E+04
   -0.39064E+03    0.96497E+04    0.40616E+03
    0.13147E+04    0.40607E+03    0.96174E+04
  
 Raw Dtt tensor (no rot/trans coupling correction)
    0.67044E-01   -0.73161E-04   -0.24848E-02
   -0.71881E-04    0.65355E-01   -0.10852E-02
   -0.24851E-02   -0.10849E-02    0.64743E-01
  
 Raw Drr tensor (no rot/trans coupling correction)
    0.12200E-03    0.56647E-05   -0.16930E-04
    0.56510E-05    0.10408E-03   -0.51684E-05
   -0.16916E-04   -0.51688E-05    0.10651E-03
  
 Raw Dtt tensor, before CD transformation
    0.67043E-01   -0.73332E-04   -0.24745E-02
   -0.71456E-04    0.65355E-01   -0.10962E-02
   -0.24870E-02   -0.10857E-02    0.64792E-01
  
 Program finished at:                
 Elapsed time CPU_TIME:   74.364000000000004     
