 BEST ver.3.90 SFSU/ARAGON
  
 control gtensor value=   1.0000000000000000     
 true area (A^2)=    18979.671999999999     
 total area (A^2) =    17487.770519097456     
 centroid coords =    3.6830346377577956        1.4747810682178715        15.389002115282917     
  
 first few rows of gr matrix
   12.041514551524120        2.3693034199238499      -0.46559587676254088        2.0725250051135973       0.22643528055261539     
   2.3693034199238481        12.173186049627184       0.48098053567938670       0.22643528055261539        1.8315518526086583     
 -0.46559587676254166       0.48098053567938703        14.353728006219834      -0.62700032668561245      -0.31427416506776729     
   3.2563060284016894       0.36048264492046284      -0.93805711167418027        9.9208195466653404        2.0360127965493677     
  0.36048264492046284        2.8748782027005206      -0.44191062447462576        2.0360127965493686        10.433130918559698     
 -0.93805711167418027      -0.44191062447462576        4.4087037352703957      -0.77456242141380338       0.36935563724009723     
   1.6739907068588518       0.13195169873669216      -0.39580759938363258        3.0306537768376201       0.17807227256561736     
  0.13195169873669216        1.6439506591428641      -0.33934088671702739       0.17807227256561736        2.9191224478560147     
 -0.39580759938363258      -0.33934088671702739        2.7834854991613036       0.31435785293576995      -0.31703875294726053     
 first few columns of gr matrix
   12.041514551524120        2.3693034199238481      -0.46559587676254166        3.2563060284016894       0.36048264492046284     
   2.3693034199238499        12.173186049627184       0.48098053567938703       0.36048264492046284        2.8748782027005206     
 -0.46559587676254088       0.48098053567938670        14.353728006219834      -0.93805711167418027      -0.44191062447462576     
   2.0725250051135973       0.22643528055261539      -0.62700032668561245        9.9208195466653404        2.0360127965493686     
  0.22643528055261539        1.8315518526086583      -0.31427416506776729        2.0360127965493677        10.433130918559698     
 -0.62700032668561245      -0.31427416506776729        2.8245457917935610      -0.77456242141380338       0.36935563724009790     
   1.8997710573134181       0.11257485832710577      -0.44270552997189411        4.5167511852408335       0.39358114395397964     
  0.11257485832710577        1.8277148457397656      -0.29907130974007268       0.39358114395397964        4.5499260329302507     
 -0.44270552997189411      -0.29907130974007268        3.2076516409430176       0.16421960811822786      -0.13744403019686674     
  
 about to enter dgetrf
 Just out of dgetrf:                 
  
  **** TRANSLATION/ROTATION FLOWS ****
     U(X-Z) =     1.000     0.000     0.000 A/SEC
  OMGA(X-Z) =     0.000     0.000     0.000 RAD/S

 FTOTH(X-Z) =   -0.24316E+02    0.41715E-01    0.95682E-01
 TTOTH(X-Z) =   -0.93264E+00    0.87279E+00    0.29782E+01

     U(X-Z) =     0.000     1.000     0.000 A/SEC
  OMGA(X-Z) =     0.000     0.000     0.000 RAD/S

 FTOTH(X-Z) =    0.41634E-01   -0.23900E+02   -0.31066E+00
 TTOTH(X-Z) =   -0.13344E+01    0.25135E+00   -0.11987E+01

     U(X-Z) =     0.000     0.000     1.000 A/SEC
  OMGA(X-Z) =     0.000     0.000     0.000 RAD/S

 FTOTH(X-Z) =    0.95592E-01   -0.31061E+00   -0.23508E+02
 TTOTH(X-Z) =   -0.31000E+01   -0.21668E+01    0.88102E+00

     U(X-Z) =     0.000     0.000     0.000 A/SEC
  OMGA(X-Z) =     1.000     0.000     0.000 RAD/S

 FTOTH(X-Z) =   -0.95499E+00   -0.14334E+01   -0.30559E+01
 TTOTH(X-Z) =   -0.34942E+05    0.12844E+03    0.48785E+03

     U(X-Z) =     0.000     0.000     0.000 A/SEC
  OMGA(X-Z) =     0.000     1.000     0.000 RAD/S

 FTOTH(X-Z) =    0.86616E+00    0.19579E+00   -0.20880E+01
 TTOTH(X-Z) =    0.12922E+03   -0.33409E+05   -0.18114E+04

     U(X-Z) =     0.000     0.000     0.000 A/SEC
  OMGA(X-Z) =     0.000     0.000     1.000 RAD/S

 FTOTH(X-Z) =    0.30474E+01   -0.13024E+01    0.89427E+00
 TTOTH(X-Z) =    0.48739E+03   -0.18155E+04   -0.30935E+05

 I,J,Ktt,Ktr,Krt,Krr=    1    1  0.2432E+02  0.9326E+00  0.9550E+00  0.3494E+05
 I,J,Ktt,Ktr,Krt,Krr=    1    2 -0.4163E-01  0.1334E+01 -0.8662E+00 -0.1292E+03
 I,J,Ktt,Ktr,Krt,Krr=    1    3 -0.9559E-01  0.3100E+01 -0.3047E+01 -0.4874E+03
 I,J,Ktt,Ktr,Krt,Krr=    2    1 -0.4172E-01 -0.8728E+00  0.1433E+01 -0.1284E+03
 I,J,Ktt,Ktr,Krt,Krr=    2    2  0.2390E+02 -0.2514E+00 -0.1958E+00  0.3341E+05
 I,J,Ktt,Ktr,Krt,Krr=    2    3  0.3106E+00  0.2167E+01  0.1302E+01  0.1815E+04
 I,J,Ktt,Ktr,Krt,Krr=    3    1 -0.9568E-01 -0.2978E+01  0.3056E+01 -0.4878E+03
 I,J,Ktt,Ktr,Krt,Krr=    3    2  0.3107E+00  0.1199E+01  0.2088E+01  0.1811E+04
 I,J,Ktt,Ktr,Krt,Krr=    3    3  0.2351E+02 -0.8810E+00 -0.8943E+00  0.3094E+05
  
  Friction Tensors in Center of Resistance
  
  Ktt Tensor (A)
    0.24316E+02   -0.41634E-01   -0.95592E-01
   -0.41715E-01    0.23900E+02    0.31061E+00
   -0.95682E-01    0.31066E+00    0.23508E+02
  
  Symmetric Krt Tensor (A^2)
    0.94381E+00   -0.86948E+00   -0.30128E+01
    0.13839E+01   -0.22357E+00    0.12505E+01
    0.30780E+01    0.21274E+01   -0.88764E+00
  
  Krr Tensor (A^3)
    0.34942E+05   -0.12922E+03   -0.48739E+03
   -0.12844E+03    0.33409E+05    0.18155E+04
   -0.48785E+03    0.18114E+04    0.30935E+05
  
 Raw Dtt tensor (no rot/trans coupling correction)
    0.41126E-01    0.69479E-04    0.16632E-03
    0.69617E-04    0.41848E-01   -0.55267E-03
    0.16647E-03   -0.55275E-03    0.42548E-01
  
 Raw Drr tensor (no rot/trans coupling correction)
    0.28626E-04    0.86543E-07    0.44593E-06
    0.85796E-07    0.30028E-04   -0.17609E-05
    0.44640E-06   -0.17569E-05    0.32436E-04
  
 Raw Dtt tensor, before CD transformation
    0.41126E-01    0.69482E-04    0.16610E-03
    0.69617E-04    0.41848E-01   -0.55268E-03
    0.16647E-03   -0.55276E-03    0.42548E-01
  
 Program finished at:                
 Elapsed time CPU_TIME:   162.88799999999998     
