MSMS 2.6.1 started on zukomputer
Copyright M.F. Sanner (1994)
Compilation flags -O2 -DVERBOSE -DTIMING
Atom 1 ignored, radius = 0.000000
INPUT  best_dim1gzx.xyzr 4769 spheres 0 collision only, radii  2.400 to  3.100
PARAM  Probe_radius  1.500 density  1.000 hdensity  3.000
REDUCED SURFACE ...
    RS component 0 identified 4656 1642 1652
    0 free edge(s) found in component 0
    RS component  #faces  #edges #free_edges  #vertices   genus
         0        2574     3861          0       1248      20.5
    Time Reduced Surface real: 0.08 user: 0.08 sys: 0.00
ANALYTICAL SOLVENT EXCLUDED SURFACE...
    Component   0
        Time Surface real: 0.01 user: 0.01 sys: 0.00
        Time Singularities real: 0.00 user: 0.00 sys: 0.00
    SES comp.  #fac.  #edg. #s_edg. #vert. #s_vert. R_h C_h genus
         0     7750  15540     39    7784       62   0   0    4
ANALYTICAL SURFACE AREA :
    Comp. probe_radius,   reent,    toric,   contact    SES       SAS
      0       1.500    2797.324  7405.950  8776.397 18979.672 20293.553
TRIANGULATION...
    Component 0
    component#, vertices,  edges,  faces, genus, density
        0          18036   54126   36084    4     0.950
        Time Triangulation real: 0.07 user: 0.06 sys: 0.00
NUMERICAL VOLUMES AND AREA
    Comp. probe_radius SES_volume SES_area)
       0      1.50    109938.750  18537.947
    Total ses_volume: 109938.750
MSMS terminated normally
Total Time real: 0.27 user: 0.23 sys: 0.01
