MSMS 2.6.1 started on zukomputer
Copyright M.F. Sanner (1994)
Compilation flags -O2 -DVERBOSE -DTIMING
Atom 1 ignored, radius = 0.000000
INPUT  best_2eza.xyzr 4030 spheres 0 collision only, radii  2.300 to  3.100
PARAM  Probe_radius  1.500 density  1.000 hdensity  3.000
REDUCED SURFACE ...
    RS component 0 identified 513 517 525
    0 free edge(s) found in component 0
    RS component  #faces  #edges #free_edges  #vertices   genus
         0        2894     4341          0       1297      76
    Time Reduced Surface real: 0.15 user: 0.15 sys: 0.00
ANALYTICAL SOLVENT EXCLUDED SURFACE...
    Component   0
        Time Surface real: 0.01 user: 0.01 sys: 0.00
        Time Singularities real: 0.00 user: 0.00 sys: 0.00
    SES comp.  #fac.  #edg. #s_edg. #vert. #s_vert. R_h C_h genus
         0     8724  17484     61    8758       70   0   0    2
ANALYTICAL SURFACE AREA :
    Comp. probe_radius,   reent,    toric,   contact    SES       SAS
      0       1.500    1998.004  4970.431  5872.020 12840.455 14704.021
TRIANGULATION...
    Component 0
    component#, vertices,  edges,  faces, genus, density
        0          15998   48000   32000    2     1.246
        Time Triangulation real: 0.06 user: 0.06 sys: 0.00
NUMERICAL VOLUMES AND AREA
    Comp. probe_radius SES_volume SES_area)
       0      1.50    52812.363  12523.642
    Total ses_volume: 52812.363
MSMS terminated normally
Total Time real: 0.38 user: 0.33 sys: 0.01
