 BEST ver.3.90 SFSU/ARAGON
  
 control gtensor value=   1.0000000000000000     
 true area (A^2)=    6296.1300000000001     
 total area (A^2) =    5984.4747943113161     
 centroid coords =  -0.24218224682246542        1.9304784747847501       -4.5784956949569544     
  
 first few rows of gr matrix
   4.7289956024306692      -0.45503648604670788       0.69851126800138963        1.2465379583260878        4.3023833442253294E-002
 -0.45503648604670799        5.1574092394861344       0.54549908287357973        4.3023833442253294E-002   1.3072510256610814     
  0.69851126800138919       0.54549908287357995        4.5483523893235773       0.26370973499302253       0.23862625510957511     
  0.62861915529638102        1.9856645038387091E-002  0.11771347309930955        5.5730281005354314      -0.99880110953653412     
   1.9856645038387091E-002  0.64483773638692465       0.11922030067007837      -0.99880110953653412        7.1654451722967298     
  0.11771347309930955       0.11922030067007837        1.1115623314192229       0.34391108404423854        3.6409000531810287E-002
  0.30310611813308952        3.1470201163121317E-003   2.3571331384590843E-002   1.1873255379935606       -5.6882066901360440E-002
   3.1470201163121317E-003  0.31113787604783893        4.8298128264595945E-002  -5.6882066901360440E-002   1.2603029580178553     
   2.3571331384590843E-002   4.8298128264595945E-002  0.58705124305065459       -9.9610193892808271E-002  0.16344563734998241     
 first few columns of gr matrix
   4.7289956024306692      -0.45503648604670799       0.69851126800138919       0.62861915529638102        1.9856645038387091E-002
 -0.45503648604670788        5.1574092394861344       0.54549908287357995        1.9856645038387091E-002  0.64483773638692465     
  0.69851126800138963       0.54549908287357973        4.5483523893235773       0.11771347309930955       0.11922030067007837     
   1.2465379583260878        4.3023833442253294E-002  0.26370973499302253        5.5730281005354314      -0.99880110953653412     
   4.3023833442253294E-002   1.3072510256610814       0.23862625510957511      -0.99880110953653412        7.1654451722967298     
  0.26370973499302253       0.23862625510957511        2.0954776912656419       0.34391108404423854        3.6409000531809788E-002
  0.42617195379905531        6.0264323361578429E-003   4.7018519858780777E-002  0.87554987596618139       -2.1763264393757187E-002
   6.0264323361578429E-003  0.43602885346943626        6.5258030977549425E-002  -2.1763264393757187E-002  0.91330168502026055     
   4.7018519858780777E-002   6.5258030977549425E-002  0.81659359247884433       -2.5341569042269203E-002   7.8633192752703834E-002
  
 about to enter dgetrf
 Just out of dgetrf:                 
  
  **** TRANSLATION/ROTATION FLOWS ****
     U(X-Z) =     1.000     0.000     0.000 A/SEC
  OMGA(X-Z) =     0.000     0.000     0.000 RAD/S

 FTOTH(X-Z) =   -0.14428E+02   -0.40592E+00    0.17581E+00
 TTOTH(X-Z) =   -0.80351E+00   -0.47912E+01   -0.50851E+01

     U(X-Z) =     0.000     1.000     0.000 A/SEC
  OMGA(X-Z) =     0.000     0.000     0.000 RAD/S

 FTOTH(X-Z) =   -0.40583E+00   -0.15000E+02   -0.37146E-01
 TTOTH(X-Z) =    0.17974E+01   -0.45369E+00   -0.41903E+01

     U(X-Z) =     0.000     0.000     1.000 A/SEC
  OMGA(X-Z) =     0.000     0.000     0.000 RAD/S

 FTOTH(X-Z) =    0.17592E+00   -0.37048E-01   -0.15403E+02
 TTOTH(X-Z) =    0.33453E+01    0.70091E+01    0.12274E+01

     U(X-Z) =     0.000     0.000     0.000 A/SEC
  OMGA(X-Z) =     1.000     0.000     0.000 RAD/S

 FTOTH(X-Z) =   -0.81941E+00    0.18209E+01    0.34042E+01
 TTOTH(X-Z) =   -0.72473E+04   -0.89389E+03    0.24231E+03

     U(X-Z) =     0.000     0.000     0.000 A/SEC
  OMGA(X-Z) =     0.000     1.000     0.000 RAD/S

 FTOTH(X-Z) =   -0.48115E+01   -0.44197E+00    0.70361E+01
 TTOTH(X-Z) =   -0.89376E+03   -0.87062E+04   -0.15607E+03

     U(X-Z) =     0.000     0.000     0.000 A/SEC
  OMGA(X-Z) =     0.000     0.000     1.000 RAD/S

 FTOTH(X-Z) =   -0.51478E+01   -0.42203E+01    0.12362E+01
 TTOTH(X-Z) =    0.24133E+03   -0.15590E+03   -0.92457E+04

 I,J,Ktt,Ktr,Krt,Krr=    1    1  0.1443E+02  0.8035E+00  0.8194E+00  0.7247E+04
 I,J,Ktt,Ktr,Krt,Krr=    1    2  0.4058E+00 -0.1797E+01  0.4811E+01  0.8938E+03
 I,J,Ktt,Ktr,Krt,Krr=    1    3 -0.1759E+00 -0.3345E+01  0.5148E+01 -0.2413E+03
 I,J,Ktt,Ktr,Krt,Krr=    2    1  0.4059E+00  0.4791E+01 -0.1821E+01  0.8939E+03
 I,J,Ktt,Ktr,Krt,Krr=    2    2  0.1500E+02  0.4537E+00  0.4420E+00  0.8706E+04
 I,J,Ktt,Ktr,Krt,Krr=    2    3  0.3705E-01 -0.7009E+01  0.4220E+01  0.1559E+03
 I,J,Ktt,Ktr,Krt,Krr=    3    1 -0.1758E+00  0.5085E+01 -0.3404E+01 -0.2423E+03
 I,J,Ktt,Ktr,Krt,Krr=    3    2  0.3715E-01  0.4190E+01 -0.7036E+01  0.1561E+03
 I,J,Ktt,Ktr,Krt,Krr=    3    3  0.1540E+02 -0.1227E+01 -0.1236E+01  0.9246E+04
  
  Friction Tensors in Center of Resistance
  
  Ktt Tensor (A)
    0.14428E+02    0.40583E+00   -0.17592E+00
    0.40592E+00    0.15000E+02    0.37048E-01
   -0.17581E+00    0.37146E-01    0.15403E+02
  
  Symmetric Krt Tensor (A^2)
    0.81146E+00    0.48013E+01    0.51164E+01
   -0.18092E+01    0.44783E+00    0.42053E+01
   -0.33747E+01   -0.70226E+01   -0.12318E+01
  
  Krr Tensor (A^3)
    0.72473E+04    0.89376E+03   -0.24133E+03
    0.89389E+03    0.87062E+04    0.15590E+03
   -0.24231E+03    0.15607E+03    0.92457E+04
  
 Raw Dtt tensor (no rot/trans coupling correction)
    0.69372E-01   -0.18788E-02    0.79684E-03
   -0.18792E-02    0.66717E-01   -0.18194E-03
    0.79639E-03   -0.18234E-03    0.64934E-01
  
 Raw Drr tensor (no rot/trans coupling correction)
    0.13989E-03   -0.14431E-04    0.38948E-05
   -0.14433E-04    0.11638E-03   -0.23391E-05
    0.39099E-05   -0.23428E-05    0.10830E-03
  
 Raw Dtt tensor, before CD transformation
    0.69372E-01   -0.18788E-02    0.79745E-03
   -0.18790E-02    0.66717E-01   -0.16392E-03
    0.79666E-03   -0.18241E-03    0.64956E-01
  
 Program finished at:                
 Elapsed time CPU_TIME:   153.08400000000000     
