 BEST ver.3.90 SFSU/ARAGON
  
 control gtensor value=   1.0000000000000000     
 true area (A^2)=    8195.8880000000008     
 total area (A^2) =    7713.5649732690144     
 centroid coords =    1.1655211382113853       -8.9357317073170836E-002  -4.0238925813008102     
  
 first few rows of gr matrix
   8.4174394725314219       0.12326842096672530        1.2754760242913257        1.0233058305984450       0.22876790728827376     
  0.12326842096672508        9.2873794130382077      -0.79655146636814744       0.22876790728827376        1.6449065819762847     
   1.2754760242913257      -0.79655146636814744        7.2241987583205889       -9.2587467272818830E-002 -0.23742972265040957     
   1.2037479745607149       0.32372016369256701      -0.13113187443925178        8.4451085210687822      -0.14190820744540750     
  0.32372016369256701        1.7099779533094055      -0.30388221725436371      -0.14190820744540772        5.8602064316864446     
 -0.13113187443925178      -0.30388221725436371        1.1579783204319680      -0.11539024632087871       0.36848218826346679     
   1.0411252761748322       0.27643209002785307      -0.20381702566620077        3.3845190283166398       0.12096057278323558     
  0.27643209002785307        1.1883078628837775      -0.27709797219076548       0.12096057278323558        2.2597344008518570     
 -0.20381702566620077      -0.27709797219076548        1.0222295357025795      -0.76355646508859643       -6.9911238853698363E-002
 first few columns of gr matrix
   8.4174394725314219       0.12326842096672508        1.2754760242913257        1.2037479745607149       0.32372016369256701     
  0.12326842096672530        9.2873794130382077      -0.79655146636814744       0.32372016369256701        1.7099779533094055     
   1.2754760242913257      -0.79655146636814744        7.2241987583205889      -0.13113187443925178      -0.30388221725436371     
   1.0233058305984450       0.22876790728827376       -9.2587467272818830E-002   8.4451085210687822      -0.14190820744540772     
  0.22876790728827376        1.6449065819762847      -0.23742972265040957      -0.14190820744540750        5.8602064316864446     
  -9.2587467272818830E-002 -0.23742972265040957        1.0542546813848526      -0.11539024632087694       0.36848218826346657     
  0.51349744158419208       0.13624656921757708      -0.10311733124352110        2.0226994275704504        2.2160463436371514E-002
  0.13624656921757708       0.61711161961459504      -0.15365382188637600        2.2160463436371514E-002   1.4005391592065433     
 -0.10311733124352110      -0.15365382188637600       0.53868607306958671      -0.50609821335944105       -4.4700608706810903E-003
  
 about to enter dgetrf
 Just out of dgetrf:                 
  
  **** TRANSLATION/ROTATION FLOWS ****
     U(X-Z) =     1.000     0.000     0.000 A/SEC
  OMGA(X-Z) =     0.000     0.000     0.000 RAD/S

 FTOTH(X-Z) =   -0.15954E+02   -0.44150E-01    0.33267E+00
 TTOTH(X-Z) =   -0.20362E+01   -0.20586E+01   -0.64410E+00

     U(X-Z) =     0.000     1.000     0.000 A/SEC
  OMGA(X-Z) =     0.000     0.000     0.000 RAD/S

 FTOTH(X-Z) =   -0.44141E-01   -0.17186E+02    0.15026E+00
 TTOTH(X-Z) =    0.19055E+01    0.44631E+01    0.14576E+01

     U(X-Z) =     0.000     0.000     1.000 A/SEC
  OMGA(X-Z) =     0.000     0.000     0.000 RAD/S

 FTOTH(X-Z) =    0.33267E+00    0.15030E+00   -0.17720E+02
 TTOTH(X-Z) =   -0.96636E+00    0.24960E+01   -0.24835E+01

     U(X-Z) =     0.000     0.000     0.000 A/SEC
  OMGA(X-Z) =     1.000     0.000     0.000 RAD/S

 FTOTH(X-Z) =   -0.20577E+01    0.18250E+01   -0.94352E+00
 TTOTH(X-Z) =   -0.94395E+04   -0.99359E+02    0.85003E+03

     U(X-Z) =     0.000     0.000     0.000 A/SEC
  OMGA(X-Z) =     0.000     1.000     0.000 RAD/S

 FTOTH(X-Z) =   -0.19518E+01    0.44764E+01    0.24366E+01
 TTOTH(X-Z) =   -0.10334E+03   -0.13851E+05    0.12361E+03

     U(X-Z) =     0.000     0.000     0.000 A/SEC
  OMGA(X-Z) =     0.000     0.000     1.000 RAD/S

 FTOTH(X-Z) =   -0.63533E+00    0.15192E+01   -0.24580E+01
 TTOTH(X-Z) =    0.85422E+03    0.12532E+03   -0.14121E+05

 I,J,Ktt,Ktr,Krt,Krr=    1    1  0.1595E+02  0.2036E+01  0.2058E+01  0.9440E+04
 I,J,Ktt,Ktr,Krt,Krr=    1    2  0.4414E-01 -0.1906E+01  0.1952E+01  0.1033E+03
 I,J,Ktt,Ktr,Krt,Krr=    1    3 -0.3327E+00  0.9664E+00  0.6353E+00 -0.8542E+03
 I,J,Ktt,Ktr,Krt,Krr=    2    1  0.4415E-01  0.2059E+01 -0.1825E+01  0.9936E+02
 I,J,Ktt,Ktr,Krt,Krr=    2    2  0.1719E+02 -0.4463E+01 -0.4476E+01  0.1385E+05
 I,J,Ktt,Ktr,Krt,Krr=    2    3 -0.1503E+00 -0.2496E+01 -0.1519E+01 -0.1253E+03
 I,J,Ktt,Ktr,Krt,Krr=    3    1 -0.3327E+00  0.6441E+00  0.9435E+00 -0.8500E+03
 I,J,Ktt,Ktr,Krt,Krr=    3    2 -0.1503E+00 -0.1458E+01 -0.2437E+01 -0.1236E+03
 I,J,Ktt,Ktr,Krt,Krr=    3    3  0.1772E+02  0.2484E+01  0.2458E+01  0.1412E+05
  
  Friction Tensors in Center of Resistance
  
  Ktt Tensor (A)
    0.15954E+02    0.44141E-01   -0.33267E+00
    0.44150E-01    0.17186E+02   -0.15030E+00
   -0.33267E+00   -0.15026E+00    0.17720E+02
  
  Symmetric Krt Tensor (A^2)
    0.20469E+01    0.20052E+01    0.63971E+00
   -0.18653E+01   -0.44698E+01   -0.14884E+01
    0.95494E+00   -0.24663E+01    0.24708E+01
  
  Krr Tensor (A^3)
    0.94395E+04    0.10334E+03   -0.85422E+03
    0.99359E+02    0.13851E+05   -0.12532E+03
   -0.85003E+03   -0.12361E+03    0.14121E+05
  
 Raw Dtt tensor (no rot/trans coupling correction)
    0.62704E-01   -0.15077E-03    0.11759E-02
   -0.15080E-03    0.58191E-01    0.49073E-03
    0.11759E-02    0.49060E-03    0.56458E-01
  
 Raw Drr tensor (no rot/trans coupling correction)
    0.10653E-03   -0.73729E-06    0.64373E-05
   -0.70620E-06    0.72208E-04    0.59809E-06
    0.64060E-05    0.58767E-06    0.71207E-04
  
 Raw Dtt tensor, before CD transformation
    0.62704E-01   -0.15075E-03    0.11779E-02
   -0.15078E-03    0.58191E-01    0.49142E-03
    0.11759E-02    0.49061E-03    0.56460E-01
  
 Program finished at:                
 Elapsed time CPU_TIME:   121.53600000000000     
