 BEST ver.3.90 SFSU/ARAGON
  
 control gtensor value=   1.0000000000000000     
 true area (A^2)=    8195.8880000000008     
 total area (A^2) =    7692.9337605836818     
 centroid coords =    1.3590196142175992      -0.12480483311660201       -4.0491660164716068     
  
 first few rows of gr matrix
   8.4287190254240212       0.12343360334538189        1.2771851900449005        1.0260501724698632       0.22938142607027961     
  0.12343360334538167        9.2998247044673654      -0.79761886274514415       0.22938142607027961        1.6493179572196459     
   1.2771851900449001      -0.79761886274514415        7.2338793425727292       -9.2835771988386467E-002 -0.23806647102993161     
   1.2069762332791356       0.32458832917475644      -0.13148354906373075        8.4564251510912491      -0.14209836754539973     
  0.32458832917475644        1.7145638395187630      -0.30469718055063183      -0.14209836754539973        5.8680592364049655     
 -0.13148354906373075      -0.30469718055063183        1.1610838322896639      -0.11554487177329885       0.36897596245050557     
   1.0439174069370758       0.27717343649201076      -0.20436363019137604        3.3935957647196653       0.12128496961041445     
  0.27717343649201076        1.1914947137026943      -0.27784110444392862       0.12128496961041445        2.2657946455500770     
 -0.20436363019137604      -0.27784110444392862        1.0249709911239635      -0.76560420088338743       -7.0098729566965112E-002
 first few columns of gr matrix
   8.4287190254240212       0.12343360334538167        1.2771851900449001        1.2069762332791356       0.32458832917475644     
  0.12343360334538189        9.2998247044673654      -0.79761886274514415       0.32458832917475644        1.7145638395187630     
   1.2771851900449005      -0.79761886274514415        7.2338793425727292      -0.13148354906373075      -0.30469718055063183     
   1.0260501724698632       0.22938142607027961       -9.2835771988386467E-002   8.4564251510912491      -0.14209836754539973     
  0.22938142607027961        1.6493179572196459      -0.23806647102993161      -0.14209836754539973        5.8680592364049655     
  -9.2835771988386467E-002 -0.23806647102993161        1.0570820231029889      -0.11554487177329884       0.36897596245050590     
  0.51487455924312475       0.13661196063191339      -0.10339387536292187        2.0281239825435513        2.2219894239832408E-002
  0.13661196063191339       0.61876661385620579      -0.15406589675636820        2.2219894239832408E-002   1.4042951802730155     
 -0.10339387536292187      -0.15406589675636820       0.54013074259229454      -0.50745548747675873       -4.4820488559427435E-003
  
 about to enter dgetrf
 Just out of dgetrf:                 
  
  **** TRANSLATION/ROTATION FLOWS ****
     U(X-Z) =     1.000     0.000     0.000 A/SEC
  OMGA(X-Z) =     0.000     0.000     0.000 RAD/S

 FTOTH(X-Z) =   -0.15940E+02   -0.43235E-01    0.33194E+00
 TTOTH(X-Z) =   -0.20280E+01   -0.24713E+01   -0.22871E-01

     U(X-Z) =     0.000     1.000     0.000 A/SEC
  OMGA(X-Z) =     0.000     0.000     0.000 RAD/S

 FTOTH(X-Z) =   -0.43225E-01   -0.17173E+02    0.15020E+00
 TTOTH(X-Z) =    0.23372E+01    0.45382E+01    0.46658E+01

     U(X-Z) =     0.000     0.000     1.000 A/SEC
  OMGA(X-Z) =     0.000     0.000     0.000 RAD/S

 FTOTH(X-Z) =    0.33201E+00    0.15022E+00   -0.17708E+02
 TTOTH(X-Z) =   -0.16092E+01   -0.95411E+00   -0.25485E+01

     U(X-Z) =     0.000     0.000     0.000 A/SEC
  OMGA(X-Z) =     1.000     0.000     0.000 RAD/S

 FTOTH(X-Z) =   -0.20493E+01    0.22462E+01   -0.15809E+01
 TTOTH(X-Z) =   -0.94107E+04   -0.10057E+03    0.84943E+03

     U(X-Z) =     0.000     0.000     0.000 A/SEC
  OMGA(X-Z) =     0.000     1.000     0.000 RAD/S

 FTOTH(X-Z) =   -0.23436E+01    0.45608E+01   -0.97841E+00
 TTOTH(X-Z) =   -0.10573E+03   -0.13823E+05    0.11913E+03

     U(X-Z) =     0.000     0.000     0.000 A/SEC
  OMGA(X-Z) =     0.000     0.000     1.000 RAD/S

 FTOTH(X-Z) =   -0.26502E-01    0.47197E+01   -0.25493E+01
 TTOTH(X-Z) =    0.85143E+03    0.12102E+03   -0.14094E+05

 I,J,Ktt,Ktr,Krt,Krr=    1    1  0.1594E+02  0.2028E+01  0.2049E+01  0.9411E+04
 I,J,Ktt,Ktr,Krt,Krr=    1    2  0.4322E-01 -0.2337E+01  0.2344E+01  0.1057E+03
 I,J,Ktt,Ktr,Krt,Krr=    1    3 -0.3320E+00  0.1609E+01  0.2650E-01 -0.8514E+03
 I,J,Ktt,Ktr,Krt,Krr=    2    1  0.4323E-01  0.2471E+01 -0.2246E+01  0.1006E+03
 I,J,Ktt,Ktr,Krt,Krr=    2    2  0.1717E+02 -0.4538E+01 -0.4561E+01  0.1382E+05
 I,J,Ktt,Ktr,Krt,Krr=    2    3 -0.1502E+00  0.9541E+00 -0.4720E+01 -0.1210E+03
 I,J,Ktt,Ktr,Krt,Krr=    3    1 -0.3319E+00  0.2287E-01  0.1581E+01 -0.8494E+03
 I,J,Ktt,Ktr,Krt,Krr=    3    2 -0.1502E+00 -0.4666E+01  0.9784E+00 -0.1191E+03
 I,J,Ktt,Ktr,Krt,Krr=    3    3  0.1771E+02  0.2548E+01  0.2549E+01  0.1409E+05
  
  Friction Tensors in Center of Resistance
  
  Ktt Tensor (A)
    0.15940E+02    0.43225E-01   -0.33201E+00
    0.43235E-01    0.17173E+02   -0.15022E+00
   -0.33194E+00   -0.15020E+00    0.17708E+02
  
  Symmetric Krt Tensor (A^2)
    0.20387E+01    0.24075E+01    0.24686E-01
   -0.22917E+01   -0.45495E+01   -0.46928E+01
    0.15950E+01    0.96626E+00    0.25489E+01
  
  Krr Tensor (A^3)
    0.94107E+04    0.10573E+03   -0.85143E+03
    0.10057E+03    0.13823E+05   -0.12102E+03
   -0.84943E+03   -0.11913E+03    0.14094E+05
  
 Raw Dtt tensor (no rot/trans coupling correction)
    0.62759E-01   -0.14769E-03    0.11754E-02
   -0.14773E-03    0.58237E-01    0.49127E-03
    0.11752E-02    0.49121E-03    0.56499E-01
  
 Raw Drr tensor (no rot/trans coupling correction)
    0.10685E-03   -0.76168E-06    0.64487E-05
   -0.72104E-06    0.72353E-04    0.57774E-06
    0.64340E-05    0.56570E-06    0.71348E-04
  
 Raw Dtt tensor, before CD transformation
    0.62759E-01   -0.14765E-03    0.11795E-02
   -0.14760E-03    0.58237E-01    0.49712E-03
    0.11753E-02    0.49127E-03    0.56505E-01
  
 Program finished at:                
 Elapsed time CPU_TIME:   100.44000000000000     
