 BEST ver.3.90 SFSU/ARAGON
  
 control gtensor value=   1.0000000000000000     
 true area (A^2)=    7518.4110000000001     
 total area (A^2) =    7143.0317296075427     
 centroid coords =    41.018276078831121       -15.532493798844753        22.812459734964374     
  
 first few rows of gr matrix
   4.6995702356456528      -0.20672651820389470       -5.0012223372685141E-002   1.8077130511875905       0.35830130686049361     
 -0.20672651820389465        7.0008162679922163        8.9855247763034649E-002  0.35830130686049361        2.0334365099074998     
  -5.0012223372685141E-002   8.9855247763035093E-002   7.0212053772771172       0.39572351317223420       0.51001983616991953     
  0.95404299780067936       0.20002149811599526       0.22584706092334836        6.9315280674090367        1.4256027750720710     
  0.20002149811599526        1.0882893685156501       0.29678861954346558        1.4256027750720710        8.2727011175522200     
  0.22584706092334836       0.29678861954346558        1.1514291174348403        2.4972745627472662E-002  -3.0321277627433210E-002
  0.66729472647991372       0.18343778979679826       -3.8792468850577244E-002   1.3708941646425332       0.20347746520050641     
  0.18343778979679826       0.53621776608030602       -2.6056507335222266E-002  0.20347746520050641       0.96637121516773461     
  -3.8792468850577244E-002  -2.6056507335222266E-002  0.41257053903512869      -0.36122344807207141      -0.14261789142506379     
 first few columns of gr matrix
   4.6995702356456528      -0.20672651820389465       -5.0012223372685141E-002  0.95404299780067936       0.20002149811599526     
 -0.20672651820389470        7.0008162679922163        8.9855247763035093E-002  0.20002149811599526        1.0882893685156501     
  -5.0012223372685141E-002   8.9855247763034649E-002   7.0212053772771172       0.22584706092334836       0.29678861954346558     
   1.8077130511875905       0.35830130686049361       0.39572351317223420        6.9315280674090367        1.4256027750720710     
  0.35830130686049361        2.0334365099074998       0.51001983616991953        1.4256027750720710        8.2727011175522200     
  0.39572351317223420       0.51001983616991953        2.3324982491946935        2.4972745627472662E-002  -3.0321277627433099E-002
  0.57634135678279574       0.15854845176377375       -3.6306667490759274E-002  0.68056917161243602       0.11374348746124911     
  0.15854845176377375       0.45986639336766871       -2.3498749890026965E-002  0.11374348746124911       0.49179782487947271     
  -3.6306667490759274E-002  -2.3498749890026965E-002  0.35631456949242424      -0.17976732198146086       -8.1358092602275500E-002
  
 about to enter dgetrf
 Just out of dgetrf:                 
  
  **** TRANSLATION/ROTATION FLOWS ****
     U(X-Z) =     1.000     0.000     0.000 A/SEC
  OMGA(X-Z) =     0.000     0.000     0.000 RAD/S

 FTOTH(X-Z) =   -0.16503E+02    0.12942E+00   -0.42494E-01
 TTOTH(X-Z) =   -0.11717E+00   -0.52759E+00    0.49470E+01

     U(X-Z) =     0.000     1.000     0.000 A/SEC
  OMGA(X-Z) =     0.000     0.000     0.000 RAD/S

 FTOTH(X-Z) =    0.12934E+00   -0.16002E+02    0.17874E+00
 TTOTH(X-Z) =   -0.36572E+01    0.85417E-01   -0.27908E+01

     U(X-Z) =     0.000     0.000     1.000 A/SEC
  OMGA(X-Z) =     0.000     0.000     0.000 RAD/S

 FTOTH(X-Z) =   -0.42493E-01    0.17881E+00   -0.16140E+02
 TTOTH(X-Z) =   -0.27038E+01    0.33368E+01    0.30404E-01

     U(X-Z) =     0.000     0.000     0.000 A/SEC
  OMGA(X-Z) =     1.000     0.000     0.000 RAD/S

 FTOTH(X-Z) =   -0.11309E+00   -0.36350E+01   -0.27073E+01
 TTOTH(X-Z) =   -0.11242E+05    0.11294E+03    0.62255E+02

     U(X-Z) =     0.000     0.000     0.000 A/SEC
  OMGA(X-Z) =     0.000     1.000     0.000 RAD/S

 FTOTH(X-Z) =   -0.53184E+00    0.79496E-01    0.33974E+01
 TTOTH(X-Z) =    0.11286E+03   -0.99421E+04    0.34332E+03

     U(X-Z) =     0.000     0.000     0.000 A/SEC
  OMGA(X-Z) =     0.000     0.000     1.000 RAD/S

 FTOTH(X-Z) =    0.49766E+01   -0.28439E+01    0.21035E-01
 TTOTH(X-Z) =    0.64013E+02    0.34372E+03   -0.10420E+05

 I,J,Ktt,Ktr,Krt,Krr=    1    1  0.1650E+02  0.1172E+00  0.1131E+00  0.1124E+05
 I,J,Ktt,Ktr,Krt,Krr=    1    2 -0.1293E+00  0.3657E+01  0.5318E+00 -0.1129E+03
 I,J,Ktt,Ktr,Krt,Krr=    1    3  0.4249E-01  0.2704E+01 -0.4977E+01 -0.6401E+02
 I,J,Ktt,Ktr,Krt,Krr=    2    1 -0.1294E+00  0.5276E+00  0.3635E+01 -0.1129E+03
 I,J,Ktt,Ktr,Krt,Krr=    2    2  0.1600E+02 -0.8542E-01 -0.7950E-01  0.9942E+04
 I,J,Ktt,Ktr,Krt,Krr=    2    3 -0.1788E+00 -0.3337E+01  0.2844E+01 -0.3437E+03
 I,J,Ktt,Ktr,Krt,Krr=    3    1  0.4249E-01 -0.4947E+01  0.2707E+01 -0.6226E+02
 I,J,Ktt,Ktr,Krt,Krr=    3    2 -0.1787E+00  0.2791E+01 -0.3397E+01 -0.3433E+03
 I,J,Ktt,Ktr,Krt,Krr=    3    3  0.1614E+02 -0.3040E-01 -0.2103E-01  0.1042E+05
  
  Friction Tensors in Center of Resistance
  
  Ktt Tensor (A)
    0.16503E+02   -0.12934E+00    0.42493E-01
   -0.12942E+00    0.16002E+02   -0.17881E+00
    0.42494E-01   -0.17874E+00    0.16140E+02
  
  Symmetric Krt Tensor (A^2)
    0.11513E+00    0.52971E+00   -0.49618E+01
    0.36461E+01   -0.82457E-01    0.28173E+01
    0.27056E+01   -0.33671E+01   -0.25719E-01
  
  Krr Tensor (A^3)
    0.11242E+05   -0.11286E+03   -0.64013E+02
   -0.11294E+03    0.99421E+04   -0.34372E+03
   -0.62255E+02   -0.34332E+03    0.10420E+05
  
 Raw Dtt tensor (no rot/trans coupling correction)
    0.60598E-01    0.48807E-03   -0.15413E-03
    0.48838E-03    0.62504E-01    0.69115E-03
   -0.15413E-03    0.69088E-03    0.61964E-01
  
 Raw Drr tensor (no rot/trans coupling correction)
    0.88968E-04    0.10300E-05    0.58056E-06
    0.10302E-05    0.10071E-03    0.33286E-05
    0.56552E-06    0.33244E-05    0.96087E-04
  
 Raw Dtt tensor, before CD transformation
    0.60598E-01    0.48811E-03   -0.15050E-03
    0.48839E-03    0.62504E-01    0.69026E-03
   -0.15416E-03    0.69101E-03    0.61975E-01
  
 Program finished at:                
 Elapsed time CPU_TIME:   240.54800000000000     
