MSMS 2.6.1 started on zukomputer
Copyright M.F. Sanner (1994)
Compilation flags -O2 -DVERBOSE -DTIMING
Atom 1 ignored, radius = 0.000000
INPUT  best_avg6i1b.xyzr 2458 spheres 0 collision only, radii  2.300 to  3.100
PARAM  Probe_radius  1.500 density  1.000 hdensity  3.000
REDUCED SURFACE ...
radius of atom 509 goes from 2.300000 -> 2.400000
radius of atom 507 goes from 2.300000 -> 2.400000
radius of atom 506 goes from 2.300000 -> 2.400000
radius of atom 531 goes from 2.300000 -> 2.400000
radius of atom 517 goes from 2.300000 -> 2.400000
radius of atom 512 goes from 3.100000 -> 3.200000
radius of atom 509 goes from 2.400000 -> 2.500000
radius of atom 512 goes from 3.200000 -> 3.300000
radius of atom 507 goes from 2.400000 -> 2.500000
Failed to compute reduced surface -1, try again 2
REDUCED SURFACE ...
    RS component 0 identified 818 812 811
    0 free edge(s) found in component 0
    RS component  #faces  #edges #free_edges  #vertices   genus
         0        1732     2598          0        796      36
    Time Reduced Surface real: 0.07 user: 0.07 sys: 0.00
ANALYTICAL SOLVENT EXCLUDED SURFACE...
    Component   0
        Time Surface real: 0.01 user: 0.01 sys: 0.00
        Time Singularities real: 0.00 user: 0.00 sys: 0.00
    SES comp.  #fac.  #edg. #s_edg. #vert. #s_vert. R_h C_h genus
         0     5215  10443     17    5230       34   0   0    0
ANALYTICAL SURFACE AREA :
    Comp. probe_radius,   reent,    toric,   contact    SES       SAS
      0       1.500    1102.259  2900.856  3515.295  7518.411  8809.712
TRIANGULATION...
    Component 0
WARNING: geodesic which intersects odd number of edges
    component#, vertices,  edges,  faces, genus, density
        0           9497   28485   18990    0     1.263
        Time Triangulation real: 0.04 user: 0.04 sys: 0.00
NUMERICAL VOLUMES AND AREA
    Comp. probe_radius SES_volume SES_area)
       0      1.50    31600.242   7330.508
    Total ses_volume: 31600.242
MSMS terminated normally
Total Time real: 0.35 user: 0.30 sys: 0.00
