MSMS 2.6.1 started on zukomputer
Copyright M.F. Sanner (1994)
Compilation flags -O2 -DVERBOSE -DTIMING
Atom 1 ignored, radius = 0.000000
INPUT  best_1a7m.xyzr 2803 spheres 0 collision only, radii  2.300 to  3.100
PARAM  Probe_radius  1.500 density  1.000 hdensity  3.000
REDUCED SURFACE ...
    RS component 0 identified 1090 1083 1084
    0 free edge(s) found in component 0
    RS component  #faces  #edges #free_edges  #vertices   genus
         0        1818     2727          0        846      32.5
    Time Reduced Surface real: 0.09 user: 0.09 sys: 0.00
ANALYTICAL SOLVENT EXCLUDED SURFACE...
    Component   0
        Time Surface real: 0.01 user: 0.00 sys: 0.00
        Time Singularities real: 0.00 user: 0.01 sys: 0.00
    SES comp.  #fac.  #edg. #s_edg. #vert. #s_vert. R_h C_h genus
         0     5475  10965     19    5492       38   0   0    0
ANALYTICAL SURFACE AREA :
    Comp. probe_radius,   reent,    toric,   contact    SES       SAS
      0       1.500    1119.390  3042.759  3698.708  7860.857  9240.752
TRIANGULATION...
    Component 0
    component#, vertices,  edges,  faces, genus, density
        0           9912   29730   19820    0     1.261
        Time Triangulation real: 0.05 user: 0.04 sys: 0.00
NUMERICAL VOLUMES AND AREA
    Comp. probe_radius SES_volume SES_area)
       0      1.50    32716.811   7669.508
    Total ses_volume: 32716.811
MSMS terminated normally
Total Time real: 0.29 user: 0.23 sys: 0.01
