MSMS 2.6.1 started on zukomputer
Copyright M.F. Sanner (1994)
Compilation flags -O2 -DVERBOSE -DTIMING
Atom 1 ignored, radius = 0.000000
INPUT  best_dim1faj.xyzr 8766 spheres 0 collision only, radii  2.500 to  3.100
PARAM  Probe_radius  1.500 density  1.000 hdensity  3.000
REDUCED SURFACE ...
    RS component 0 identified 8682 8680 8681
    0 free edge(s) found in component 0
    RS component  #faces  #edges #free_edges  #vertices   genus
         0        4090     6135          0       1933      57
    Time Reduced Surface real: 0.16 user: 0.15 sys: 0.01
ANALYTICAL SOLVENT EXCLUDED SURFACE...
    Component   0
        Time Surface real: 0.01 user: 0.01 sys: 0.00
        Time Singularities real: 0.01 user: 0.01 sys: 0.00
    SES comp.  #fac.  #edg. #s_edg. #vert. #s_vert. R_h C_h genus
         0    12440  24972    223   12534      252   0   0    0
ANALYTICAL SURFACE AREA :
    Comp. probe_radius,   reent,    toric,   contact    SES       SAS
      0       1.500    4382.551 11326.057 14048.130 29756.738 32623.186
TRIANGULATION...
    Component 0
WARNING: geodesic which intersects odd number of edges
    component#, vertices,  edges,  faces, genus, density
        0          28552   85650   57100    0     0.960
        Time Triangulation real: 0.10 user: 0.10 sys: 0.00
NUMERICAL VOLUMES AND AREA
    Comp. probe_radius SES_volume SES_area)
       0      1.50    205460.766  29031.062
    Total ses_volume: 205460.766
MSMS terminated normally
Total Time real: 0.70 user: 0.54 sys: 0.03
