 BEST ver.3.90 SFSU/ARAGON
  
 control gtensor value=   1.0000000000000000     
 true area (A^2)=    8016.6149999999998     
 total area (A^2) =    7568.4337255772107     
 centroid coords =   -1.6102773171768625       0.22431175595237909       0.53750754676870816     
  
 first few rows of gr matrix
   9.6849886335301498       -1.4570933300640694       0.44050935577621053        1.8719444411672110      -0.41213011043581282     
  -1.4570933300640694        8.0071234071130810       0.82382902450500439      -0.41213011043581282        1.5455932662000624     
  0.44050935577621075       0.82382902450500528        9.7642077155826730      -0.22483207328797725       0.22989043827251052     
   4.2725234174720619      -0.86753504853199603      -0.44126565915656002        6.2605309913153668      -0.78343358647937777     
 -0.86753504853199603        3.4447360673830101       0.47482166958168931      -0.78343358647937777        4.8053006296890999     
 -0.44126565915656002       0.47482166958168931        3.6934206973687131       0.32838063939455014       0.33562334275817018     
   2.8044826630322053      -0.30189285570981750      -0.57038408115245820        2.0466535440439553      -0.12249244493441892     
 -0.30189285570981750        2.4415582765090442       0.43382008181593218      -0.12249244493441892        1.7457440220228595     
 -0.57038408115245820       0.43382008181593218        3.7503472846067210       0.11793651373985768      -0.15713882307642721     
 first few columns of gr matrix
   9.6849886335301498       -1.4570933300640694       0.44050935577621075        4.2725234174720619      -0.86753504853199603     
  -1.4570933300640694        8.0071234071130810       0.82382902450500528      -0.86753504853199603        3.4447360673830101     
  0.44050935577621053       0.82382902450500439        9.7642077155826730      -0.44126565915656002       0.47482166958168931     
   1.8719444411672110      -0.41213011043581282      -0.22483207328797725        6.2605309913153668      -0.78343358647937777     
 -0.41213011043581282        1.5455932662000624       0.22989043827251052      -0.78343358647937777        4.8053006296890999     
 -0.22483207328797725       0.22989043827251052        1.5656325760719125       0.32838063939455014       0.33562334275817063     
  0.96146953993522388      -0.12435693582731173      -0.23901833641566839        1.4899198814246832       -9.5513737961532952E-002
 -0.12435693582731173       0.88911473742994662       0.20935961730371513       -9.5513737961532952E-002   1.2838511088268247     
 -0.23901833641566839       0.20935961730371513        1.3002417835738216       0.28996143623189469       -8.5260015025992508E-002
  
 about to enter dgetrf
 Just out of dgetrf:                 
  
  **** TRANSLATION/ROTATION FLOWS ****
     U(X-Z) =     1.000     0.000     0.000 A/SEC
  OMGA(X-Z) =     0.000     0.000     0.000 RAD/S

 FTOTH(X-Z) =   -0.17864E+02   -0.46279E-01   -0.22202E+00
 TTOTH(X-Z) =    0.17583E+01    0.12327E+02   -0.28039E+01

     U(X-Z) =     0.000     1.000     0.000 A/SEC
  OMGA(X-Z) =     0.000     0.000     0.000 RAD/S

 FTOTH(X-Z) =   -0.45987E-01   -0.16490E+02    0.89220E+00
 TTOTH(X-Z) =   -0.17584E+02    0.29523E+01   -0.12175E+02

     U(X-Z) =     0.000     0.000     1.000 A/SEC
  OMGA(X-Z) =     0.000     0.000     0.000 RAD/S

 FTOTH(X-Z) =   -0.22204E+00    0.89226E+00   -0.17342E+02
 TTOTH(X-Z) =   -0.38949E+01    0.11238E+02   -0.46622E+01

     U(X-Z) =     0.000     0.000     0.000 A/SEC
  OMGA(X-Z) =     1.000     0.000     0.000 RAD/S

 FTOTH(X-Z) =    0.18081E+01   -0.17545E+02   -0.39286E+01
 TTOTH(X-Z) =   -0.16341E+05   -0.16551E+03   -0.38887E+03

     U(X-Z) =     0.000     0.000     0.000 A/SEC
  OMGA(X-Z) =     0.000     1.000     0.000 RAD/S

 FTOTH(X-Z) =    0.12276E+02    0.29356E+01    0.11262E+02
 TTOTH(X-Z) =   -0.16673E+03   -0.11157E+05    0.33014E+04

     U(X-Z) =     0.000     0.000     0.000 A/SEC
  OMGA(X-Z) =     0.000     0.000     1.000 RAD/S

 FTOTH(X-Z) =   -0.27662E+01   -0.12141E+02   -0.46714E+01
 TTOTH(X-Z) =   -0.39338E+03    0.33018E+04   -0.14038E+05

 I,J,Ktt,Ktr,Krt,Krr=    1    1  0.1786E+02 -0.1758E+01 -0.1808E+01  0.1634E+05
 I,J,Ktt,Ktr,Krt,Krr=    1    2  0.4599E-01  0.1758E+02 -0.1228E+02  0.1667E+03
 I,J,Ktt,Ktr,Krt,Krr=    1    3  0.2220E+00  0.3895E+01  0.2766E+01  0.3934E+03
 I,J,Ktt,Ktr,Krt,Krr=    2    1  0.4628E-01 -0.1233E+02  0.1754E+02  0.1655E+03
 I,J,Ktt,Ktr,Krt,Krr=    2    2  0.1649E+02 -0.2952E+01 -0.2936E+01  0.1116E+05
 I,J,Ktt,Ktr,Krt,Krr=    2    3 -0.8923E+00 -0.1124E+02  0.1214E+02 -0.3302E+04
 I,J,Ktt,Ktr,Krt,Krr=    3    1  0.2220E+00  0.2804E+01  0.3929E+01  0.3889E+03
 I,J,Ktt,Ktr,Krt,Krr=    3    2 -0.8922E+00  0.1217E+02 -0.1126E+02 -0.3301E+04
 I,J,Ktt,Ktr,Krt,Krr=    3    3  0.1734E+02  0.4662E+01  0.4671E+01  0.1404E+05
  
  Friction Tensors in Center of Resistance
  
  Ktt Tensor (A)
    0.17864E+02    0.45987E-01    0.22204E+00
    0.46279E-01    0.16490E+02   -0.89226E+00
    0.22202E+00   -0.89220E+00    0.17342E+02
  
  Symmetric Krt Tensor (A^2)
   -0.17832E+01   -0.12302E+02    0.27850E+01
    0.17564E+02   -0.29439E+01    0.12158E+02
    0.39117E+01   -0.11250E+02    0.46668E+01
  
  Krr Tensor (A^3)
    0.16341E+05    0.16673E+03    0.39338E+03
    0.16551E+03    0.11157E+05   -0.33018E+04
    0.38887E+03   -0.33014E+04    0.14038E+05
  
 Raw Dtt tensor (no rot/trans coupling correction)
    0.55988E-01   -0.19547E-03   -0.72690E-03
   -0.19646E-03    0.60814E-01    0.31314E-02
   -0.72688E-03    0.31311E-02    0.57833E-01
  
 Raw Drr tensor (no rot/trans coupling correction)
    0.61261E-04   -0.15299E-05   -0.20765E-05
   -0.15165E-05    0.96371E-04    0.22709E-04
   -0.20536E-05    0.22706E-04    0.76632E-04
  
 Raw Dtt tensor, before CD transformation
    0.55987E-01   -0.19118E-03   -0.64774E-03
   -0.19595E-03    0.60811E-01    0.30901E-02
   -0.72763E-03    0.31344E-02    0.57893E-01
  
 Program finished at:                
 Elapsed time CPU_TIME:   101.70800000000000     
