MSMS 2.6.1 started on zukomputer
Copyright M.F. Sanner (1994)
Compilation flags -O2 -DVERBOSE -DTIMING
Atom 1 ignored, radius = 0.000000
INPUT  best_avg1a7m.xyzr 2803 spheres 0 collision only, radii  2.300 to  3.100
PARAM  Probe_radius  1.500 density  1.000 hdensity  3.000
REDUCED SURFACE ...
    RS component 0 identified 1090 1084 1083
    0 free edge(s) found in component 0
    RS component  #faces  #edges #free_edges  #vertices   genus
         0        1802     2703          0        843      30
    Time Reduced Surface real: 0.13 user: 0.13 sys: 0.00
ANALYTICAL SOLVENT EXCLUDED SURFACE...
    Component   0
        Time Surface real: 0.01 user: 0.01 sys: 0.00
        Time Singularities real: 0.00 user: 0.00 sys: 0.00
    SES comp.  #fac.  #edg. #s_edg. #vert. #s_vert. R_h C_h genus
         0     5427  10872     20    5446       40   0   1    1
ANALYTICAL SURFACE AREA :
    Comp. probe_radius,   reent,    toric,   contact    SES       SAS
      0       1.500    1124.729  3097.693  3794.194  8016.615  9440.196
TRIANGULATION...
    Component 0
    component#, vertices,  edges,  faces, genus, density
        0           9971   29913   19942    1     1.244
        Time Triangulation real: 0.05 user: 0.05 sys: 0.00
NUMERICAL VOLUMES AND AREA
    Comp. probe_radius SES_volume SES_area)
       0      1.50    33168.207   7825.798
    Total ses_volume: 33168.207
MSMS terminated normally
Total Time real: 0.33 user: 0.30 sys: 0.00
