 BEST ver.3.90 SFSU/ARAGON
  
 control gtensor value=   1.0000000000000000     
 true area (A^2)=    8016.6149999999998     
 total area (A^2) =    7612.8894134982502     
 centroid coords =   -1.4563531810766674       0.56357630958854421       0.85008627877469556     
  
 first few rows of gr matrix
   9.6566693445465237       -1.4528327316626068       0.43922128903516944        1.8610131674599526      -0.40972346473570465     
  -1.4528327316626068        7.9837102622686427       0.82142011592484598      -0.40972346473570465        1.5365677296182205     
  0.43922128903516977       0.82142011592484687        9.7356567868767332      -0.22351915989309490       0.22854798640899668     
   4.2475738933997373      -0.86246905252405714      -0.43868887557708380        6.2422249516241859      -0.78114279575421564     
 -0.86246905252405714        3.4246204314840250       0.47204893470881315      -0.78114279575421564        4.7912497410061459     
 -0.43868887557708380       0.47204893470881315        3.6718528603802150       0.32742044144538096       0.33464196685853154     
   2.7881058054061612      -0.30012994364711704      -0.56705330681309418        2.0347020514772898      -0.12177714675932712     
 -0.30012994364711704        2.4273007263351176       0.43128677690059025      -0.12177714675932712        1.7355496993133581     
 -0.56705330681309418       0.43128677690059025        3.7284470231653262       0.11724782005676355      -0.15622120637408313     
 first few columns of gr matrix
   9.6566693445465237       -1.4528327316626068       0.43922128903516977        4.2475738933997373      -0.86246905252405714     
  -1.4528327316626068        7.9837102622686427       0.82142011592484687      -0.86246905252405714        3.4246204314840250     
  0.43922128903516944       0.82142011592484598        9.7356567868767332      -0.43868887557708380       0.47204893470881315     
   1.8610131674599526      -0.40972346473570465      -0.22351915989309490        6.2422249516241859      -0.78114279575421564     
 -0.40972346473570465        1.5365677296182205       0.22854798640899668      -0.78114279575421564        4.7912497410061459     
 -0.22351915989309490       0.22854798640899668        1.5564900193604685       0.32742044144538135       0.33464196685853120     
  0.95585501074777135      -0.12363074990371892      -0.23762258192693866        1.4812194511835026       -9.4955982726121574E-002
 -0.12363074990371892       0.88392272620447232       0.20813705576307109       -9.4955982726121574E-002   1.2763540231434445     
 -0.23762258192693866       0.20813705576307109        1.2926489840711839       0.28826819803833675       -8.4762136702235494E-002
  
 about to enter dgetrf
 Just out of dgetrf:                 
  
  **** TRANSLATION/ROTATION FLOWS ****
     U(X-Z) =     1.000     0.000     0.000 A/SEC
  OMGA(X-Z) =     0.000     0.000     0.000 RAD/S

 FTOTH(X-Z) =   -0.17889E+02   -0.43502E-01   -0.22540E+00
 TTOTH(X-Z) =    0.18022E+01    0.17823E+02   -0.88354E+01

     U(X-Z) =     0.000     1.000     0.000 A/SEC
  OMGA(X-Z) =     0.000     0.000     0.000 RAD/S

 FTOTH(X-Z) =   -0.43357E-01   -0.16509E+02    0.89397E+00
 TTOTH(X-Z) =   -0.22852E+02    0.31212E+01   -0.97197E+01

     U(X-Z) =     0.000     0.000     1.000 A/SEC
  OMGA(X-Z) =     0.000     0.000     0.000 RAD/S

 FTOTH(X-Z) =   -0.22532E+00    0.89404E+00   -0.17367E+02
 TTOTH(X-Z) =    0.22240E+01    0.87912E+01   -0.48635E+01

     U(X-Z) =     0.000     0.000     0.000 A/SEC
  OMGA(X-Z) =     1.000     0.000     0.000 RAD/S

 FTOTH(X-Z) =    0.18522E+01   -0.22802E+02    0.21802E+01
 TTOTH(X-Z) =   -0.16419E+05   -0.16998E+03   -0.39101E+03

     U(X-Z) =     0.000     0.000     0.000 A/SEC
  OMGA(X-Z) =     0.000     1.000     0.000 RAD/S

 FTOTH(X-Z) =    0.17754E+02    0.31015E+01    0.88299E+01
 TTOTH(X-Z) =   -0.16951E+03   -0.11208E+05    0.33199E+04

     U(X-Z) =     0.000     0.000     0.000 A/SEC
  OMGA(X-Z) =     0.000     0.000     1.000 RAD/S

 FTOTH(X-Z) =   -0.87953E+01   -0.97031E+01   -0.48819E+01
 TTOTH(X-Z) =   -0.39312E+03    0.33213E+04   -0.14089E+05

 I,J,Ktt,Ktr,Krt,Krr=    1    1  0.1789E+02 -0.1802E+01 -0.1852E+01  0.1642E+05
 I,J,Ktt,Ktr,Krt,Krr=    1    2  0.4336E-01  0.2285E+02 -0.1775E+02  0.1695E+03
 I,J,Ktt,Ktr,Krt,Krr=    1    3  0.2253E+00 -0.2224E+01  0.8795E+01  0.3931E+03
 I,J,Ktt,Ktr,Krt,Krr=    2    1  0.4350E-01 -0.1782E+02  0.2280E+02  0.1700E+03
 I,J,Ktt,Ktr,Krt,Krr=    2    2  0.1651E+02 -0.3121E+01 -0.3101E+01  0.1121E+05
 I,J,Ktt,Ktr,Krt,Krr=    2    3 -0.8940E+00 -0.8791E+01  0.9703E+01 -0.3321E+04
 I,J,Ktt,Ktr,Krt,Krr=    3    1  0.2254E+00  0.8835E+01 -0.2180E+01  0.3910E+03
 I,J,Ktt,Ktr,Krt,Krr=    3    2 -0.8940E+00  0.9720E+01 -0.8830E+01 -0.3320E+04
 I,J,Ktt,Ktr,Krt,Krr=    3    3  0.1737E+02  0.4863E+01  0.4882E+01  0.1409E+05
  
  Friction Tensors in Center of Resistance
  
  Ktt Tensor (A)
    0.17889E+02    0.43357E-01    0.22532E+00
    0.43502E-01    0.16509E+02   -0.89404E+00
    0.22540E+00   -0.89397E+00    0.17367E+02
  
  Symmetric Krt Tensor (A^2)
   -0.18272E+01   -0.17788E+02    0.88154E+01
    0.22827E+02   -0.31113E+01    0.97114E+01
   -0.22021E+01   -0.88105E+01    0.48727E+01
  
  Krr Tensor (A^3)
    0.16419E+05    0.16951E+03    0.39312E+03
    0.16998E+03    0.11208E+05   -0.33213E+04
    0.39101E+03   -0.33199E+04    0.14089E+05
  
 Raw Dtt tensor (no rot/trans coupling correction)
    0.55911E-01   -0.18663E-03   -0.73502E-03
   -0.18714E-03    0.60741E-01    0.31294E-02
   -0.73528E-03    0.31291E-02    0.57751E-01
  
 Raw Drr tensor (no rot/trans coupling correction)
    0.60971E-04   -0.15330E-05   -0.20626E-05
   -0.15331E-05    0.95956E-04    0.22663E-04
   -0.20534E-05    0.22653E-04    0.76374E-04
  
 Raw Dtt tensor, before CD transformation
    0.55911E-01   -0.18293E-03   -0.66657E-03
   -0.18640E-03    0.60738E-01    0.30711E-02
   -0.73596E-03    0.31320E-02    0.57805E-01
  
 Program finished at:                
 Elapsed time CPU_TIME:   183.43599999999998     
