MSMS 2.6.1 started on zukomputer
Copyright M.F. Sanner (1994)
Compilation flags -O2 -DVERBOSE -DTIMING
Atom 1 ignored, radius = 0.000000
INPUT  best_dim1hco.xyzr 4564 spheres 0 collision only, radii  2.400 to  3.100
PARAM  Probe_radius  1.500 density  1.000 hdensity  3.000
REDUCED SURFACE ...
    RS component 0 identified 3480 3479 3478
    0 free edge(s) found in component 0
    RS component  #faces  #edges #free_edges  #vertices   genus
         0        2436     3654          0       1180      20
    Time Reduced Surface real: 0.09 user: 0.10 sys: 0.00
ANALYTICAL SOLVENT EXCLUDED SURFACE...
    Component   0
        Time Surface real: 0.01 user: 0.00 sys: 0.00
        Time Singularities real: 0.00 user: 0.00 sys: 0.00
    SES comp.  #fac.  #edg. #s_edg. #vert. #s_vert. R_h C_h genus
         0     7349  14733     53    7386       70   0   0    0
ANALYTICAL SURFACE AREA :
    Comp. probe_radius,   reent,    toric,   contact    SES       SAS
      0       1.500    2500.282  6625.695  8382.336 17508.312 19205.488
TRIANGULATION...
    Component 0
    component#, vertices,  edges,  faces, genus, density
        0          17497   52485   34990    0     0.999
        Time Triangulation real: 0.07 user: 0.06 sys: 0.00
NUMERICAL VOLUMES AND AREA
    Comp. probe_radius SES_volume SES_area)
       0      1.50    107852.430  17095.682
    Total ses_volume: 107852.430
MSMS terminated normally
Total Time real: 0.43 user: 0.36 sys: 0.00
