 BEST ver.3.90 SFSU/ARAGON
  
 control gtensor value=   1.0000000000000000     
 true area (A^2)=    5773.8540000000003     
 total area (A^2) =    5429.8513556795497     
 centroid coords =    46.508139685792294        23.617303107923533        4.7844427937158489     
  
 first few rows of gr matrix
   6.4186367630473846        1.4107488358468032       -9.7720806215284312E-002   1.2246802050716195        7.0476209499089296E-002
   1.4107488358468023        7.7994892211494449      -0.29431472965465372        7.0476209499089296E-002   1.6465273370323352     
  -9.7720806215284090E-002 -0.29431472965465327        7.9265791666361123       -7.6282792461952090E-002 -0.52129044198972441     
   1.1897510534550266        4.1600797226472142E-002  -2.0976470632884985E-002   7.4041140202838278       0.34346723155514985     
   4.1600797226472142E-002   1.5582763327878693      -0.51729822127865710       0.34346723155515080        9.8630280413451281     
  -2.0976470632884985E-002 -0.51729822127865710        1.8790577709842149        1.3334316036896157      -0.12355295424223511     
  0.80352079856465242       -8.2625053458440692E-002  0.11062687733273273        3.8879571669464861      -0.22495760091949882     
  -8.2625053458440692E-002   1.0525425924576997      -0.34661331869572565      -0.22495760091949882        3.6483860214876698     
  0.11062687733273273      -0.34661331869572565        1.1851271808620316       0.85424271109344774      -0.27127940571939674     
 first few columns of gr matrix
   6.4186367630473846        1.4107488358468023       -9.7720806215284090E-002   1.1897510534550266        4.1600797226472142E-002
   1.4107488358468032        7.7994892211494449      -0.29431472965465327        4.1600797226472142E-002   1.5582763327878693     
  -9.7720806215284312E-002 -0.29431472965465372        7.9265791666361123       -2.0976470632884985E-002 -0.51729822127865710     
   1.2246802050716195        7.0476209499089296E-002  -7.6282792461952090E-002   7.4041140202838278       0.34346723155515080     
   7.0476209499089296E-002   1.6465273370323352      -0.52129044198972441       0.34346723155514985        9.8630280413451281     
  -7.6282792461952090E-002 -0.52129044198972441        1.9444070283088015        1.3334316036896152      -0.12355295424223511     
  0.75991683745496097       -4.7473851647484459E-002   7.3662622978042505E-002   2.7247006127893685      -0.23533044285512725     
  -4.7473851647484459E-002   1.0014326071575410      -0.32242353413343938      -0.23533044285512725        2.7153152523059525     
   7.3662622978042505E-002 -0.32242353413343938        1.2200956438172372       0.66790622838670244      -0.28717127181057223     
  
 about to enter dgetrf
 Just out of dgetrf:                 
  
  **** TRANSLATION/ROTATION FLOWS ****
     U(X-Z) =     1.000     0.000     0.000 A/SEC
  OMGA(X-Z) =     0.000     0.000     0.000 RAD/S

 FTOTH(X-Z) =   -0.14528E+02    0.14387E-01   -0.12205E+00
 TTOTH(X-Z) =   -0.34226E+00   -0.24220E+00   -0.27808E+01

     U(X-Z) =     0.000     1.000     0.000 A/SEC
  OMGA(X-Z) =     0.000     0.000     0.000 RAD/S

 FTOTH(X-Z) =    0.14487E-01   -0.14973E+02    0.23018E+00
 TTOTH(X-Z) =   -0.21295E+01   -0.25154E+00    0.25791E+01

     U(X-Z) =     0.000     0.000     1.000 A/SEC
  OMGA(X-Z) =     0.000     0.000     0.000 RAD/S

 FTOTH(X-Z) =   -0.12204E+00    0.23008E+00   -0.14167E+02
 TTOTH(X-Z) =    0.23660E+01   -0.51746E+01    0.55496E+00

     U(X-Z) =     0.000     0.000     0.000 A/SEC
  OMGA(X-Z) =     1.000     0.000     0.000 RAD/S

 FTOTH(X-Z) =   -0.33444E+00   -0.20509E+01    0.24585E+01
 TTOTH(X-Z) =   -0.76328E+04    0.65161E+02   -0.21236E+03

     U(X-Z) =     0.000     0.000     0.000 A/SEC
  OMGA(X-Z) =     0.000     1.000     0.000 RAD/S

 FTOTH(X-Z) =   -0.29509E+00   -0.24818E+00   -0.52339E+01
 TTOTH(X-Z) =    0.64140E+02   -0.83034E+04    0.34407E+03

     U(X-Z) =     0.000     0.000     0.000 A/SEC
  OMGA(X-Z) =     0.000     0.000     1.000 RAD/S

 FTOTH(X-Z) =   -0.28475E+01    0.26150E+01    0.55885E+00
 TTOTH(X-Z) =   -0.21009E+03    0.34640E+03   -0.68773E+04

 I,J,Ktt,Ktr,Krt,Krr=    1    1  0.1453E+02  0.3423E+00  0.3344E+00  0.7633E+04
 I,J,Ktt,Ktr,Krt,Krr=    1    2 -0.1449E-01  0.2129E+01  0.2951E+00 -0.6414E+02
 I,J,Ktt,Ktr,Krt,Krr=    1    3  0.1220E+00 -0.2366E+01  0.2848E+01  0.2101E+03
 I,J,Ktt,Ktr,Krt,Krr=    2    1 -0.1439E-01  0.2422E+00  0.2051E+01 -0.6516E+02
 I,J,Ktt,Ktr,Krt,Krr=    2    2  0.1497E+02  0.2515E+00  0.2482E+00  0.8303E+04
 I,J,Ktt,Ktr,Krt,Krr=    2    3 -0.2301E+00  0.5175E+01 -0.2615E+01 -0.3464E+03
 I,J,Ktt,Ktr,Krt,Krr=    3    1  0.1221E+00  0.2781E+01 -0.2458E+01  0.2124E+03
 I,J,Ktt,Ktr,Krt,Krr=    3    2 -0.2302E+00 -0.2579E+01  0.5234E+01 -0.3441E+03
 I,J,Ktt,Ktr,Krt,Krr=    3    3  0.1417E+02 -0.5550E+00 -0.5588E+00  0.6877E+04
  
  Friction Tensors in Center of Resistance
  
  Ktt Tensor (A)
    0.14528E+02   -0.14487E-01    0.12204E+00
   -0.14387E-01    0.14973E+02   -0.23008E+00
    0.12205E+00   -0.23018E+00    0.14167E+02
  
  Symmetric Krt Tensor (A^2)
    0.33835E+00    0.26864E+00    0.28141E+01
    0.20902E+01    0.24986E+00   -0.25970E+01
   -0.24122E+01    0.52043E+01   -0.55691E+00
  
  Krr Tensor (A^3)
    0.76328E+04   -0.64140E+02    0.21009E+03
   -0.65161E+02    0.83034E+04   -0.34640E+03
    0.21236E+03   -0.34407E+03    0.68773E+04
  
 Raw Dtt tensor (no rot/trans coupling correction)
    0.68836E-01    0.57502E-04   -0.59205E-03
    0.57043E-04    0.66804E-01    0.10844E-02
   -0.59213E-03    0.10849E-02    0.70611E-01
  
 Raw Drr tensor (no rot/trans coupling correction)
    0.13113E-03    0.84872E-06   -0.39630E-05
    0.86194E-06    0.12069E-03    0.60527E-05
   -0.40060E-05    0.60119E-05    0.14583E-03
  
 Raw Dtt tensor, before CD transformation
    0.68836E-01    0.57480E-04   -0.59345E-03
    0.57064E-04    0.66804E-01    0.10820E-02
   -0.59221E-03    0.10851E-02    0.70620E-01
  
 Program finished at:                
 Elapsed time CPU_TIME:   32.972000000000001     
