 BEST ver.3.90 SFSU/ARAGON
  
 control gtensor value=   1.0000000000000000     
 true area (A^2)=    5773.8540000000003     
 total area (A^2) =    5469.8788275816478     
 centroid coords =    46.478358132446566        23.396761429758936        4.8881814907176508     
  
 first few rows of gr matrix
   6.1560181733040293       0.93417282433436344      -0.33933948130673597       0.93625676289306681        7.3128350210540261E-002
  0.93417282433436366        8.5614693837138844        4.2424573314786551E-004   7.3128350210540261E-002   1.2822889354350642     
 -0.33933948130673575        4.2424573314789327E-004   8.4713898815435762       -5.4457389770857838E-002 -0.39532913365493760     
   1.4461473995266878        9.0885254199544324E-002  -7.1487886848636287E-002   5.6738046520940575       0.78861377866523674     
   9.0885254199544324E-002   2.0484046511149478      -0.64130621949587674       0.78861377866523630        7.4371717048956230     
  -7.1487886848636287E-002 -0.64130621949587674        2.1818741747050590       0.86826953591790468      -0.13920154974255960     
  0.99570386798452915      -0.11109749299399335       0.15172181698581683        2.4597245108331220      -0.21844500467024938     
 -0.11109749299399335        1.2957207439638401      -0.41531247537007454      -0.21844500467024938        2.2441951785614616     
  0.15172181698581683      -0.41531247537007454        1.4702163472306780       0.56418465793388817      -0.24141326091269708     
 first few columns of gr matrix
   6.1560181733040293       0.93417282433436366      -0.33933948130673575        1.4461473995266878        9.0885254199544324E-002
  0.93417282433436344        8.5614693837138844        4.2424573314789327E-004   9.0885254199544324E-002   2.0484046511149478     
 -0.33933948130673597        4.2424573314786551E-004   8.4713898815435762       -7.1487886848636287E-002 -0.64130621949587674     
  0.93625676289306681        7.3128350210540261E-002  -5.4457389770857838E-002   5.6738046520940575       0.78861377866523630     
   7.3128350210540261E-002   1.2822889354350642      -0.39532913365493760       0.78861377866523674        7.4371717048956230     
  -5.4457389770857838E-002 -0.39532913365493760        1.4388624428738470       0.86826953591790468      -0.13920154974255905     
   1.1212209658820940       -6.8457164325479117E-002  0.11864282938371869        3.6444727409261510      -0.17983148487212902     
  -6.8457164325479117E-002   1.4750220738248545      -0.46629169879297661      -0.17983148487212902        3.5886836928739250     
  0.11864282938371869      -0.46629169879297661        1.7403729815164333       0.88564725802599453      -0.39039559613328545     
  
 about to enter dgetrf
 Just out of dgetrf:                 
  
  **** TRANSLATION/ROTATION FLOWS ****
     U(X-Z) =     1.000     0.000     0.000 A/SEC
  OMGA(X-Z) =     0.000     0.000     0.000 RAD/S

 FTOTH(X-Z) =   -0.14548E+02    0.12709E-01   -0.11778E+00
 TTOTH(X-Z) =   -0.32852E+00    0.14947E+01    0.20288E+00

     U(X-Z) =     0.000     1.000     0.000 A/SEC
  OMGA(X-Z) =     0.000     0.000     0.000 RAD/S

 FTOTH(X-Z) =    0.12710E-01   -0.14996E+02    0.22783E+00
 TTOTH(X-Z) =   -0.37422E+01   -0.25837E+00    0.24326E+01

     U(X-Z) =     0.000     0.000     1.000 A/SEC
  OMGA(X-Z) =     0.000     0.000     0.000 RAD/S

 FTOTH(X-Z) =   -0.11781E+00    0.22783E+00   -0.14193E+02
 TTOTH(X-Z) =   -0.46116E+00   -0.52004E+01    0.56010E+00

     U(X-Z) =     0.000     0.000     0.000 A/SEC
  OMGA(X-Z) =     1.000     0.000     0.000 RAD/S

 FTOTH(X-Z) =   -0.33372E+00   -0.36845E+01   -0.46162E+00
 TTOTH(X-Z) =   -0.76569E+04    0.67305E+02   -0.20573E+03

     U(X-Z) =     0.000     0.000     0.000 A/SEC
  OMGA(X-Z) =     0.000     1.000     0.000 RAD/S

 FTOTH(X-Z) =    0.14461E+01   -0.25265E+00   -0.52165E+01
 TTOTH(X-Z) =    0.66720E+02   -0.83390E+04    0.33929E+03

     U(X-Z) =     0.000     0.000     0.000 A/SEC
  OMGA(X-Z) =     0.000     0.000     1.000 RAD/S

 FTOTH(X-Z) =    0.18818E+00    0.24399E+01    0.55974E+00
 TTOTH(X-Z) =   -0.20658E+03    0.33963E+03   -0.69099E+04

 I,J,Ktt,Ktr,Krt,Krr=    1    1  0.1455E+02  0.3285E+00  0.3337E+00  0.7657E+04
 I,J,Ktt,Ktr,Krt,Krr=    1    2 -0.1271E-01  0.3742E+01 -0.1446E+01 -0.6672E+02
 I,J,Ktt,Ktr,Krt,Krr=    1    3  0.1178E+00  0.4612E+00 -0.1882E+00  0.2066E+03
 I,J,Ktt,Ktr,Krt,Krr=    2    1 -0.1271E-01 -0.1495E+01  0.3684E+01 -0.6730E+02
 I,J,Ktt,Ktr,Krt,Krr=    2    2  0.1500E+02  0.2584E+00  0.2527E+00  0.8339E+04
 I,J,Ktt,Ktr,Krt,Krr=    2    3 -0.2278E+00  0.5200E+01 -0.2440E+01 -0.3396E+03
 I,J,Ktt,Ktr,Krt,Krr=    3    1  0.1178E+00 -0.2029E+00  0.4616E+00  0.2057E+03
 I,J,Ktt,Ktr,Krt,Krr=    3    2 -0.2278E+00 -0.2433E+01  0.5217E+01 -0.3393E+03
 I,J,Ktt,Ktr,Krt,Krr=    3    3  0.1419E+02 -0.5601E+00 -0.5597E+00  0.6910E+04
  
  Friction Tensors in Center of Resistance
  
  Ktt Tensor (A)
    0.14548E+02   -0.12710E-01    0.11781E+00
   -0.12709E-01    0.14996E+02   -0.22783E+00
    0.11778E+00   -0.22783E+00    0.14193E+02
  
  Symmetric Krt Tensor (A^2)
    0.33112E+00   -0.14704E+01   -0.19553E+00
    0.37133E+01    0.25551E+00   -0.24363E+01
    0.46139E+00    0.52085E+01   -0.55992E+00
  
  Krr Tensor (A^3)
    0.76569E+04   -0.66720E+02    0.20658E+03
   -0.67305E+02    0.83390E+04   -0.33963E+03
    0.20573E+03   -0.33929E+03    0.69099E+04
  
 Raw Dtt tensor (no rot/trans coupling correction)
    0.68744E-01    0.49607E-04   -0.56983E-03
    0.49605E-04    0.66701E-01    0.10703E-02
   -0.56965E-03    0.10703E-02    0.70478E-01
  
 Raw Drr tensor (no rot/trans coupling correction)
    0.13071E-03    0.88862E-06   -0.38641E-05
    0.89829E-06    0.12016E-03    0.58793E-05
   -0.38476E-05    0.58738E-05    0.14512E-03
  
 Raw Dtt tensor, before CD transformation
    0.68744E-01    0.49522E-04   -0.57545E-03
    0.49625E-04    0.66701E-01    0.10678E-02
   -0.56968E-03    0.10703E-02    0.70482E-01
  
 Program finished at:                
 Elapsed time CPU_TIME:   60.159999999999997     
