 BEST ver.3.90 SFSU/ARAGON
  
 control gtensor value=   1.0000000000000000     
 true area (A^2)=    22585.881000000001     
 total area (A^2) =    20491.340077704997     
 centroid coords =    29.210908718206110        31.749190093708108        23.001412901606479     
  
 first few rows of gr matrix
   8.8085475270393303       -9.1687442555005716E-002  -1.7799917006900392       0.96489807943531936        7.4666797128897636E-002
  -9.1687442555004828E-002   11.063150895904981      -0.41651018383556343        7.4666797128897636E-002   1.4574660981306000     
  -1.7799917006900388      -0.41651018383556254        9.7241364049604329        6.9854067262227829E-002  0.45437675860795546     
  0.83386836323556768       0.10300628546608488        7.4110792562771449E-002   9.8881804671199021        1.4368413577218471     
  0.10300628546608488        1.2894428480382794       0.36537886804569281        1.4368413577218462        11.441546512037513     
   7.4110792562771449E-002  0.36537886804569281        1.1142635012640731        1.5043059301275306      -0.65884782899757210     
  0.96170212206151451        5.1134754769456475E-002  0.21813395728513449        1.4345320301844826      -0.12784362037234734     
   5.1134754769456475E-002  0.93645597076229259       0.13915416945634440      -0.12784362037234734        2.5487061698153854     
  0.21813395728513449       0.13915416945634440        1.6577539298006578        7.8510159805170815E-002 -0.42118647551617455     
 first few columns of gr matrix
   8.8085475270393303       -9.1687442555004828E-002  -1.7799917006900388       0.83386836323556768       0.10300628546608488     
  -9.1687442555005716E-002   11.063150895904981      -0.41651018383556254       0.10300628546608488        1.2894428480382794     
  -1.7799917006900392      -0.41651018383556343        9.7241364049604329        7.4110792562771449E-002  0.36537886804569281     
  0.96489807943531936        7.4666797128897636E-002   6.9854067262227829E-002   9.8881804671199021        1.4368413577218462     
   7.4666797128897636E-002   1.4574660981306000       0.45437675860795546        1.4368413577218471        11.441546512037513     
   6.9854067262227829E-002  0.45437675860795546        1.3711754282899828        1.5043059301275306      -0.65884782899757210     
  0.60594278704518090        1.3372535307590064E-002  0.12332037171516955       0.81103816931861972       -9.1275341049890407E-002
   1.3372535307590064E-002  0.58648989025648679        5.8839515965488531E-002  -9.1275341049890407E-002   1.4454456936744597     
  0.12332037171516955        5.8839515965488531E-002   1.1021289618198302        3.3863366455312169E-002 -0.26978099939097189     
  
 about to enter dgetrf
 Just out of dgetrf:                 
  
  **** TRANSLATION/ROTATION FLOWS ****
     U(X-Z) =     1.000     0.000     0.000 A/SEC
  OMGA(X-Z) =     0.000     0.000     0.000 RAD/S

 FTOTH(X-Z) =   -0.26048E+02    0.22351E-01   -0.10029E+00
 TTOTH(X-Z) =   -0.34789E+01    0.13985E+01    0.16756E+02

     U(X-Z) =     0.000     1.000     0.000 A/SEC
  OMGA(X-Z) =     0.000     0.000     0.000 RAD/S

 FTOTH(X-Z) =    0.22251E-01   -0.27037E+02    0.99128E+00
 TTOTH(X-Z) =   -0.10257E+01    0.50966E+01    0.41401E+01

     U(X-Z) =     0.000     0.000     1.000 A/SEC
  OMGA(X-Z) =     0.000     0.000     0.000 RAD/S

 FTOTH(X-Z) =   -0.10057E+00    0.99145E+00   -0.25880E+02
 TTOTH(X-Z) =   -0.45073E+01   -0.76938E+01   -0.18907E+01

     U(X-Z) =     0.000     0.000     0.000 A/SEC
  OMGA(X-Z) =     1.000     0.000     0.000 RAD/S

 FTOTH(X-Z) =   -0.35612E+01   -0.96020E+00   -0.45066E+01
 TTOTH(X-Z) =   -0.46582E+05    0.15202E+04   -0.13683E+04

     U(X-Z) =     0.000     0.000     0.000 A/SEC
  OMGA(X-Z) =     0.000     1.000     0.000 RAD/S

 FTOTH(X-Z) =    0.14203E+01    0.52283E+01   -0.78401E+01
 TTOTH(X-Z) =    0.15178E+04   -0.50877E+05    0.56198E+04

     U(X-Z) =     0.000     0.000     0.000 A/SEC
  OMGA(X-Z) =     0.000     0.000     1.000 RAD/S

 FTOTH(X-Z) =    0.16668E+02    0.42575E+01   -0.18959E+01
 TTOTH(X-Z) =   -0.13653E+04    0.56176E+04   -0.43580E+05

 I,J,Ktt,Ktr,Krt,Krr=    1    1  0.2605E+02  0.3479E+01  0.3561E+01  0.4658E+05
 I,J,Ktt,Ktr,Krt,Krr=    1    2 -0.2225E-01  0.1026E+01 -0.1420E+01 -0.1518E+04
 I,J,Ktt,Ktr,Krt,Krr=    1    3  0.1006E+00  0.4507E+01 -0.1667E+02  0.1365E+04
 I,J,Ktt,Ktr,Krt,Krr=    2    1 -0.2235E-01 -0.1398E+01  0.9602E+00 -0.1520E+04
 I,J,Ktt,Ktr,Krt,Krr=    2    2  0.2704E+02 -0.5097E+01 -0.5228E+01  0.5088E+05
 I,J,Ktt,Ktr,Krt,Krr=    2    3 -0.9915E+00  0.7694E+01 -0.4257E+01 -0.5618E+04
 I,J,Ktt,Ktr,Krt,Krr=    3    1  0.1003E+00 -0.1676E+02  0.4507E+01  0.1368E+04
 I,J,Ktt,Ktr,Krt,Krr=    3    2 -0.9913E+00 -0.4140E+01  0.7840E+01 -0.5620E+04
 I,J,Ktt,Ktr,Krt,Krr=    3    3  0.2588E+02  0.1891E+01  0.1896E+01  0.4358E+05
  
  Friction Tensors in Center of Resistance
  
  Ktt Tensor (A)
    0.26048E+02   -0.22251E-01    0.10057E+00
   -0.22351E-01    0.27037E+02   -0.99145E+00
    0.10029E+00   -0.99128E+00    0.25880E+02
  
  Symmetric Krt Tensor (A^2)
    0.35200E+01   -0.14094E+01   -0.16712E+02
    0.99293E+00   -0.51624E+01   -0.41988E+01
    0.45070E+01    0.77669E+01    0.18933E+01
  
  Krr Tensor (A^3)
    0.46582E+05   -0.15178E+04    0.13653E+04
   -0.15202E+04    0.50877E+05   -0.56176E+04
    0.13683E+04   -0.56198E+04    0.43580E+05
  
 Raw Dtt tensor (no rot/trans coupling correction)
    0.38392E-01    0.26163E-04   -0.14819E-03
    0.26319E-04    0.37039E-01    0.14188E-02
   -0.14777E-03    0.14186E-02    0.38694E-01
  
 Raw Drr tensor (no rot/trans coupling correction)
    0.21504E-04    0.57532E-06   -0.59952E-06
    0.57621E-06    0.19955E-04    0.25542E-05
   -0.60086E-06    0.25552E-05    0.23294E-04
  
 Raw Dtt tensor, before CD transformation
    0.38392E-01    0.26098E-04   -0.14996E-03
    0.26311E-04    0.37039E-01    0.14210E-02
   -0.14781E-03    0.14189E-02    0.38704E-01
  
 Program finished at:                
 Elapsed time CPU_TIME:   193.23599999999999     
