MSMS 2.6.1 started on zukomputer
Copyright M.F. Sanner (1994)
Compilation flags -O2 -DVERBOSE -DTIMING
Atom 1 ignored, radius = 0.000000
INPUT  best_1ao6.xyzr 4651 spheres 0 collision only, radii  2.500 to  3.100
PARAM  Probe_radius  1.500 density  1.000 hdensity  3.000
REDUCED SURFACE ...
    RS component 0 identified 2935 2933 2934
    0 free edge(s) found in component 0
    RS component  #faces  #edges #free_edges  #vertices   genus
         0        3080     4620          0       1454      44
    Time Reduced Surface real: 0.10 user: 0.09 sys: 0.00
ANALYTICAL SOLVENT EXCLUDED SURFACE...
    Component   0
        Time Surface real: 0.01 user: 0.01 sys: 0.00
        Time Singularities real: 0.00 user: 0.00 sys: 0.00
    SES comp.  #fac.  #edg. #s_edg. #vert. #s_vert. R_h C_h genus
         0     9291  18627     49    9338       98   0   0    0
ANALYTICAL SURFACE AREA :
    Comp. probe_radius,   reent,    toric,   contact    SES       SAS
      0       1.500    3366.765  8517.439 10701.677 22585.881 24683.621
TRIANGULATION...
    Component 0
    component#, vertices,  edges,  faces, genus, density
        0          22147   66435   44290    0     0.981
        Time Triangulation real: 0.08 user: 0.08 sys: 0.00
NUMERICAL VOLUMES AND AREA
    Comp. probe_radius SES_volume SES_area)
       0      1.50    112767.992  22037.135
    Total ses_volume: 112767.992
MSMS terminated normally
Total Time real: 0.44 user: 0.36 sys: 0.02
