MSMS 2.6.1 started on zukomputer
Copyright M.F. Sanner (1994)
Compilation flags -O2 -DVERBOSE -DTIMING
Atom 1 ignored, radius = 0.000000
INPUT  best_dim4cha.xyzr 3538 spheres 0 collision only, radii  2.500 to  3.100
PARAM  Probe_radius  1.500 density  1.000 hdensity  3.000
REDUCED SURFACE ...
    RS component 0 identified 562 561 560
    0 free edge(s) found in component 0
    RS component  #faces  #edges #free_edges  #vertices   genus
         0        2026     3039          0        971      22
    Time Reduced Surface real: 0.08 user: 0.07 sys: 0.00
ANALYTICAL SOLVENT EXCLUDED SURFACE...
    Component   0
ERROR: is_point_in_contact_face: not 2 intersection points
ERROR: is_point_in_contact_face: not 2 intersection points
ERROR: is_point_in_contact_face: not 2 intersection points
ERROR: is_point_in_contact_face: not 2 intersection points
WARNING: geodesic which intersects odd number of edges
WARNING: geodesic which intersects odd number of edges
WARNING: geodesic which intersects odd number of edges
        Time Surface real: 0.00 user: 0.01 sys: 0.00
        Time Singularities real: 0.00 user: 0.00 sys: 0.00
    SES comp.  #fac.  #edg. #s_edg. #vert. #s_vert. R_h C_h genus
         0     6107  12237     35    6132       50   0   0    0
ANALYTICAL SURFACE AREA :
    Comp. probe_radius,   reent,    toric,   contact    SES       SAS
      0       1.500    2127.567  5651.257  7377.309 15156.133 16934.959
TRIANGULATION...
    Component 0
ERROR: is_point_in_contact_face: not 2 intersection points
ERROR: is_point_in_contact_face: not 2 intersection points
ERROR: is_point_in_contact_face: not 2 intersection points
ERROR: is_point_in_contact_face: not 2 intersection points
ERROR: is_point_in_contact_face: not 2 intersection points
    component#, vertices,  edges,  faces, genus, density
        0          14835   44499   29666    0     0.979
        Time Triangulation real: 0.07 user: 0.07 sys: 0.00
NUMERICAL VOLUMES AND AREA
    Comp. probe_radius SES_volume SES_area)
       0      1.50    82947.383  14798.078
    Total ses_volume: 82947.383
MSMS terminated normally
Total Time real: 0.25 user: 0.22 sys: 0.00
