 BEST ver.3.90 SFSU/ARAGON
  
 control gtensor value=   1.0000000000000000     
 true area (A^2)=    15156.133000000000     
 total area (A^2) =    14043.362662287722     
 centroid coords =    6.1455928366762116       -9.0342024832855070E-002   33.346758834766050     
  
 first few rows of gr matrix
   9.7104698287630473       0.11182459136807854       0.63047630286038781       0.57949599027764287       0.15857556467976464     
  0.11182459136807843        8.8157228242252685       -1.4981517216100619       0.15857556467976464       0.84391920170419266     
  0.63047630286038769       -1.4981517216100615        7.7124040869427546        7.7648998691475082E-002  0.15532812959525585     
  0.68453236414319185       0.17267998247067987        9.7547346198712886E-002   7.3364697147088354      -0.81184813679561407     
  0.17267998247067987        1.0011796058141784       0.21282849728395531      -0.81184813679561385        7.5913867320655539     
   9.7547346198712886E-002  0.21282849728395531       0.72209298606319117      -0.53064179608792861       -1.4417088833940683     
  0.82868271095750212       0.16825809395213390       0.23228795687297230        1.3526559521126273      -0.36207490695157285     
  0.16825809395213390       0.77574377765400149       0.19526761850393962      -0.36207490695157285        1.8915123870177455     
  0.23228795687297230       0.19526761850393962       0.89467839443540242       0.19977851513287406      -0.41725358840765203     
 first few columns of gr matrix
   9.7104698287630473       0.11182459136807843       0.63047630286038769       0.68453236414319185       0.17267998247067987     
  0.11182459136807854        8.8157228242252685       -1.4981517216100615       0.17267998247067987        1.0011796058141784     
  0.63047630286038781       -1.4981517216100619        7.7124040869427546        9.7547346198712886E-002  0.21282849728395531     
  0.57949599027764287       0.15857556467976464        7.7648998691475082E-002   7.3364697147088354      -0.81184813679561385     
  0.15857556467976464       0.84391920170419266       0.15532812959525585      -0.81184813679561407        7.5913867320655539     
   7.7648998691475082E-002  0.15532812959525585       0.58395975584272697      -0.53064179608792816       -1.4417088833940683     
  0.46183366351292393        9.2584158293430432E-002  0.13260121068022784       0.85694983118178225      -0.22673985596966811     
   9.2584158293430432E-002  0.41362396875473501       0.10222332857531576      -0.22673985596966811        1.1537742596203406     
  0.13260121068022784       0.10222332857531576       0.48915488005839719       0.13012524823380320      -0.23715034677256286     
  
 about to enter dgetrf
 Just out of dgetrf:                 
  
  **** TRANSLATION/ROTATION FLOWS ****
     U(X-Z) =     1.000     0.000     0.000 A/SEC
  OMGA(X-Z) =     0.000     0.000     0.000 RAD/S

 FTOTH(X-Z) =   -0.22416E+02    0.47329E-01   -0.24956E+00
 TTOTH(X-Z) =    0.96784E-02    0.14229E+01    0.23802E+01

     U(X-Z) =     0.000     1.000     0.000 A/SEC
  OMGA(X-Z) =     0.000     0.000     0.000 RAD/S

 FTOTH(X-Z) =    0.47336E-01   -0.23127E+02   -0.18443E+00
 TTOTH(X-Z) =   -0.15261E+01   -0.32389E+00   -0.30303E+01

     U(X-Z) =     0.000     0.000     1.000 A/SEC
  OMGA(X-Z) =     0.000     0.000     0.000 RAD/S

 FTOTH(X-Z) =   -0.24965E+00   -0.18438E+00   -0.21295E+02
 TTOTH(X-Z) =   -0.23651E+01    0.44279E+01    0.38613E+00

     U(X-Z) =     0.000     0.000     0.000 A/SEC
  OMGA(X-Z) =     1.000     0.000     0.000 RAD/S

 FTOTH(X-Z) =   -0.24855E-01   -0.15704E+01   -0.23971E+01
 TTOTH(X-Z) =   -0.29886E+05    0.21089E+03   -0.17054E+04

     U(X-Z) =     0.000     0.000     0.000 A/SEC
  OMGA(X-Z) =     0.000     1.000     0.000 RAD/S

 FTOTH(X-Z) =    0.15015E+01   -0.34416E+00    0.44528E+01
 TTOTH(X-Z) =    0.20999E+03   -0.30918E+05   -0.91719E+03

     U(X-Z) =     0.000     0.000     0.000 A/SEC
  OMGA(X-Z) =     0.000     0.000     1.000 RAD/S

 FTOTH(X-Z) =    0.23560E+01   -0.31135E+01    0.37388E+00
 TTOTH(X-Z) =   -0.17075E+04   -0.91906E+03   -0.22263E+05

 I,J,Ktt,Ktr,Krt,Krr=    1    1  0.2242E+02 -0.9678E-02  0.2485E-01  0.2989E+05
 I,J,Ktt,Ktr,Krt,Krr=    1    2 -0.4734E-01  0.1526E+01 -0.1501E+01 -0.2100E+03
 I,J,Ktt,Ktr,Krt,Krr=    1    3  0.2496E+00  0.2365E+01 -0.2356E+01  0.1708E+04
 I,J,Ktt,Ktr,Krt,Krr=    2    1 -0.4733E-01 -0.1423E+01  0.1570E+01 -0.2109E+03
 I,J,Ktt,Ktr,Krt,Krr=    2    2  0.2313E+02  0.3239E+00  0.3442E+00  0.3092E+05
 I,J,Ktt,Ktr,Krt,Krr=    2    3  0.1844E+00 -0.4428E+01  0.3113E+01  0.9191E+03
 I,J,Ktt,Ktr,Krt,Krr=    3    1  0.2496E+00 -0.2380E+01  0.2397E+01  0.1705E+04
 I,J,Ktt,Ktr,Krt,Krr=    3    2  0.1844E+00  0.3030E+01 -0.4453E+01  0.9172E+03
 I,J,Ktt,Ktr,Krt,Krr=    3    3  0.2129E+02 -0.3861E+00 -0.3739E+00  0.2226E+05
  
  Friction Tensors in Center of Resistance
  
  Ktt Tensor (A)
    0.22416E+02   -0.47336E-01    0.24965E+00
   -0.47329E-01    0.23127E+02    0.18438E+00
    0.24956E+00    0.18443E+00    0.21295E+02
  
  Symmetric Krt Tensor (A^2)
    0.75883E-02   -0.14622E+01   -0.23681E+01
    0.15482E+01    0.33402E+00    0.30719E+01
    0.23811E+01   -0.44403E+01   -0.38000E+00
  
  Krr Tensor (A^3)
    0.29886E+05   -0.20999E+03    0.17075E+04
   -0.21089E+03    0.30918E+05    0.91906E+03
    0.17054E+04    0.91719E+03    0.22263E+05
  
 Raw Dtt tensor (no rot/trans coupling correction)
    0.44616E-01    0.95499E-04   -0.52389E-03
    0.95483E-04    0.43243E-01   -0.37554E-03
   -0.52370E-03   -0.37564E-03    0.46970E-01
  
 Raw Drr tensor (no rot/trans coupling correction)
    0.33610E-04    0.30512E-06   -0.25904E-05
    0.30616E-06    0.32386E-04   -0.13605E-05
   -0.25872E-05   -0.13576E-05    0.45172E-04
  
 Raw Dtt tensor, before CD transformation
    0.44616E-01    0.95497E-04   -0.52366E-03
    0.95478E-04    0.43243E-01   -0.37512E-03
   -0.52371E-03   -0.37565E-03    0.46971E-01
  
 Program finished at:                
 Elapsed time CPU_TIME:   135.47600000000000     
