MSMS 2.6.1 started on zukomputer
Copyright M.F. Sanner (1994)
Compilation flags -O2 -DVERBOSE -DTIMING
Atom 1 ignored, radius = 0.000000
INPUT  best_avg1znf.xyzr 424 spheres 0 collision only, radii  2.300 to  3.100
PARAM  Probe_radius  1.500 density  1.000 hdensity  3.000
REDUCED SURFACE ...
    RS component 0 identified 421 409 420
    0 free edge(s) found in component 0
    RS component  #faces  #edges #free_edges  #vertices   genus
         0         466      699          0        219      8
    Time Reduced Surface real: 0.04 user: 0.03 sys: 0.00
ANALYTICAL SOLVENT EXCLUDED SURFACE...
    Component   0
        Time Surface real: 0.00 user: 0.01 sys: 0.00
        Time Singularities real: 0.00 user: 0.01 sys: 0.00
    SES comp.  #fac.  #edg. #s_edg. #vert. #s_vert. R_h C_h genus
         0     1400   2796      0    1398        0   0   0    0
ANALYTICAL SURFACE AREA :
    Comp. probe_radius,   reent,    toric,   contact    SES       SAS
      0       1.500     203.199   767.318  1039.134  2009.651  2615.025
TRIANGULATION...
    Component 0
    component#, vertices,  edges,  faces, genus, density
        0           2410    7224    4816    0     1.199
        Time Triangulation real: 0.02 user: 0.02 sys: 0.00
NUMERICAL VOLUMES AND AREA
    Comp. probe_radius SES_volume SES_area)
       0      1.50     5564.253   1963.391
    Total ses_volume:  5564.253
MSMS terminated normally
Total Time real: 0.11 user: 0.10 sys: 0.00
