 BEST ver.3.90 SFSU/ARAGON
  
 control gtensor value=   1.0000000000000000     
 true area (A^2)=    35614.320000000000     
 total area (A^2) =    31192.681978277200     
 centroid coords =   -5.3252251359751392        14.652255244755269        6.3111671522921409     
  
 first few rows of gr matrix
   13.172584946180805       -2.4675289413161217       0.48174872675853186        3.1665010632273649      -0.37153505210401477     
  -2.4675289413161225        12.904595578293081        1.1478058757102685      -0.37153505210401477        4.7352364492035717     
  0.48174872675853297        1.1478058757102680        15.044890221949291       0.37896325063637731       -1.0625487574856496     
   1.5761470506990591       -7.9178556918435491E-002   9.0182563886598861E-003   13.728853713880024        1.1999120706583688     
  -7.9178556918435491E-002   2.6819492987824920      -0.59286628277182074        1.1999120706583688        20.223273095575816     
   9.0182563886598861E-003 -0.59286628277182074        1.9448939797987885      -0.88437518350692690       0.67620791917681078     
   3.8314477474812576      -0.26285021740188941      -0.17999160395264358        2.9350449857750407        8.4300915925741904E-002
 -0.26285021740188941        5.1602534632343486        1.3872669675163509        8.4300915925741904E-002   3.4125759992407421     
 -0.17999160395264358        1.3872669675163509        4.5385357925379362      -0.17209082115360125      -0.65182939040394194     
 first few columns of gr matrix
   13.172584946180805       -2.4675289413161225       0.48174872675853297        1.5761470506990591       -7.9178556918435491E-002
  -2.4675289413161217        12.904595578293081        1.1478058757102680       -7.9178556918435491E-002   2.6819492987824920     
  0.48174872675853186        1.1478058757102685        15.044890221949291        9.0182563886598861E-003 -0.59286628277182074     
   3.1665010632273649      -0.37153505210401477       0.37896325063637731        13.728853713880024        1.1999120706583688     
 -0.37153505210401477        4.7352364492035717       -1.0625487574856496        1.1999120706583688        20.223273095575816     
  0.37896325063637731       -1.0625487574856496        4.2513520911487062      -0.88437518350692690       0.67620791917680900     
   5.5589200045173888       -1.1822631552815772      -0.19752878620195236        2.0408416278335384        1.5760893452584968E-002
  -1.1822631552815772        7.3221753166105916       0.80169029753779875        1.5760893452584968E-002   2.8721707577728202     
 -0.19752878620195236       0.80169029753779875        6.3758795780706006       -6.7285983884985842E-002 -0.79292893114029750     
  
 about to enter dgetrf
 Just out of dgetrf:                 
  
  **** TRANSLATION/ROTATION FLOWS ****
     U(X-Z) =     1.000     0.000     0.000 A/SEC
  OMGA(X-Z) =     0.000     0.000     0.000 RAD/S

 FTOTH(X-Z) =   -0.32000E+02   -0.22167E-01    0.13798E+00
 TTOTH(X-Z) =   -0.12781E+02   -0.75155E+01    0.11898E+02

     U(X-Z) =     0.000     1.000     0.000 A/SEC
  OMGA(X-Z) =     0.000     0.000     0.000 RAD/S

 FTOTH(X-Z) =   -0.22272E-01   -0.32413E+02   -0.38582E-01
 TTOTH(X-Z) =    0.46536E+01    0.14655E+02    0.10378E+02

     U(X-Z) =     0.000     0.000     1.000 A/SEC
  OMGA(X-Z) =     0.000     0.000     0.000 RAD/S

 FTOTH(X-Z) =    0.13762E+00   -0.38397E-01   -0.31887E+02
 TTOTH(X-Z) =    0.14017E+02   -0.86087E+01   -0.21430E+01

     U(X-Z) =     0.000     0.000     0.000 A/SEC
  OMGA(X-Z) =     1.000     0.000     0.000 RAD/S

 FTOTH(X-Z) =   -0.12731E+02    0.45439E+01    0.14117E+02
 TTOTH(X-Z) =   -0.80721E+05    0.53563E+02   -0.97916E+03

     U(X-Z) =     0.000     0.000     0.000 A/SEC
  OMGA(X-Z) =     0.000     1.000     0.000 RAD/S

 FTOTH(X-Z) =   -0.75454E+01    0.14800E+02   -0.84942E+01
 TTOTH(X-Z) =    0.71229E+02   -0.82514E+05   -0.85169E+02

     U(X-Z) =     0.000     0.000     0.000 A/SEC
  OMGA(X-Z) =     0.000     0.000     1.000 RAD/S

 FTOTH(X-Z) =    0.11913E+02    0.10047E+02   -0.22169E+01
 TTOTH(X-Z) =   -0.96208E+03   -0.90655E+02   -0.81121E+05

 I,J,Ktt,Ktr,Krt,Krr=    1    1  0.3200E+02  0.1278E+02  0.1273E+02  0.8072E+05
 I,J,Ktt,Ktr,Krt,Krr=    1    2  0.2227E-01 -0.4654E+01  0.7545E+01 -0.7123E+02
 I,J,Ktt,Ktr,Krt,Krr=    1    3 -0.1376E+00 -0.1402E+02 -0.1191E+02  0.9621E+03
 I,J,Ktt,Ktr,Krt,Krr=    2    1  0.2217E-01  0.7516E+01 -0.4544E+01 -0.5356E+02
 I,J,Ktt,Ktr,Krt,Krr=    2    2  0.3241E+02 -0.1466E+02 -0.1480E+02  0.8251E+05
 I,J,Ktt,Ktr,Krt,Krr=    2    3  0.3840E-01  0.8609E+01 -0.1005E+02  0.9066E+02
 I,J,Ktt,Ktr,Krt,Krr=    3    1 -0.1380E+00 -0.1190E+02 -0.1412E+02  0.9792E+03
 I,J,Ktt,Ktr,Krt,Krr=    3    2  0.3858E-01 -0.1038E+02  0.8494E+01  0.8517E+02
 I,J,Ktt,Ktr,Krt,Krr=    3    3  0.3189E+02  0.2143E+01  0.2217E+01  0.8112E+05
  
  Friction Tensors in Center of Resistance
  
  Ktt Tensor (A)
    0.32000E+02    0.22272E-01   -0.13762E+00
    0.22167E-01    0.32413E+02    0.38397E-01
   -0.13798E+00    0.38582E-01    0.31887E+02
  
  Symmetric Krt Tensor (A^2)
    0.12756E+02    0.75305E+01   -0.11906E+02
   -0.45988E+01   -0.14728E+02   -0.10212E+02
   -0.14067E+02    0.85514E+01    0.21799E+01
  
  Krr Tensor (A^3)
    0.80721E+05   -0.71229E+02    0.96208E+03
   -0.53563E+02    0.82514E+05    0.90655E+02
    0.97916E+03    0.85169E+02    0.81121E+05
  
 Raw Dtt tensor (no rot/trans coupling correction)
    0.31250E-01   -0.21633E-04    0.13490E-03
   -0.21532E-04    0.30852E-01   -0.37244E-04
    0.13525E-03   -0.37424E-04    0.31362E-01
  
 Raw Drr tensor (no rot/trans coupling correction)
    0.12390E-04    0.10847E-07   -0.14696E-06
    0.82072E-08    0.12119E-04   -0.13641E-07
   -0.14956E-06   -0.12855E-07    0.12329E-04
  
 Raw Dtt tensor, before CD transformation
    0.31250E-01   -0.21631E-04    0.13322E-03
   -0.21528E-04    0.30852E-01   -0.36320E-04
    0.13526E-03   -0.37427E-04    0.31365E-01
  
 Program finished at:                
 Elapsed time CPU_TIME:   130.52800000000002     
