 BEST ver.3.90 SFSU/ARAGON
  
 control gtensor value=   1.0000000000000000     
 true area (A^2)=    35614.320000000000     
 total area (A^2) =    32062.180722842157     
 centroid coords =   -5.8248950569855120        14.622854334741922        6.5367749391727408     
  
 first few rows of gr matrix
   12.337293217600983       -2.6535656228546509      -0.45255696360754727        1.5820076412476554       -3.4318607841459320E-002
  -2.6535656228546527        12.963620907702076       -1.2034107265521954E-002  -3.4318607841459320E-002   1.6733102527897092     
 -0.45255696360754694       -1.2034107265521066E-002   14.507357784947231       -5.2247564675302803E-002  0.26510328820664131     
   2.7278938947831097      -0.10985665098566395       -6.6613462783210009E-002   8.1977568931901423       -1.3952098195346045     
 -0.10985665098566395        2.8506179830004408       0.47253923395545433       -1.3952098195346045        10.649642960778012     
  -6.6613462783210009E-002  0.47253923395545433        4.9687618128927751       0.41591868906291984       0.13187451881433959     
   1.4459234379003572       -4.0850278823729935E-002   3.3260880409023892E-003  0.82803683105577874       -6.3038704479375499E-002
  -4.0850278823729935E-002   2.3936385775636784      -0.61787045300920207       -6.3038704479375499E-002   1.6258076689014176     
   3.3260880409023892E-003 -0.61787045300920207        1.8697785341933149        1.3814529882573653E-003   1.8790676488221602E-003
 first few columns of gr matrix
   12.337293217600983       -2.6535656228546527      -0.45255696360754694        2.7278938947831097      -0.10985665098566395     
  -2.6535656228546509        12.963620907702076       -1.2034107265521066E-002 -0.10985665098566395        2.8506179830004408     
 -0.45255696360754727       -1.2034107265521954E-002   14.507357784947231       -6.6613462783210009E-002  0.47253923395545433     
   1.5820076412476554       -3.4318607841459320E-002  -5.2247564675302803E-002   8.1977568931901423       -1.3952098195346045     
  -3.4318607841459320E-002   1.6733102527897092       0.26510328820664131       -1.3952098195346045        10.649642960778012     
  -5.2247564675302803E-002  0.26510328820664131        3.0194288439086021       0.41591868906292007       0.13187451881433959     
   1.3178894103342249       -9.1505869677464866E-002   6.4394277034018066E-002   1.3958706909693597      -0.16195593429952446     
  -9.1505869677464866E-002   2.2249321474334973      -0.53531458635152485      -0.16195593429952446        2.6757157015183086     
   6.4394277034018066E-002 -0.53531458635152485        1.6697294644241560        9.7148238550701024E-003  -2.6072832879800750E-002
  
 about to enter dgetrf
 Just out of dgetrf:                 
  
  **** TRANSLATION/ROTATION FLOWS ****
     U(X-Z) =     1.000     0.000     0.000 A/SEC
  OMGA(X-Z) =     0.000     0.000     0.000 RAD/S

 FTOTH(X-Z) =   -0.32125E+02   -0.22763E-01    0.12884E+00
 TTOTH(X-Z) =   -0.12755E+02    0.24758E+00    0.12584E+02

     U(X-Z) =     0.000     1.000     0.000 A/SEC
  OMGA(X-Z) =     0.000     0.000     0.000 RAD/S

 FTOTH(X-Z) =   -0.22818E-01   -0.32554E+02   -0.42731E-01
 TTOTH(X-Z) =   -0.34172E+01    0.14386E+02   -0.62807E+01

     U(X-Z) =     0.000     0.000     1.000 A/SEC
  OMGA(X-Z) =     0.000     0.000     0.000 RAD/S

 FTOTH(X-Z) =    0.12875E+00   -0.42777E-01   -0.32036E+02
 TTOTH(X-Z) =    0.13088E+02    0.71820E+01   -0.17177E+01

     U(X-Z) =     0.000     0.000     0.000 A/SEC
  OMGA(X-Z) =     1.000     0.000     0.000 RAD/S

 FTOTH(X-Z) =   -0.12863E+02   -0.32529E+01    0.13186E+02
 TTOTH(X-Z) =   -0.81659E+05   -0.43290E+02   -0.94904E+03

     U(X-Z) =     0.000     0.000     0.000 A/SEC
  OMGA(X-Z) =     0.000     1.000     0.000 RAD/S

 FTOTH(X-Z) =   -0.36436E-01    0.14448E+02    0.72928E+01
 TTOTH(X-Z) =   -0.34586E+02   -0.83607E+05   -0.29655E+02

     U(X-Z) =     0.000     0.000     0.000 A/SEC
  OMGA(X-Z) =     0.000     0.000     1.000 RAD/S

 FTOTH(X-Z) =    0.12620E+02   -0.64292E+01   -0.17226E+01
 TTOTH(X-Z) =   -0.94950E+03   -0.29433E+02   -0.82190E+05

 I,J,Ktt,Ktr,Krt,Krr=    1    1  0.3212E+02  0.1275E+02  0.1286E+02  0.8166E+05
 I,J,Ktt,Ktr,Krt,Krr=    1    2  0.2282E-01  0.3417E+01  0.3644E-01  0.3459E+02
 I,J,Ktt,Ktr,Krt,Krr=    1    3 -0.1288E+00 -0.1309E+02 -0.1262E+02  0.9495E+03
 I,J,Ktt,Ktr,Krt,Krr=    2    1  0.2276E-01 -0.2476E+00  0.3253E+01  0.4329E+02
 I,J,Ktt,Ktr,Krt,Krr=    2    2  0.3255E+02 -0.1439E+02 -0.1445E+02  0.8361E+05
 I,J,Ktt,Ktr,Krt,Krr=    2    3  0.4278E-01 -0.7182E+01  0.6429E+01  0.2943E+02
 I,J,Ktt,Ktr,Krt,Krr=    3    1 -0.1288E+00 -0.1258E+02 -0.1319E+02  0.9490E+03
 I,J,Ktt,Ktr,Krt,Krr=    3    2  0.4273E-01  0.6281E+01 -0.7293E+01  0.2966E+02
 I,J,Ktt,Ktr,Krt,Krr=    3    3  0.3204E+02  0.1718E+01  0.1723E+01  0.8219E+05
  
  Friction Tensors in Center of Resistance
  
  Ktt Tensor (A)
    0.32125E+02    0.22818E-01   -0.12875E+00
    0.22763E-01    0.32554E+02    0.42777E-01
   -0.12884E+00    0.42731E-01    0.32036E+02
  
  Symmetric Krt Tensor (A^2)
    0.12809E+02   -0.10557E+00   -0.12602E+02
    0.33350E+01   -0.14417E+02    0.63550E+01
   -0.13137E+02   -0.72374E+01    0.17202E+01
  
  Krr Tensor (A^3)
    0.81659E+05    0.34586E+02    0.94950E+03
    0.43290E+02    0.83607E+05    0.29433E+02
    0.94904E+03    0.29655E+02    0.82190E+05
  
 Raw Dtt tensor (no rot/trans coupling correction)
    0.31129E-01   -0.21983E-04    0.12514E-03
   -0.21931E-04    0.30718E-01   -0.41106E-04
    0.12522E-03   -0.41062E-04    0.31216E-01
  
 Raw Drr tensor (no rot/trans coupling correction)
    0.12248E-04   -0.50163E-08   -0.14149E-06
   -0.62917E-08    0.11961E-04   -0.42106E-08
   -0.14142E-06   -0.42577E-08    0.12169E-04
  
 Raw Dtt tensor, before CD transformation
    0.31129E-01   -0.21981E-04    0.12318E-03
   -0.21936E-04    0.30718E-01   -0.42301E-04
    0.12523E-03   -0.41065E-04    0.31218E-01
  
 Program finished at:                
 Elapsed time CPU_TIME:   388.87600000000003     
