MSMS 2.6.1 started on zukomputer
Copyright M.F. Sanner (1994)
Compilation flags -O2 -DVERBOSE -DTIMING
Atom 1 ignored, radius = 0.000000
INPUT  best_dim2gd1.xyzr 10604 spheres 0 collision only, radii  2.500 to  3.100
PARAM  Probe_radius  1.500 density  1.000 hdensity  3.000
REDUCED SURFACE ...
    RS component 0 identified 10346 10344 3365
    0 free edge(s) found in component 0
    RS component  #faces  #edges #free_edges  #vertices   genus
         0        5152     7728          0       2516      31
    Time Reduced Surface real: 0.18 user: 0.17 sys: 0.00
ANALYTICAL SOLVENT EXCLUDED SURFACE...
    Component   0
        Time Surface real: 0.01 user: 0.02 sys: 0.00
        Time Singularities real: 0.01 user: 0.00 sys: 0.00
    SES comp.  #fac.  #edg. #s_edg. #vert. #s_vert. R_h C_h genus
         0    15509  31059     53   15552       96   0   0    0
ANALYTICAL SURFACE AREA :
    Comp. probe_radius,   reent,    toric,   contact    SES       SAS
      0       1.500    5079.726 13754.656 16779.936 35614.320 38957.348
TRIANGULATION...
    Component 0
    component#, vertices,  edges,  faces, genus, density
        0          34778  104328   69552    0     0.977
        Time Triangulation real: 0.12 user: 0.12 sys: 0.00
NUMERICAL VOLUMES AND AREA
    Comp. probe_radius SES_volume SES_area)
       0      1.50    236586.672  34761.449
    Total ses_volume: 236586.672
MSMS terminated normally
Total Time real: 0.69 user: 0.58 sys: 0.02
