MSMS 2.6.1 started on zukomputer
Copyright M.F. Sanner (1994)
Compilation flags -O2 -DVERBOSE -DTIMING
Atom 1 ignored, radius = 0.000000
INPUT  best_avg1wrt.xyzr 3380 spheres 0 collision only, radii  2.300 to  3.100
PARAM  Probe_radius  1.500 density  1.000 hdensity  3.000
REDUCED SURFACE ...
    RS component 0 identified 2898 2890 2901
    0 free edge(s) found in component 0
    RS component  #faces  #edges #free_edges  #vertices   genus
         0        2850     4275          0       1293      67
    Time Reduced Surface real: 0.15 user: 0.15 sys: 0.00
ANALYTICAL SOLVENT EXCLUDED SURFACE...
    Component   0
        Time Surface real: 0.01 user: 0.00 sys: 0.00
        Time Singularities real: 0.01 user: 0.00 sys: 0.00
    SES comp.  #fac.  #edg. #s_edg. #vert. #s_vert. R_h C_h genus
         0     8596  17232     60    8638       80   0   0    0
ANALYTICAL SURFACE AREA :
    Comp. probe_radius,   reent,    toric,   contact    SES       SAS
      0       1.500    1843.587  5050.327  6263.217 13157.131 15586.952
TRIANGULATION...
    Component 0
    component#, vertices,  edges,  faces, genus, density
        0          16254   48756   32504    0     1.235
        Time Triangulation real: 0.07 user: 0.07 sys: 0.00
NUMERICAL VOLUMES AND AREA
    Comp. probe_radius SES_volume SES_area)
       0      1.50    48031.574  12841.163
    Total ses_volume: 48031.574
MSMS terminated normally
Total Time real: 0.40 user: 0.35 sys: 0.01
