MSMS 2.6.1 started on zukomputer
Copyright M.F. Sanner (1994)
Compilation flags -O2 -DVERBOSE -DTIMING
Atom 1 ignored, radius = 0.000000
INPUT  best_1hfx.xyzr 1069 spheres 0 collision only, radii  2.500 to  3.100
PARAM  Probe_radius  1.500 density  1.000 hdensity  3.000
REDUCED SURFACE ...
    RS component 0 identified 1051 155 156
    0 free edge(s) found in component 0
    RS component  #faces  #edges #free_edges  #vertices   genus
         0         758     1137          0        368      6.5
    Time Reduced Surface real: 0.03 user: 0.03 sys: 0.00
ANALYTICAL SOLVENT EXCLUDED SURFACE...
    Component   0
        Time Surface real: 0.00 user: 0.01 sys: 0.00
        Time Singularities real: 0.00 user: 0.00 sys: 0.00
    SES comp.  #fac.  #edg. #s_edg. #vert. #s_vert. R_h C_h genus
         0     2283   4569      7    2288       14   0   0    0
ANALYTICAL SURFACE AREA :
    Comp. probe_radius,   reent,    toric,   contact    SES       SAS
      0       1.500     756.762  2323.755  3168.978  6249.495  7424.314
TRIANGULATION...
    Component 0
    component#, vertices,  edges,  faces, genus, density
        0           5796   17382   11588    0     0.927
        Time Triangulation real: 0.03 user: 0.03 sys: 0.00
NUMERICAL VOLUMES AND AREA
    Comp. probe_radius SES_volume SES_area)
       0      1.50    26044.344   6101.110
    Total ses_volume: 26044.344
MSMS terminated normally
Total Time real: 0.16 user: 0.12 sys: 0.00
