 BEST ver.3.90 SFSU/ARAGON
  
 control gtensor value=   1.0000000000000000     
 true area (A^2)=    6457.2560000000003     
 total area (A^2) =    6096.9318909164813     
 centroid coords =   0.24965575019040601      -0.77787319116526887       -16.181942117288642     
  
 first few rows of gr matrix
   6.0918317785093299      -0.16704376522149347      -0.38205428636659866        6.1825142342970301      -0.27982553600368548     
 -0.16704376522149439        6.9034507820146267      -0.53828821835774299      -0.27982553600368548        5.0073353218875862     
 -0.38205428636659866      -0.53828821835774288        4.6254795191147480       -1.2295185772792407       -6.4690215106512433E-002
   1.8994942447724874       -6.2959125570287017E-002 -0.47301572060295688        10.676159748699712      -0.39561619762370814     
  -6.2959125570287017E-002   1.4591108869948073       -2.4077979648415506E-003 -0.39561619762370726        12.338197596820214     
 -0.47301572060295688       -2.4077979648415506E-003   1.5931079512212258       -2.0784734401329734      -0.52288009173763006     
  0.76907658140274460       -6.8965534880679122E-002 -0.24914133797974425        3.8552320703281397      -0.21059743287052826     
  -6.8965534880679122E-002  0.59641884123287225        7.3992186002346555E-002 -0.21059743287052826        3.9857643891797254     
 -0.24914133797974425        7.3992186002346555E-002  0.83961411814827724      -0.81936117746659221       0.79353023627513253     
 first few columns of gr matrix
   6.0918317785093299      -0.16704376522149439      -0.38205428636659866        1.8994942447724874       -6.2959125570287017E-002
 -0.16704376522149347        6.9034507820146267      -0.53828821835774288       -6.2959125570287017E-002   1.4591108869948073     
 -0.38205428636659866      -0.53828821835774299        4.6254795191147480      -0.47301572060295688       -2.4077979648415506E-003
   6.1825142342970301      -0.27982553600368548       -1.2295185772792407        10.676159748699712      -0.39561619762370726     
 -0.27982553600368548        5.0073353218875862       -6.4690215106512433E-002 -0.39561619762370814        12.338197596820214     
  -1.2295185772792407       -6.4690215106512433E-002   4.7828760543551265       -2.0784734401329734      -0.52288009173762995     
   1.6959098753696367      -0.30820018508128322      -0.44224115511033779        2.3588521228716499      -0.26714788887844221     
 -0.30820018508128322        1.5079407983466167       0.25236152532357847      -0.26714788887844221        2.9414594181742775     
 -0.44224115511033779       0.25236152532357847        1.6595687888440360      -0.46673678183098372       0.44873763492749658     
  
 about to enter dgetrf
 Just out of dgetrf:                 
  
  **** TRANSLATION/ROTATION FLOWS ****
     U(X-Z) =     1.000     0.000     0.000 A/SEC
  OMGA(X-Z) =     0.000     0.000     0.000 RAD/S

 FTOTH(X-Z) =   -0.14951E+02   -0.63509E-01   -0.10654E+01
 TTOTH(X-Z) =    0.33571E+01   -0.10005E+02    0.68500E+01

     U(X-Z) =     0.000     1.000     0.000 A/SEC
  OMGA(X-Z) =     0.000     0.000     0.000 RAD/S

 FTOTH(X-Z) =   -0.63563E-01   -0.16230E+02   -0.97497E-01
 TTOTH(X-Z) =   -0.10621E+00   -0.20278E+01   -0.35593E+01

     U(X-Z) =     0.000     0.000     1.000 A/SEC
  OMGA(X-Z) =     0.000     0.000     0.000 RAD/S

 FTOTH(X-Z) =   -0.10656E+01   -0.97617E-01   -0.16362E+02
 TTOTH(X-Z) =   -0.42658E+01   -0.54564E+01   -0.10826E+01

     U(X-Z) =     0.000     0.000     0.000 A/SEC
  OMGA(X-Z) =     1.000     0.000     0.000 RAD/S

 FTOTH(X-Z) =    0.32891E+01   -0.37800E-01   -0.42442E+01
 TTOTH(X-Z) =   -0.80901E+04   -0.26393E+02   -0.32378E+04

     U(X-Z) =     0.000     0.000     0.000 A/SEC
  OMGA(X-Z) =     0.000     1.000     0.000 RAD/S

 FTOTH(X-Z) =   -0.10089E+02   -0.19988E+01   -0.55006E+01
 TTOTH(X-Z) =   -0.23948E+02   -0.14357E+05   -0.12070E+03

     U(X-Z) =     0.000     0.000     0.000 A/SEC
  OMGA(X-Z) =     0.000     0.000     1.000 RAD/S

 FTOTH(X-Z) =    0.67901E+01   -0.35603E+01   -0.10520E+01
 TTOTH(X-Z) =   -0.32395E+04   -0.12090E+03   -0.12136E+05

 I,J,Ktt,Ktr,Krt,Krr=    1    1  0.1495E+02 -0.3357E+01 -0.3289E+01  0.8090E+04
 I,J,Ktt,Ktr,Krt,Krr=    1    2  0.6356E-01  0.1062E+00  0.1009E+02  0.2395E+02
 I,J,Ktt,Ktr,Krt,Krr=    1    3  0.1066E+01  0.4266E+01 -0.6790E+01  0.3240E+04
 I,J,Ktt,Ktr,Krt,Krr=    2    1  0.6351E-01  0.1001E+02  0.3780E-01  0.2639E+02
 I,J,Ktt,Ktr,Krt,Krr=    2    2  0.1623E+02  0.2028E+01  0.1999E+01  0.1436E+05
 I,J,Ktt,Ktr,Krt,Krr=    2    3  0.9762E-01  0.5456E+01  0.3560E+01  0.1209E+03
 I,J,Ktt,Ktr,Krt,Krr=    3    1  0.1065E+01 -0.6850E+01  0.4244E+01  0.3238E+04
 I,J,Ktt,Ktr,Krt,Krr=    3    2  0.9750E-01  0.3559E+01  0.5501E+01  0.1207E+03
 I,J,Ktt,Ktr,Krt,Krr=    3    3  0.1636E+02  0.1083E+01  0.1052E+01  0.1214E+05
  
  Friction Tensors in Center of Resistance
  
  Ktt Tensor (A)
    0.14951E+02    0.63563E-01    0.10656E+01
    0.63509E-01    0.16230E+02    0.97617E-01
    0.10654E+01    0.97497E-01    0.16362E+02
  
  Symmetric Krt Tensor (A^2)
   -0.33231E+01    0.10047E+02   -0.68200E+01
    0.72005E-01    0.20133E+01    0.35598E+01
    0.42550E+01    0.54785E+01    0.10673E+01
  
  Krr Tensor (A^3)
    0.80901E+04    0.23948E+02    0.32395E+04
    0.26393E+02    0.14357E+05    0.12090E+03
    0.32378E+04    0.12070E+03    0.12136E+05
  
 Raw Dtt tensor (no rot/trans coupling correction)
    0.67197E-01   -0.23690E-03   -0.43748E-02
   -0.23664E-03    0.61619E-01   -0.35222E-03
   -0.43743E-02   -0.35175E-03    0.61405E-01
  
 Raw Drr tensor (no rot/trans coupling correction)
    0.13839E-03    0.79739E-07   -0.36941E-04
    0.56499E-07    0.69660E-04   -0.70901E-06
   -0.36922E-04   -0.71409E-06    0.92259E-04
  
 Raw Dtt tensor, before CD transformation
    0.67196E-01   -0.23700E-03   -0.43572E-02
   -0.23461E-03    0.61619E-01   -0.38078E-03
   -0.43764E-02   -0.35191E-03    0.61434E-01
  
 Program finished at:                
 Elapsed time CPU_TIME:   101.12400000000001     
