MSMS 2.6.1 started on zukomputer
Copyright M.F. Sanner (1994)
Compilation flags -O2 -DVERBOSE -DTIMING
Atom 1 ignored, radius = 0.000000
INPUT  best_avg1hko.xyzr 1699 spheres 0 collision only, radii  2.300 to  3.100
PARAM  Probe_radius  1.500 density  1.000 hdensity  3.000
REDUCED SURFACE ...
    RS component 0 identified 1627 1623 1615
    0 free edge(s) found in component 0
    RS component  #faces  #edges #free_edges  #vertices   genus
         0        1450     2175          0        663      32
    Time Reduced Surface real: 0.12 user: 0.12 sys: 0.00
ANALYTICAL SOLVENT EXCLUDED SURFACE...
    Component   0
        Time Surface real: 0.01 user: 0.01 sys: 0.00
        Time Singularities real: 0.00 user: 0.00 sys: 0.00
    SES comp.  #fac.  #edg. #s_edg. #vert. #s_vert. R_h C_h genus
         0     4359   8721     11    4364       12   0   0    0
ANALYTICAL SURFACE AREA :
    Comp. probe_radius,   reent,    toric,   contact    SES       SAS
      0       1.500     772.102  2483.475  3201.680  6457.256  8027.143
TRIANGULATION...
    Component 0
    component#, vertices,  edges,  faces, genus, density
        0           7778   23328   15552    0     1.205
        Time Triangulation real: 0.07 user: 0.07 sys: 0.00
NUMERICAL VOLUMES AND AREA
    Comp. probe_radius SES_volume SES_area)
       0      1.50    21090.279   6307.627
    Total ses_volume: 21090.279
MSMS terminated normally
Total Time real: 0.34 user: 0.30 sys: 0.01
