 BEST ver.3.90 SFSU/ARAGON
  
 control gtensor value=   1.0000000000000000     
 true area (A^2)=    4593.7240000000002     
 total area (A^2) =    4374.2632476367389     
 centroid coords =   0.81982014767932876      -0.24439398734177273       0.57138686708860753     
  
 first few rows of gr matrix
   6.1866972756104790       0.98155279231825432       0.50328527229697606        1.0214209101858605       0.10406000458780262     
  0.98155279231825387        5.4632479294163421      -0.47762675075316707       0.10406000458780262        1.4984185159853693     
  0.50328527229697617      -0.47762675075316707        6.5313300942222998       -8.2010303450402597E-002 -0.46327887367282683     
  0.47877136100654794        3.3033532903535306E-002  -2.6049369190859466E-002   8.1540910898303487       0.75138310577887268     
   3.3033532903535306E-002  0.70467615809774453      -0.22602817831714433       0.75138310577887357        9.8883342965696688     
  -2.6049369190859466E-002 -0.22602817831714433       0.69445436024427498        1.4736169605647125      -0.57218900376420501     
  0.41463727009559653        4.8789572577631925E-002  -2.8713845746712000E-002   4.0718942787535015       0.34877734465389265     
   4.8789572577631925E-002  0.67312713858572926      -0.17737041602964407       0.34877734465389265        5.9042520147912949     
  -2.8713845746712000E-002 -0.17737041602964407       0.52364506689687706       0.56510659892614545       0.30889986404313974     
 first few columns of gr matrix
   6.1866972756104790       0.98155279231825387       0.50328527229697617       0.47877136100654794        3.3033532903535306E-002
  0.98155279231825432        5.4632479294163421      -0.47762675075316707        3.3033532903535306E-002  0.70467615809774453     
  0.50328527229697606      -0.47762675075316707        6.5313300942222998       -2.6049369190859466E-002 -0.22602817831714433     
   1.0214209101858605       0.10406000458780262       -8.2010303450402597E-002   8.1540910898303487       0.75138310577887357     
  0.10406000458780262        1.4984185159853693      -0.46327887367282683       0.75138310577887268        9.8883342965696688     
  -8.2010303450402597E-002 -0.46327887367282683        1.4480899218300431        1.4736169605647125      -0.57218900376420434     
  0.18993487372876669        2.9690242512052319E-002  -1.7818395739227499E-002  0.83290682253679893       0.15231370357044857     
   2.9690242512052319E-002  0.30498034523564621       -7.7871124179092158E-002  0.15231370357044857        1.2589830995150104     
  -1.7818395739227499E-002  -7.7871124179092158E-002  0.23213970477690274        8.9058271013884999E-002   5.6327272884504148E-002
  
 about to enter dgetrf
 Just out of dgetrf:                 
  
  **** TRANSLATION/ROTATION FLOWS ****
     U(X-Z) =     1.000     0.000     0.000 A/SEC
  OMGA(X-Z) =     0.000     0.000     0.000 RAD/S

 FTOTH(X-Z) =   -0.12607E+02   -0.51086E-01   -0.30773E-01
 TTOTH(X-Z) =   -0.52041E+00    0.13005E+01   -0.10182E+01

     U(X-Z) =     0.000     1.000     0.000 A/SEC
  OMGA(X-Z) =     0.000     0.000     0.000 RAD/S

 FTOTH(X-Z) =   -0.50947E-01   -0.13061E+02   -0.62923E-01
 TTOTH(X-Z) =   -0.12049E+01   -0.79959E+00   -0.31979E-02

     U(X-Z) =     0.000     0.000     1.000 A/SEC
  OMGA(X-Z) =     0.000     0.000     0.000 RAD/S

 FTOTH(X-Z) =   -0.30631E-01   -0.62758E-01   -0.13141E+02
 TTOTH(X-Z) =    0.12594E+01   -0.36570E+00    0.13030E+01

     U(X-Z) =     0.000     0.000     0.000 A/SEC
  OMGA(X-Z) =     1.000     0.000     0.000 RAD/S

 FTOTH(X-Z) =   -0.52976E+00   -0.11387E+01    0.12964E+01
 TTOTH(X-Z) =   -0.47712E+04   -0.58394E+02   -0.99033E+02

     U(X-Z) =     0.000     0.000     0.000 A/SEC
  OMGA(X-Z) =     0.000     1.000     0.000 RAD/S

 FTOTH(X-Z) =    0.12354E+01   -0.79593E+00   -0.39932E+00
 TTOTH(X-Z) =   -0.58620E+02   -0.55198E+04   -0.12640E+03

     U(X-Z) =     0.000     0.000     0.000 A/SEC
  OMGA(X-Z) =     0.000     0.000     1.000 RAD/S

 FTOTH(X-Z) =   -0.10584E+01    0.22241E-01    0.13118E+01
 TTOTH(X-Z) =   -0.10116E+03   -0.12513E+03   -0.56625E+04

 I,J,Ktt,Ktr,Krt,Krr=    1    1  0.1261E+02  0.5204E+00  0.5298E+00  0.4771E+04
 I,J,Ktt,Ktr,Krt,Krr=    1    2  0.5095E-01  0.1205E+01 -0.1235E+01  0.5862E+02
 I,J,Ktt,Ktr,Krt,Krr=    1    3  0.3063E-01 -0.1259E+01  0.1058E+01  0.1012E+03
 I,J,Ktt,Ktr,Krt,Krr=    2    1  0.5109E-01 -0.1301E+01  0.1139E+01  0.5839E+02
 I,J,Ktt,Ktr,Krt,Krr=    2    2  0.1306E+02  0.7996E+00  0.7959E+00  0.5520E+04
 I,J,Ktt,Ktr,Krt,Krr=    2    3  0.6276E-01  0.3657E+00 -0.2224E-01  0.1251E+03
 I,J,Ktt,Ktr,Krt,Krr=    3    1  0.3077E-01  0.1018E+01 -0.1296E+01  0.9903E+02
 I,J,Ktt,Ktr,Krt,Krr=    3    2  0.6292E-01  0.3198E-02  0.3993E+00  0.1264E+03
 I,J,Ktt,Ktr,Krt,Krr=    3    3  0.1314E+02 -0.1303E+01 -0.1312E+01  0.5663E+04
  
  Friction Tensors in Center of Resistance
  
  Ktt Tensor (A)
    0.12607E+02    0.50947E-01    0.30631E-01
    0.51086E-01    0.13061E+02    0.62758E-01
    0.30773E-01    0.62923E-01    0.13141E+02
  
  Symmetric Krt Tensor (A^2)
    0.52508E+00   -0.12680E+01    0.10383E+01
    0.11718E+01    0.79776E+00   -0.95214E-02
   -0.12779E+01    0.38251E+00   -0.13074E+01
  
  Krr Tensor (A^3)
    0.47712E+04    0.58620E+02    0.10116E+03
    0.58394E+02    0.55198E+04    0.12513E+03
    0.99033E+02    0.12640E+03    0.56625E+04
  
 Raw Dtt tensor (no rot/trans coupling correction)
    0.79323E-01   -0.30852E-03   -0.18343E-03
   -0.30936E-03    0.76565E-01   -0.36494E-03
   -0.18428E-03   -0.36589E-03    0.76100E-01
  
 Raw Drr tensor (no rot/trans coupling correction)
    0.20969E-03   -0.21422E-05   -0.36987E-05
   -0.21363E-05    0.18128E-03   -0.39678E-05
   -0.36197E-05   -0.40092E-05    0.17675E-03
  
 Raw Dtt tensor, before CD transformation
    0.79323E-01   -0.30853E-03   -0.18090E-03
   -0.30936E-03    0.76565E-01   -0.36712E-03
   -0.18428E-03   -0.36591E-03    0.76103E-01
  
 Program finished at:                
 Elapsed time CPU_TIME:   61.731999999999999     
