 BEST ver.3.90 SFSU/ARAGON
  
 control gtensor value=   1.0000000000000000     
 true area (A^2)=    4593.7240000000002     
 total area (A^2) =    4363.0612512026892     
 centroid coords =   0.71367909356725123      -0.17226652046783703       0.44908742690058484     
  
 first few rows of gr matrix
   6.1946342412407418       0.98281203459726885       0.50393094117820347        1.0240433701365221       0.10432717475416252     
  0.98281203459726929        5.4702567758353089      -0.47823950210270616       0.10432717475416252        1.5022656494328201     
  0.50393094117820414      -0.47823950210270594        6.5397091921752768       -8.2220861834508052E-002 -0.46446832483843209     
  0.48000058855343192        3.3118345262676110E-002  -2.6116249971115668E-002   8.1645520414242139       0.75234706144375663     
   3.3118345262676110E-002  0.70648538775455816      -0.22660849720375284       0.75234706144375618        9.9010201232646118     
  -2.6116249971115668E-002 -0.22660849720375284       0.69623734581774621        1.4755074760768081      -0.57292306981828545     
  0.41570183576488540        4.8914837978818654E-002  -2.8787567470782309E-002   4.0823487148855477       0.34967281743011674     
   4.8914837978818654E-002  0.67485536731596296      -0.17782580793305172       0.34967281743011674        5.9194109608174967     
  -2.8787567470782309E-002 -0.17782580793305172       0.52498950600381600       0.56655748896454061       0.30969295288066595     
 first few columns of gr matrix
   6.1946342412407418       0.98281203459726929       0.50393094117820414       0.48000058855343192        3.3118345262676110E-002
  0.98281203459726885        5.4702567758353089      -0.47823950210270594        3.3118345262676110E-002  0.70648538775455816     
  0.50393094117820347      -0.47823950210270616        6.5397091921752768       -2.6116249971115668E-002 -0.22660849720375284     
   1.0240433701365221       0.10432717475416252       -8.2220861834508052E-002   8.1645520414242139       0.75234706144375618     
  0.10432717475416252        1.5022656494328201      -0.46446832483843209       0.75234706144375663        9.9010201232646118     
  -8.2220861834508052E-002 -0.46446832483843209        1.4518078384960187        1.4755074760768085      -0.57292306981828545     
  0.19042252440697455        2.9766471098266675E-002  -1.7864143803267656E-002  0.83504527962432695       0.15270476330259902     
   2.9766471098266675E-002  0.30576337085529398       -7.8071055375366002E-002  0.15270476330259902        1.2622154914937871     
  -1.7864143803267656E-002  -7.8071055375366002E-002  0.23273571477891569        8.9286924790873870E-002   5.6471891049060731E-002
  
 about to enter dgetrf
 Just out of dgetrf:                 
  
  **** TRANSLATION/ROTATION FLOWS ****
     U(X-Z) =     1.000     0.000     0.000 A/SEC
  OMGA(X-Z) =     0.000     0.000     0.000 RAD/S

 FTOTH(X-Z) =   -0.12592E+02   -0.50794E-01   -0.28311E-01
 TTOTH(X-Z) =   -0.54382E+00   -0.17597E+00   -0.17456E+01

     U(X-Z) =     0.000     1.000     0.000 A/SEC
  OMGA(X-Z) =     0.000     0.000     0.000 RAD/S

 FTOTH(X-Z) =   -0.50662E-01   -0.13047E+02   -0.62887E-01
 TTOTH(X-Z) =    0.31580E+00   -0.76097E+00   -0.12458E+01

     U(X-Z) =     0.000     0.000     1.000 A/SEC
  OMGA(X-Z) =     0.000     0.000     0.000 RAD/S

 FTOTH(X-Z) =   -0.28363E-01   -0.62775E-01   -0.13128E+02
 TTOTH(X-Z) =    0.21066E+01    0.94190E+00    0.12973E+01

     U(X-Z) =     0.000     0.000     0.000 A/SEC
  OMGA(X-Z) =     1.000     0.000     0.000 RAD/S

 FTOTH(X-Z) =   -0.52432E+00    0.38965E+00    0.21155E+01
 TTOTH(X-Z) =   -0.47573E+04   -0.57697E+02   -0.93656E+02

     U(X-Z) =     0.000     0.000     0.000 A/SEC
  OMGA(X-Z) =     0.000     1.000     0.000 RAD/S

 FTOTH(X-Z) =   -0.21502E+00   -0.77185E+00    0.90548E+00
 TTOTH(X-Z) =   -0.56632E+02   -0.55021E+04   -0.12690E+03

     U(X-Z) =     0.000     0.000     0.000 A/SEC
  OMGA(X-Z) =     0.000     0.000     1.000 RAD/S

 FTOTH(X-Z) =   -0.17965E+01   -0.12158E+01    0.12827E+01
 TTOTH(X-Z) =   -0.96313E+02   -0.12537E+03   -0.56443E+04

 I,J,Ktt,Ktr,Krt,Krr=    1    1  0.1259E+02  0.5438E+00  0.5243E+00  0.4757E+04
 I,J,Ktt,Ktr,Krt,Krr=    1    2  0.5066E-01 -0.3158E+00  0.2150E+00  0.5663E+02
 I,J,Ktt,Ktr,Krt,Krr=    1    3  0.2836E-01 -0.2107E+01  0.1796E+01  0.9631E+02
 I,J,Ktt,Ktr,Krt,Krr=    2    1  0.5079E-01  0.1760E+00 -0.3897E+00  0.5770E+02
 I,J,Ktt,Ktr,Krt,Krr=    2    2  0.1305E+02  0.7610E+00  0.7718E+00  0.5502E+04
 I,J,Ktt,Ktr,Krt,Krr=    2    3  0.6277E-01 -0.9419E+00  0.1216E+01  0.1254E+03
 I,J,Ktt,Ktr,Krt,Krr=    3    1  0.2831E-01  0.1746E+01 -0.2116E+01  0.9366E+02
 I,J,Ktt,Ktr,Krt,Krr=    3    2  0.6289E-01  0.1246E+01 -0.9055E+00  0.1269E+03
 I,J,Ktt,Ktr,Krt,Krr=    3    3  0.1313E+02 -0.1297E+01 -0.1283E+01  0.5644E+04
  
  Friction Tensors in Center of Resistance
  
  Ktt Tensor (A)
    0.12592E+02    0.50662E-01    0.28363E-01
    0.50794E-01    0.13047E+02    0.62775E-01
    0.28311E-01    0.62887E-01    0.13128E+02
  
  Symmetric Krt Tensor (A^2)
    0.53407E+00    0.19549E+00    0.17710E+01
   -0.35273E+00    0.76641E+00    0.12308E+01
   -0.21111E+01   -0.92369E+00   -0.12900E+01
  
  Krr Tensor (A^3)
    0.47573E+04    0.56632E+02    0.96313E+02
    0.57697E+02    0.55021E+04    0.12537E+03
    0.93656E+02    0.12690E+03    0.56443E+04
  
 Raw Dtt tensor (no rot/trans coupling correction)
    0.79414E-01   -0.30755E-03   -0.17010E-03
   -0.30836E-03    0.76650E-01   -0.36585E-03
   -0.16978E-03   -0.36651E-03    0.76175E-01
  
 Raw Drr tensor (no rot/trans coupling correction)
    0.21030E-03   -0.20828E-05   -0.35422E-05
   -0.21268E-05    0.18186E-03   -0.40031E-05
   -0.34417E-05   -0.40543E-05    0.17732E-03
  
 Raw Dtt tensor, before CD transformation
    0.79414E-01   -0.30757E-03   -0.16634E-03
   -0.30837E-03    0.76650E-01   -0.36317E-03
   -0.16980E-03   -0.36654E-03    0.76182E-01
  
 Program finished at:                
 Elapsed time CPU_TIME:   44.556000000000004     
