 BEST ver.3.90 SFSU/ARAGON
  
 control gtensor value=   1.0000000000000000     
 true area (A^2)=    4593.7240000000002     
 total area (A^2) =    4347.2570817929127     
 centroid coords =   0.61396117608836542      -0.18940675763482856       0.43072205977907735     
  
 first few rows of gr matrix
   6.2058841202209800       0.98459688839475934       0.50484611419437864        1.0277662129774436       0.10470644938937131     
  0.98459688839475890        5.4801911358511539      -0.47910801771036104       0.10470644938937131        1.5077270381603385     
  0.50484611419437841      -0.47910801771036082        6.5515857508408573       -8.2519770411802196E-002 -0.46615686912120946     
  0.48174559936727634        3.3238744845505951E-002  -2.6211193893484482E-002   8.1793794257082393       0.75371337510534664     
   3.3238744845505951E-002  0.70905376927502706      -0.22743231760639310       0.75371337510534753        9.9190010522153553     
  -2.6211193893484482E-002 -0.22743231760639310       0.69876847125056263        1.4781870984554457      -0.57396353725339710     
  0.41721309265923862        4.9092664680006275E-002  -2.8892222793585651E-002   4.0971898272157521       0.35094403013737080     
   4.9092664680006275E-002  0.67730875996136941      -0.17847228205250854       0.35094403013737080        5.9409305930522329     
  -2.8892222793585651E-002 -0.17847228205250854       0.52689807109098097       0.56861717174084558       0.31081882139953959     
 first few columns of gr matrix
   6.2058841202209800       0.98459688839475890       0.50484611419437841       0.48174559936727634        3.3238744845505951E-002
  0.98459688839475934        5.4801911358511539      -0.47910801771036082        3.3238744845505951E-002  0.70905376927502706     
  0.50484611419437864      -0.47910801771036104        6.5515857508408573       -2.6211193893484482E-002 -0.22743231760639310     
   1.0277662129774436       0.10470644938937131       -8.2519770411802196E-002   8.1793794257082393       0.75371337510534753     
  0.10470644938937131        1.5077270381603385      -0.46615686912120946       0.75371337510534664        9.9190010522153553     
  -8.2519770411802196E-002 -0.46615686912120946        1.4570857911448583        1.4781870984554457      -0.57396353725339688     
  0.19111479306708420        2.9874685161322308E-002  -1.7929087732213085E-002  0.83808103224160113       0.15325991150375418     
   2.9874685161322308E-002  0.30687495363528239       -7.8354877602103287E-002  0.15325991150375418        1.2668041935382919     
  -1.7929087732213085E-002  -7.8354877602103287E-002  0.23358181028117564        8.9611521578899289E-002   5.6677190923495407E-002
  
 about to enter dgetrf
 Just out of dgetrf:                 
  
  **** TRANSLATION/ROTATION FLOWS ****
     U(X-Z) =     1.000     0.000     0.000 A/SEC
  OMGA(X-Z) =     0.000     0.000     0.000 RAD/S

 FTOTH(X-Z) =   -0.12586E+02   -0.48741E-01   -0.30007E-01
 TTOTH(X-Z) =   -0.58069E+00   -0.39495E+00   -0.14070E+01

     U(X-Z) =     0.000     1.000     0.000 A/SEC
  OMGA(X-Z) =     0.000     0.000     0.000 RAD/S

 FTOTH(X-Z) =   -0.48535E-01   -0.13036E+02   -0.63514E-01
 TTOTH(X-Z) =    0.60983E+00   -0.73653E+00   -0.23276E+01

     U(X-Z) =     0.000     0.000     1.000 A/SEC
  OMGA(X-Z) =     0.000     0.000     0.000 RAD/S

 FTOTH(X-Z) =   -0.29955E-01   -0.63262E-01   -0.13114E+02
 TTOTH(X-Z) =    0.17506E+01    0.20145E+01    0.13008E+01

     U(X-Z) =     0.000     0.000     0.000 A/SEC
  OMGA(X-Z) =     1.000     0.000     0.000 RAD/S

 FTOTH(X-Z) =   -0.54937E+00    0.62618E+00    0.17995E+01
 TTOTH(X-Z) =   -0.47519E+04   -0.53577E+02   -0.99515E+02

     U(X-Z) =     0.000     0.000     0.000 A/SEC
  OMGA(X-Z) =     0.000     1.000     0.000 RAD/S

 FTOTH(X-Z) =   -0.39972E+00   -0.74823E+00    0.19930E+01
 TTOTH(X-Z) =   -0.52468E+02   -0.54851E+04   -0.12851E+03

     U(X-Z) =     0.000     0.000     0.000 A/SEC
  OMGA(X-Z) =     0.000     0.000     1.000 RAD/S

 FTOTH(X-Z) =   -0.14834E+01   -0.22859E+01    0.12872E+01
 TTOTH(X-Z) =   -0.10097E+03   -0.12646E+03   -0.56263E+04

 I,J,Ktt,Ktr,Krt,Krr=    1    1  0.1259E+02  0.5807E+00  0.5494E+00  0.4752E+04
 I,J,Ktt,Ktr,Krt,Krr=    1    2  0.4854E-01 -0.6098E+00  0.3997E+00  0.5247E+02
 I,J,Ktt,Ktr,Krt,Krr=    1    3  0.2996E-01 -0.1751E+01  0.1483E+01  0.1010E+03
 I,J,Ktt,Ktr,Krt,Krr=    2    1  0.4874E-01  0.3949E+00 -0.6262E+00  0.5358E+02
 I,J,Ktt,Ktr,Krt,Krr=    2    2  0.1304E+02  0.7365E+00  0.7482E+00  0.5485E+04
 I,J,Ktt,Ktr,Krt,Krr=    2    3  0.6326E-01 -0.2015E+01  0.2286E+01  0.1265E+03
 I,J,Ktt,Ktr,Krt,Krr=    3    1  0.3001E-01  0.1407E+01 -0.1799E+01  0.9951E+02
 I,J,Ktt,Ktr,Krt,Krr=    3    2  0.6351E-01  0.2328E+01 -0.1993E+01  0.1285E+03
 I,J,Ktt,Ktr,Krt,Krr=    3    3  0.1311E+02 -0.1301E+01 -0.1287E+01  0.5626E+04
  
  Friction Tensors in Center of Resistance
  
  Ktt Tensor (A)
    0.12586E+02    0.48535E-01    0.29955E-01
    0.48741E-01    0.13036E+02    0.63262E-01
    0.30007E-01    0.63514E-01    0.13114E+02
  
  Symmetric Krt Tensor (A^2)
    0.56503E+00    0.39734E+00    0.14452E+01
   -0.61801E+00    0.74238E+00    0.23068E+01
   -0.17751E+01   -0.20038E+01   -0.12940E+01
  
  Krr Tensor (A^3)
    0.47519E+04    0.52468E+02    0.10097E+03
    0.53577E+02    0.54851E+04    0.12646E+03
    0.99515E+02    0.12851E+03    0.56263E+04
  
 Raw Dtt tensor (no rot/trans coupling correction)
    0.79455E-01   -0.29495E-03   -0.18007E-03
   -0.29621E-03    0.76715E-01   -0.36939E-03
   -0.18037E-03   -0.37087E-03    0.76255E-01
  
 Raw Drr tensor (no rot/trans coupling correction)
    0.21054E-03   -0.19265E-05   -0.37353E-05
   -0.19717E-05    0.18243E-03   -0.40649E-05
   -0.36790E-05   -0.41328E-05    0.17790E-03
  
 Raw Dtt tensor, before CD transformation
    0.79455E-01   -0.29496E-03   -0.17802E-03
   -0.29622E-03    0.76715E-01   -0.36403E-03
   -0.18039E-03   -0.37092E-03    0.76266E-01
  
 Program finished at:                
 Elapsed time CPU_TIME:   34.804000000000002     
