 BEST ver.3.90 SFSU/ARAGON
  
 control gtensor value=   1.0000000000000000     
 true area (A^2)=    8029.6610000000001     
 total area (A^2) =    7570.0486305195236     
 centroid coords =    2.9590828359558667        21.397832248146091        11.757221830349094     
  
 first few rows of gr matrix
   5.7991104019062227       0.53366336964509387       0.21956694676104008        2.3319302455410931       0.28207790684812234     
  0.53366336964509387        4.4461674308420509       0.46669851989849809       0.28207790684812234        2.0688459473700425     
  0.21956694676103963       0.46669851989849820        6.5606006654617470      -0.22120364564329242      -0.18756089514497859     
   1.9817591235708671       0.30461868410967557      -0.10679139818626759        5.0117926906644996       0.75949229056197898     
  0.30461868410967557        2.1678359229230963      -0.26970298202122045       0.75949229056197831        6.1736687009316169     
 -0.10679139818626759      -0.26970298202122045        2.7616046020253080       0.61189666574647328      -0.10266421939709158     
   1.2374046242725902       0.27966578204515041        2.6367616824717607E-002   1.4299327249111700       0.15215306704029705     
  0.27966578204515041        1.9479634348072854       -4.7396394816381492E-002  0.15215306704029705        2.2900456824062974     
   2.6367616824717607E-002  -4.7396394816381492E-002   1.2674865203113359       0.14258377319014356       0.33450323553295108     
 first few columns of gr matrix
   5.7991104019062227       0.53366336964509387       0.21956694676103963        1.9817591235708671       0.30461868410967557     
  0.53366336964509387        4.4461674308420509       0.46669851989849820       0.30461868410967557        2.1678359229230963     
  0.21956694676104008       0.46669851989849809        6.5606006654617470      -0.10679139818626759      -0.26970298202122045     
   2.3319302455410931       0.28207790684812234      -0.22120364564329242        5.0117926906644996       0.75949229056197831     
  0.28207790684812234        2.0688459473700425      -0.18756089514497859       0.75949229056197898        6.1736687009316169     
 -0.22120364564329242      -0.18756089514497859        3.0435282452026904       0.61189666574647372      -0.10266421939709180     
   2.8333464783112237       0.71089193096600600       -6.0955070523239736E-002   2.5653966275829658       0.42785748966001391     
  0.71089193096600600        3.9627224417653708      -0.29136711209913968       0.42785748966001391        3.6725718713513618     
  -6.0955070523239736E-002 -0.29136711209913968        2.7881125825286364       0.36702754635246759       0.79073124503263181     
  
 about to enter dgetrf
 Just out of dgetrf:                 
  
  **** TRANSLATION/ROTATION FLOWS ****
     U(X-Z) =     1.000     0.000     0.000 A/SEC
  OMGA(X-Z) =     0.000     0.000     0.000 RAD/S

 FTOTH(X-Z) =   -0.17095E+02    0.40280E+00    0.32945E+00
 TTOTH(X-Z) =    0.23656E+01    0.38710E+00    0.65837E+01

     U(X-Z) =     0.000     1.000     0.000 A/SEC
  OMGA(X-Z) =     0.000     0.000     0.000 RAD/S

 FTOTH(X-Z) =    0.40244E+00   -0.15900E+02    0.30768E+00
 TTOTH(X-Z) =   -0.26375E+01   -0.61949E-01   -0.57115E+00

     U(X-Z) =     0.000     0.000     1.000 A/SEC
  OMGA(X-Z) =     0.000     0.000     0.000 RAD/S

 FTOTH(X-Z) =    0.32972E+00    0.30787E+00   -0.16725E+02
 TTOTH(X-Z) =   -0.91579E+01    0.41664E+01   -0.23981E+01

     U(X-Z) =     0.000     0.000     0.000 A/SEC
  OMGA(X-Z) =     1.000     0.000     0.000 RAD/S

 FTOTH(X-Z) =    0.23874E+01   -0.26511E+01   -0.91180E+01
 TTOTH(X-Z) =   -0.12506E+05    0.11910E+04    0.70381E+03

     U(X-Z) =     0.000     0.000     0.000 A/SEC
  OMGA(X-Z) =     0.000     1.000     0.000 RAD/S

 FTOTH(X-Z) =    0.41120E+00   -0.56093E-01    0.42323E+01
 TTOTH(X-Z) =    0.11942E+04   -0.97977E+04    0.10567E+04

     U(X-Z) =     0.000     0.000     0.000 A/SEC
  OMGA(X-Z) =     0.000     0.000     1.000 RAD/S

 FTOTH(X-Z) =    0.65109E+01   -0.62022E+00   -0.23718E+01
 TTOTH(X-Z) =    0.70475E+03    0.10532E+04   -0.12508E+05

 I,J,Ktt,Ktr,Krt,Krr=    1    1  0.1710E+02 -0.2366E+01 -0.2387E+01  0.1251E+05
 I,J,Ktt,Ktr,Krt,Krr=    1    2 -0.4024E+00  0.2638E+01 -0.4112E+00 -0.1194E+04
 I,J,Ktt,Ktr,Krt,Krr=    1    3 -0.3297E+00  0.9158E+01 -0.6511E+01 -0.7047E+03
 I,J,Ktt,Ktr,Krt,Krr=    2    1 -0.4028E+00 -0.3871E+00  0.2651E+01 -0.1191E+04
 I,J,Ktt,Ktr,Krt,Krr=    2    2  0.1590E+02  0.6195E-01  0.5609E-01  0.9798E+04
 I,J,Ktt,Ktr,Krt,Krr=    2    3 -0.3079E+00 -0.4166E+01  0.6202E+00 -0.1053E+04
 I,J,Ktt,Ktr,Krt,Krr=    3    1 -0.3294E+00 -0.6584E+01  0.9118E+01 -0.7038E+03
 I,J,Ktt,Ktr,Krt,Krr=    3    2 -0.3077E+00  0.5711E+00 -0.4232E+01 -0.1057E+04
 I,J,Ktt,Ktr,Krt,Krr=    3    3  0.1672E+02  0.2398E+01  0.2372E+01  0.1251E+05
  
  Friction Tensors in Center of Resistance
  
  Ktt Tensor (A)
    0.17095E+02   -0.40244E+00   -0.32972E+00
   -0.40280E+00    0.15900E+02   -0.30787E+00
   -0.32945E+00   -0.30768E+00    0.16725E+02
  
  Symmetric Krt Tensor (A^2)
   -0.23765E+01   -0.39915E+00   -0.65473E+01
    0.26443E+01    0.59021E-01    0.59568E+00
    0.91379E+01   -0.41993E+01    0.23849E+01
  
  Krr Tensor (A^3)
    0.12506E+05   -0.11942E+04   -0.70475E+03
   -0.11910E+04    0.97977E+04   -0.10532E+04
   -0.70381E+03   -0.10567E+04    0.12508E+05
  
 Raw Dtt tensor (no rot/trans coupling correction)
    0.58555E-01    0.15049E-02    0.11821E-02
    0.15062E-02    0.62953E-01    0.11885E-02
    0.11811E-02    0.11878E-02    0.59837E-01
  
 Raw Drr tensor (no rot/trans coupling correction)
    0.81269E-04    0.10495E-04    0.54629E-05
    0.10466E-04    0.10435E-03    0.93769E-05
    0.54573E-05    0.94066E-05    0.81051E-04
  
 Raw Dtt tensor, before CD transformation
    0.58555E-01    0.15051E-02    0.11920E-02
    0.15062E-02    0.62953E-01    0.11872E-02
    0.11814E-02    0.11880E-02    0.59851E-01
  
 Program finished at:                
 Elapsed time CPU_TIME:   262.25999999999999     
