MSMS 2.6.1 started on zukomputer
Copyright M.F. Sanner (1994)
Compilation flags -O2 -DVERBOSE -DTIMING
Atom 1 ignored, radius = 0.000000
INPUT  best_1lki.xyzr 1393 spheres 0 collision only, radii  2.500 to  3.100
PARAM  Probe_radius  1.500 density  1.000 hdensity  3.000
REDUCED SURFACE ...
    RS component 0 identified 553 550 555
    0 free edge(s) found in component 0
    RS component  #faces  #edges #free_edges  #vertices   genus
         0        1038     1557          0        503      9
    Time Reduced Surface real: 0.05 user: 0.06 sys: 0.00
ANALYTICAL SOLVENT EXCLUDED SURFACE...
    Component   0
        Time Surface real: 0.01 user: 0.00 sys: 0.00
        Time Singularities real: 0.00 user: 0.00 sys: 0.00
    SES comp.  #fac.  #edg. #s_edg. #vert. #s_vert. R_h C_h genus
         0     3120   6240      4    3122        8   0   0    0
ANALYTICAL SURFACE AREA :
    Comp. probe_radius,   reent,    toric,   contact    SES       SAS
      0       1.500     957.774  3025.968  4224.276  8208.019  9645.958
TRIANGULATION...
    Component 0
    component#, vertices,  edges,  faces, genus, density
        0           7888   23658   15772    0     0.961
        Time Triangulation real: 0.04 user: 0.04 sys: 0.00
NUMERICAL VOLUMES AND AREA
    Comp. probe_radius SES_volume SES_area)
       0      1.50    34608.238   8026.357
    Total ses_volume: 34608.238
MSMS terminated normally
Total Time real: 0.23 user: 0.18 sys: 0.00
