 BEST ver.3.90 SFSU/ARAGON
  
 control gtensor value=   1.0000000000000000     
 true area (A^2)=    4181.3329999999996     
 total area (A^2) =    4005.4959026964075     
 centroid coords =    4.8101407284768104E-002   7.3977235099338498E-002 -0.39893253311258314     
  
 first few rows of gr matrix
   5.5872247157571486        4.5960300163049736E-002   5.2059055091927084E-002   1.8908612422816096       0.24810711351633069     
   4.5960300163049750E-002   4.7755854447260848      -0.83887789859642892       0.24810711351633069        1.4294756709261993     
   5.2059055091927056E-002 -0.83887789859642892        4.3060626062945948      -0.43281466287792958      -0.21105606004965874     
   1.1864175758368367       0.14868492771730987      -0.29886630173444906        6.1273850207878917       -1.1300104165854155     
  0.14868492771730987       0.80343939538498721      -0.11540490694049182       -1.1300104165854150        7.1593749295779840     
 -0.29886630173444906      -0.11540490694049182       0.97751180863550369      -0.69432718167896801      -0.44393528024797635     
  0.57606011937875712       0.10545625466606542      -0.15508948529825184        2.2992749130168364      -0.17795425790061678     
  0.10545625466606542       0.56445905616403225      -0.15702512794686246      -0.17795425790061678        2.7479277060389391     
 -0.15508948529825184      -0.15702512794686246       0.68936939456318858      -0.23250434873140102      -0.51556207543774313     
 first few columns of gr matrix
   5.5872247157571486        4.5960300163049750E-002   5.2059055091927056E-002   1.1864175758368367       0.14868492771730987     
   4.5960300163049736E-002   4.7755854447260848      -0.83887789859642892       0.14868492771730987       0.80343939538498721     
   5.2059055091927084E-002 -0.83887789859642892        4.3060626062945948      -0.29886630173444906      -0.11540490694049182     
   1.8908612422816096       0.24810711351633069      -0.43281466287792958        6.1273850207878917       -1.1300104165854150     
  0.24810711351633069        1.4294756709261993      -0.21105606004965874       -1.1300104165854155        7.1593749295779840     
 -0.43281466287792958      -0.21105606004965874        1.5267918512446881      -0.69432718167896801      -0.44393528024797591     
  0.85728520361294402       0.11704709635981569      -0.24193804579330441        1.6523656588629521      -0.10500542117774488     
  0.11704709635981569       0.74799472890401453      -0.15838633123063894      -0.10500542117774488        1.8808135176194569     
 -0.24193804579330441      -0.15838633123063894       0.90349185089656658      -0.23385119907259919      -0.31998259786303712     
  
 about to enter dgetrf
 Just out of dgetrf:                 
  
  **** TRANSLATION/ROTATION FLOWS ****
     U(X-Z) =     1.000     0.000     0.000 A/SEC
  OMGA(X-Z) =     0.000     0.000     0.000 RAD/S

 FTOTH(X-Z) =   -0.12656E+02   -0.47040E-01   -0.20531E+00
 TTOTH(X-Z) =    0.25823E+00    0.15827E+01    0.30957E+01

     U(X-Z) =     0.000     1.000     0.000 A/SEC
  OMGA(X-Z) =     0.000     0.000     0.000 RAD/S

 FTOTH(X-Z) =   -0.47052E-01   -0.12879E+02   -0.36542E+00
 TTOTH(X-Z) =    0.41413E+00    0.67409E+00    0.29922E+01

     U(X-Z) =     0.000     0.000     1.000 A/SEC
  OMGA(X-Z) =     0.000     0.000     0.000 RAD/S

 FTOTH(X-Z) =   -0.20540E+00   -0.36542E+00   -0.12509E+02
 TTOTH(X-Z) =   -0.15182E+01   -0.39852E+01   -0.95999E+00

     U(X-Z) =     0.000     0.000     0.000 A/SEC
  OMGA(X-Z) =     1.000     0.000     0.000 RAD/S

 FTOTH(X-Z) =    0.23702E+00    0.39421E+00   -0.15090E+01
 TTOTH(X-Z) =   -0.51155E+04    0.42848E+02   -0.33631E+03

     U(X-Z) =     0.000     0.000     0.000 A/SEC
  OMGA(X-Z) =     0.000     1.000     0.000 RAD/S

 FTOTH(X-Z) =    0.15785E+01    0.66785E+00   -0.39967E+01
 TTOTH(X-Z) =    0.41871E+02   -0.52849E+04   -0.53103E+03

     U(X-Z) =     0.000     0.000     0.000 A/SEC
  OMGA(X-Z) =     0.000     0.000     1.000 RAD/S

 FTOTH(X-Z) =    0.30712E+01    0.30049E+01   -0.94585E+00
 TTOTH(X-Z) =   -0.33741E+03   -0.53002E+03   -0.48306E+04

 I,J,Ktt,Ktr,Krt,Krr=    1    1  0.1266E+02 -0.2582E+00 -0.2370E+00  0.5115E+04
 I,J,Ktt,Ktr,Krt,Krr=    1    2  0.4705E-01 -0.4141E+00 -0.1579E+01 -0.4187E+02
 I,J,Ktt,Ktr,Krt,Krr=    1    3  0.2054E+00  0.1518E+01 -0.3071E+01  0.3374E+03
 I,J,Ktt,Ktr,Krt,Krr=    2    1  0.4704E-01 -0.1583E+01 -0.3942E+00 -0.4285E+02
 I,J,Ktt,Ktr,Krt,Krr=    2    2  0.1288E+02 -0.6741E+00 -0.6678E+00  0.5285E+04
 I,J,Ktt,Ktr,Krt,Krr=    2    3  0.3654E+00  0.3985E+01 -0.3005E+01  0.5300E+03
 I,J,Ktt,Ktr,Krt,Krr=    3    1  0.2053E+00 -0.3096E+01  0.1509E+01  0.3363E+03
 I,J,Ktt,Ktr,Krt,Krr=    3    2  0.3654E+00 -0.2992E+01  0.3997E+01  0.5310E+03
 I,J,Ktt,Ktr,Krt,Krr=    3    3  0.1251E+02  0.9600E+00  0.9458E+00  0.4831E+04
  
  Friction Tensors in Center of Resistance
  
  Ktt Tensor (A)
    0.12656E+02    0.47052E-01    0.20540E+00
    0.47040E-01    0.12879E+02    0.36542E+00
    0.20531E+00    0.36542E+00    0.12509E+02
  
  Symmetric Krt Tensor (A^2)
   -0.24763E+00   -0.15806E+01   -0.30835E+01
   -0.40417E+00   -0.67097E+00   -0.29986E+01
    0.15136E+01    0.39909E+01    0.95292E+00
  
  Krr Tensor (A^3)
    0.51155E+04   -0.41871E+02    0.33741E+03
   -0.42848E+02    0.52849E+04    0.53002E+03
    0.33631E+03    0.53103E+03    0.48306E+04
  
 Raw Dtt tensor (no rot/trans coupling correction)
    0.79033E-01   -0.25212E-03   -0.12904E-02
   -0.25206E-03    0.77709E-01   -0.22659E-02
   -0.12898E-02   -0.22659E-02    0.80028E-01
  
 Raw Drr tensor (no rot/trans coupling correction)
    0.19643E-03    0.29677E-05   -0.14046E-04
    0.29972E-05    0.19137E-03   -0.21207E-04
   -0.14005E-04   -0.21244E-04    0.21032E-03
  
 Raw Dtt tensor, before CD transformation
    0.79033E-01   -0.25226E-03   -0.12853E-02
   -0.25231E-03    0.77709E-01   -0.22504E-02
   -0.12902E-02   -0.22666E-02    0.80054E-01
  
 Program finished at:                
 Elapsed time CPU_TIME:   56.372000000000000     
