 BEST ver.3.90 SFSU/ARAGON
  
 control gtensor value=   1.0000000000000000     
 true area (A^2)=    6295.7020000000002     
 total area (A^2) =    5878.3537176405971     
 centroid coords =    9.8648536260809327E-002   1.8374334664005314       -4.2437207252162406     
  
 first few rows of gr matrix
   10.045796324060531      -0.54568163817575965        1.5319113613946631        1.7775598122546292        3.9140783814215901E-002
 -0.54568163817576010        10.619163273299820       0.84907698959434463        3.9140783814215901E-002   1.5278174668117259     
   1.5319113613946631       0.84907698959434530        8.5901513607149997       0.57286207371584241        7.4541261459812144E-002
   2.3168276284992553       0.11098520970864113       0.70786669963545168        6.3848614293692032      -0.72658640992356993     
  0.11098520970864113        2.0475232990897432       0.23835860450162766      -0.72658640992357015        9.3447154799538179     
  0.70786669963545168       0.23835860450162766        3.2162560535614579       0.33547445260000675        3.9413418588756910E-002
   1.1723262678325359        6.7043612782967318E-002  0.24541023934439241        1.7477357353540279      -0.11510743367795270     
   6.7043612782967318E-002   1.1889993693330123       0.26787344845795175      -0.11510743367795270        2.2153755854861417     
  0.24541023934439241       0.26787344845795175        2.0086718520443352      -0.12693096088211295       0.57316136036707477     
 first few columns of gr matrix
   10.045796324060531      -0.54568163817576010        1.5319113613946631        2.3168276284992553       0.11098520970864113     
 -0.54568163817575965        10.619163273299820       0.84907698959434530       0.11098520970864113        2.0475232990897432     
   1.5319113613946631       0.84907698959434463        8.5901513607149997       0.70786669963545168       0.23835860450162766     
   1.7775598122546292        3.9140783814215901E-002  0.57286207371584241        6.3848614293692032      -0.72658640992357015     
   3.9140783814215901E-002   1.5278174668117259        7.4541261459812144E-002 -0.72658640992356993        9.3447154799538179     
  0.57286207371584241        7.4541261459812144E-002   2.2913564213205166       0.33547445260000652        3.9413418588756466E-002
  0.63645011329504442        3.9952771917367735E-002  0.13909481771918436        1.3046483039170984       -5.3139113926941171E-002
   3.9952771917367735E-002  0.64746011136748771       0.15538388911762507       -5.3139113926941171E-002   1.4720657544229161     
  0.13909481771918436       0.15538388911762507        1.0857752218402303       -4.0071629756461231E-002  0.38105309498339190     
  
 about to enter dgetrf
 Just out of dgetrf:                 
  
  **** TRANSLATION/ROTATION FLOWS ****
     U(X-Z) =     1.000     0.000     0.000 A/SEC
  OMGA(X-Z) =     0.000     0.000     0.000 RAD/S

 FTOTH(X-Z) =   -0.14347E+02   -0.40967E+00    0.17937E+00
 TTOTH(X-Z) =   -0.96817E+00   -0.15996E+00   -0.38160E+01

     U(X-Z) =     0.000     1.000     0.000 A/SEC
  OMGA(X-Z) =     0.000     0.000     0.000 RAD/S

 FTOTH(X-Z) =   -0.40973E+00   -0.14922E+02   -0.33235E-01
 TTOTH(X-Z) =   -0.29636E+01   -0.39649E+00    0.72934E+00

     U(X-Z) =     0.000     0.000     1.000 A/SEC
  OMGA(X-Z) =     0.000     0.000     0.000 RAD/S

 FTOTH(X-Z) =    0.17933E+00   -0.33246E-01   -0.15313E+02
 TTOTH(X-Z) =    0.22018E+01    0.17514E+01    0.13127E+01

     U(X-Z) =     0.000     0.000     0.000 A/SEC
  OMGA(X-Z) =     1.000     0.000     0.000 RAD/S

 FTOTH(X-Z) =   -0.95925E+00   -0.30021E+01    0.21606E+01
 TTOTH(X-Z) =   -0.71237E+04   -0.89595E+03    0.24452E+03

     U(X-Z) =     0.000     0.000     0.000 A/SEC
  OMGA(X-Z) =     0.000     1.000     0.000 RAD/S

 FTOTH(X-Z) =   -0.14465E+00   -0.37954E+00    0.17513E+01
 TTOTH(X-Z) =   -0.89206E+03   -0.85519E+04   -0.15575E+03

     U(X-Z) =     0.000     0.000     0.000 A/SEC
  OMGA(X-Z) =     0.000     0.000     1.000 RAD/S

 FTOTH(X-Z) =   -0.37970E+01    0.80004E+00    0.13213E+01
 TTOTH(X-Z) =    0.24525E+03   -0.15731E+03   -0.90827E+04

 I,J,Ktt,Ktr,Krt,Krr=    1    1  0.1435E+02  0.9682E+00  0.9592E+00  0.7124E+04
 I,J,Ktt,Ktr,Krt,Krr=    1    2  0.4097E+00  0.2964E+01  0.1446E+00  0.8921E+03
 I,J,Ktt,Ktr,Krt,Krr=    1    3 -0.1793E+00 -0.2202E+01  0.3797E+01 -0.2452E+03
 I,J,Ktt,Ktr,Krt,Krr=    2    1  0.4097E+00  0.1600E+00  0.3002E+01  0.8960E+03
 I,J,Ktt,Ktr,Krt,Krr=    2    2  0.1492E+02  0.3965E+00  0.3795E+00  0.8552E+04
 I,J,Ktt,Ktr,Krt,Krr=    2    3  0.3325E-01 -0.1751E+01 -0.8000E+00  0.1573E+03
 I,J,Ktt,Ktr,Krt,Krr=    3    1 -0.1794E+00  0.3816E+01 -0.2161E+01 -0.2445E+03
 I,J,Ktt,Ktr,Krt,Krr=    3    2  0.3324E-01 -0.7293E+00 -0.1751E+01  0.1557E+03
 I,J,Ktt,Ktr,Krt,Krr=    3    3  0.1531E+02 -0.1313E+01 -0.1321E+01  0.9083E+04
  
  Friction Tensors in Center of Resistance
  
  Ktt Tensor (A)
    0.14347E+02    0.40973E+00   -0.17933E+00
    0.40967E+00    0.14922E+02    0.33246E-01
   -0.17937E+00    0.33235E-01    0.15313E+02
  
  Symmetric Krt Tensor (A^2)
    0.96371E+00    0.15230E+00    0.38065E+01
    0.29828E+01    0.38801E+00   -0.76469E+00
   -0.21812E+01   -0.17513E+01   -0.13170E+01
  
  Krr Tensor (A^3)
    0.71237E+04    0.89206E+03   -0.24525E+03
    0.89595E+03    0.85519E+04    0.15731E+03
   -0.24452E+03    0.15575E+03    0.90827E+04
  
 Raw Dtt tensor (no rot/trans coupling correction)
    0.69768E-01   -0.19175E-02    0.82123E-03
   -0.19172E-02    0.67068E-01   -0.16806E-03
    0.82137E-03   -0.16803E-03    0.65313E-01
  
 Raw Drr tensor (no rot/trans coupling correction)
    0.14239E-03   -0.14928E-04    0.41034E-05
   -0.14993E-04    0.11854E-03   -0.24579E-05
    0.40906E-05   -0.24346E-05    0.11025E-03
  
 Raw Dtt tensor, before CD transformation
    0.69768E-01   -0.19175E-02    0.82304E-03
   -0.19172E-02    0.67068E-01   -0.16704E-03
    0.82150E-03   -0.16805E-03    0.65324E-01
  
 Program finished at:                
 Elapsed time CPU_TIME:   36.536000000000001     
