 BEST ver.3.90 SFSU/ARAGON
  
 control gtensor value=   1.0000000000000000     
 true area (A^2)=    6295.7020000000002     
 total area (A^2) =    5983.1958781346148     
 centroid coords =  -0.13298929380275953        1.8688897467572598       -4.5138173769816792     
  
 first few rows of gr matrix
   4.7293402356444396      -0.45506964756762136       0.69856217314137803        1.2467196518917494        4.3030104533842879E-002
 -0.45506964756762114        5.1577850940375782       0.54553883700275319        4.3030104533842879E-002   1.3074415686754206     
  0.69856217314137847       0.54553883700275363        4.5486838578706168       0.26374817294168706       0.23866103692657642     
  0.62871078191312901        1.9859539314181114E-002  0.11773063084449575        5.5734342439845221      -0.99887389878508337     
   1.9859539314181114E-002  0.64493172700053991       0.11923767804826681      -0.99887389878508381        7.1659673657190570     
  0.11773063084449575       0.11923767804826681        1.1117243511331856       0.34393614712149789        3.6411653896693319E-002
  0.31706229057797491        4.8959753041296359E-003   3.1205370495099950E-002   1.2885360313355725       -6.3899055541830285E-002
   4.8959753041296359E-003  0.32622156896895182        5.5408504696212738E-002  -6.3899055541830285E-002   1.3996184380358556     
   3.1205370495099950E-002   5.5408504696212738E-002  0.60803844966239107       -6.6558943396831466E-002  0.20970103210254767     
 first few columns of gr matrix
   4.7293402356444396      -0.45506964756762114       0.69856217314137847       0.62871078191312901        1.9859539314181114E-002
 -0.45506964756762136        5.1577850940375782       0.54553883700275363        1.9859539314181114E-002  0.64493172700053991     
  0.69856217314137803       0.54553883700275319        4.5486838578706168       0.11773063084449575       0.11923767804826681     
   1.2467196518917494        4.3030104533842879E-002  0.26374817294168706        5.5734342439845221      -0.99887389878508381     
   4.3030104533842879E-002   1.3074415686754206       0.23866103692657642      -0.99887389878508337        7.1659673657190570     
  0.26374817294168706       0.23866103692657642        2.0957831250560433       0.34393614712149789        3.6411653896693319E-002
  0.35962785097841954        7.8915711734581680E-003   4.3401483592807849E-002  0.79111887266068126       -1.8781600346984353E-002
   7.8915711734581680E-003  0.37049805502018257        6.9654455165684970E-002  -1.8781600346984353E-002  0.82867047197298394     
   4.3401483592807849E-002   6.9654455165684970E-002  0.68095203773094837       -8.2054238369134759E-003  0.11780098769963704     
  
 about to enter dgetrf
 Just out of dgetrf:                 
  
  **** TRANSLATION/ROTATION FLOWS ****
     U(X-Z) =     1.000     0.000     0.000 A/SEC
  OMGA(X-Z) =     0.000     0.000     0.000 RAD/S

 FTOTH(X-Z) =   -0.14428E+02   -0.40552E+00    0.17571E+00
 TTOTH(X-Z) =   -0.82627E+00   -0.38617E+01   -0.41606E+01

     U(X-Z) =     0.000     1.000     0.000 A/SEC
  OMGA(X-Z) =     0.000     0.000     0.000 RAD/S

 FTOTH(X-Z) =   -0.40542E+00   -0.14998E+02   -0.36519E-01
 TTOTH(X-Z) =    0.86871E+00   -0.42024E+00   -0.26851E+01

     U(X-Z) =     0.000     0.000     1.000 A/SEC
  OMGA(X-Z) =     0.000     0.000     0.000 RAD/S

 FTOTH(X-Z) =    0.17582E+00   -0.36448E-01   -0.15401E+02
 TTOTH(X-Z) =    0.24119E+01    0.55011E+01    0.12213E+01

     U(X-Z) =     0.000     0.000     0.000 A/SEC
  OMGA(X-Z) =     1.000     0.000     0.000 RAD/S

 FTOTH(X-Z) =   -0.83958E+00    0.92262E+00    0.24514E+01
 TTOTH(X-Z) =   -0.72475E+04   -0.89117E+03    0.24283E+03

     U(X-Z) =     0.000     0.000     0.000 A/SEC
  OMGA(X-Z) =     0.000     1.000     0.000 RAD/S

 FTOTH(X-Z) =   -0.39182E+01   -0.41476E+00    0.54991E+01
 TTOTH(X-Z) =   -0.89034E+03   -0.87010E+04   -0.15560E+03

     U(X-Z) =     0.000     0.000     0.000 A/SEC
  OMGA(X-Z) =     0.000     0.000     1.000 RAD/S

 FTOTH(X-Z) =   -0.42197E+01   -0.26972E+01    0.12278E+01
 TTOTH(X-Z) =    0.24176E+03   -0.15530E+03   -0.92377E+04

 I,J,Ktt,Ktr,Krt,Krr=    1    1  0.1443E+02  0.8263E+00  0.8396E+00  0.7248E+04
 I,J,Ktt,Ktr,Krt,Krr=    1    2  0.4054E+00 -0.8687E+00  0.3918E+01  0.8903E+03
 I,J,Ktt,Ktr,Krt,Krr=    1    3 -0.1758E+00 -0.2412E+01  0.4220E+01 -0.2418E+03
 I,J,Ktt,Ktr,Krt,Krr=    2    1  0.4055E+00  0.3862E+01 -0.9226E+00  0.8912E+03
 I,J,Ktt,Ktr,Krt,Krr=    2    2  0.1500E+02  0.4202E+00  0.4148E+00  0.8701E+04
 I,J,Ktt,Ktr,Krt,Krr=    2    3  0.3645E-01 -0.5501E+01  0.2697E+01  0.1553E+03
 I,J,Ktt,Ktr,Krt,Krr=    3    1 -0.1757E+00  0.4161E+01 -0.2451E+01 -0.2428E+03
 I,J,Ktt,Ktr,Krt,Krr=    3    2  0.3652E-01  0.2685E+01 -0.5499E+01  0.1556E+03
 I,J,Ktt,Ktr,Krt,Krr=    3    3  0.1540E+02 -0.1221E+01 -0.1228E+01  0.9238E+04
  
  Friction Tensors in Center of Resistance
  
  Ktt Tensor (A)
    0.14428E+02    0.40542E+00   -0.17582E+00
    0.40552E+00    0.14998E+02    0.36448E-01
   -0.17571E+00    0.36519E-01    0.15401E+02
  
  Symmetric Krt Tensor (A^2)
    0.83292E+00    0.38899E+01    0.41902E+01
   -0.89566E+00    0.41750E+00    0.26912E+01
   -0.24316E+01   -0.55001E+01   -0.12245E+01
  
  Krr Tensor (A^3)
    0.72475E+04    0.89034E+03   -0.24176E+03
    0.89117E+03    0.87010E+04    0.15530E+03
   -0.24283E+03    0.15560E+03    0.92377E+04
  
 Raw Dtt tensor (no rot/trans coupling correction)
    0.69372E-01   -0.18771E-02    0.79641E-03
   -0.18776E-02    0.66726E-01   -0.17935E-03
    0.79593E-03   -0.17964E-03    0.64942E-01
  
 Raw Drr tensor (no rot/trans coupling correction)
    0.13988E-03   -0.14383E-04    0.39026E-05
   -0.14396E-04    0.11644E-03   -0.23344E-05
    0.39194E-05   -0.23395E-05    0.10839E-03
  
 Raw Dtt tensor, before CD transformation
    0.69372E-01   -0.18771E-02    0.79857E-03
   -0.18775E-02    0.66726E-01   -0.16691E-03
    0.79609E-03   -0.17968E-03    0.64955E-01
  
 Program finished at:                
 Elapsed time CPU_TIME:   116.17200000000000     
