MSMS 2.6.1 started on zukomputer
Copyright M.F. Sanner (1994)
Compilation flags -O2 -DVERBOSE -DTIMING
Atom 1 ignored, radius = 0.000000
INPUT  best_1e8l.xyzr 1961 spheres 0 collision only, radii  2.300 to  3.100
PARAM  Probe_radius  1.500 density  1.000 hdensity  3.000
REDUCED SURFACE ...
    RS component 0 identified 1076 1069 1074
    0 free edge(s) found in component 0
    RS component  #faces  #edges #free_edges  #vertices   genus
         0        1394     2091          0        649      25
    Time Reduced Surface real: 0.08 user: 0.08 sys: 0.00
ANALYTICAL SOLVENT EXCLUDED SURFACE...
    Component   0
        Time Surface real: 0.01 user: 0.00 sys: 0.00
        Time Singularities real: 0.00 user: 0.00 sys: 0.00
    SES comp.  #fac.  #edg. #s_edg. #vert. #s_vert. R_h C_h genus
         0     4199   8409     19    4212       28   0   0    0
ANALYTICAL SURFACE AREA :
    Comp. probe_radius,   reent,    toric,   contact    SES       SAS
      0       1.500     902.765  2433.625  2959.313  6295.702  7455.767
TRIANGULATION...
    Component 0
    component#, vertices,  edges,  faces, genus, density
        0           7755   23259   15506    0     1.232
        Time Triangulation real: 0.04 user: 0.04 sys: 0.00
NUMERICAL VOLUMES AND AREA
    Comp. probe_radius SES_volume SES_area)
       0      1.50    24613.646   6141.419
    Total ses_volume: 24613.646
MSMS terminated normally
Total Time real: 0.25 user: 0.19 sys: 0.01
