MSMS 2.6.1 started on zukomputer
Copyright M.F. Sanner (1994)
Compilation flags -O2 -DVERBOSE -DTIMING
Atom 1 ignored, radius = 0.000000
INPUT  best_avg1clb.xyzr 1193 spheres 0 collision only, radii  2.300 to  3.100
PARAM  Probe_radius  1.500 density  1.000 hdensity  3.000
REDUCED SURFACE ...
    RS component 0 identified 876 866 867
    0 free edge(s) found in component 0
    RS component  #faces  #edges #free_edges  #vertices   genus
         0         930     1395          0        422      22.5
    Time Reduced Surface real: 0.03 user: 0.04 sys: 0.00
ANALYTICAL SOLVENT EXCLUDED SURFACE...
    Component   0
ERROR: is_point_in_contact_face: not 2 intersection points
ERROR: is_point_in_contact_face: not 2 intersection points
        Time Surface real: 0.01 user: 0.00 sys: 0.00
        Time Singularities real: 0.00 user: 0.00 sys: 0.00
    SES comp.  #fac.  #edg. #s_edg. #vert. #s_vert. R_h C_h genus
         0     2796   5592      4    2798        8   0   0    0
ANALYTICAL SURFACE AREA :
    Comp. probe_radius,   reent,    toric,   contact    SES       SAS
      0       1.500     516.209  1569.013  1967.976  4053.198  4922.039
TRIANGULATION...
    Component 0
ERROR: is_point_in_contact_face: not 2 intersection points
WARNING: geodesic which intersects odd number of edges
    component#, vertices,  edges,  faces, genus, density
        0           4912   14730    9820    0     1.212
        Time Triangulation real: 0.01 user: 0.02 sys: 0.00
NUMERICAL VOLUMES AND AREA
    Comp. probe_radius SES_volume SES_area)
       0      1.50    14983.333   3953.760
    Total ses_volume: 14983.333
MSMS terminated normally
Total Time real: 0.10 user: 0.08 sys: 0.00
