 BEST ver.3.90 SFSU/ARAGON
  
 control gtensor value=   1.0000000000000000     
 true area (A^2)=    8427.4629999999997     
 total area (A^2) =    7879.3740339367514     
 centroid coords =    43.502867929709026        14.594837451949498        45.754289813289347     
  
 first few rows of gr matrix
   5.2008523103963444      -0.63220134536071249      -0.61408597607031679        2.1199399770165352      -0.28935697162191676     
 -0.63220134536071226        7.0354426577804459      -0.18758558646522933      -0.28935697162191676        2.9287591383401828     
 -0.61408597607031679      -0.18758558646522883        7.0367370101603726      -0.29131089144127092       0.64348066225094103     
   1.6266151297071900      -0.17387987404070393      -0.19051619145651036        5.5234226597420744      -0.11080074919992638     
 -0.17387987404070393        2.2714398676705136       0.53415381823915076      -0.11080074919992636        8.1539715531365111     
 -0.19051619145651036       0.53415381823915076        2.3787608959354847      -0.15962609395908556       0.10416137154303341     
  0.88892541933454339       0.13785715429597772        7.0512780999416283E-002   2.4329739448401209       0.68330041859147495     
  0.13785715429597772        1.4743925196381493       0.30380889175257447       0.68330041859147495        2.9070891794362863     
   7.0512780999416283E-002  0.30380889175257447        1.0376783722095586       -7.3373932326427957E-002   1.6796465732560179E-002
 first few columns of gr matrix
   5.2008523103963444      -0.63220134536071226      -0.61408597607031679        1.6266151297071900      -0.17387987404070393     
 -0.63220134536071249        7.0354426577804459      -0.18758558646522883      -0.17387987404070393        2.2714398676705136     
 -0.61408597607031679      -0.18758558646522933        7.0367370101603726      -0.19051619145651036       0.53415381823915076     
   2.1199399770165352      -0.28935697162191676      -0.29131089144127092        5.5234226597420744      -0.11080074919992636     
 -0.28935697162191676        2.9287591383401828       0.64348066225094103      -0.11080074919992638        8.1539715531365111     
 -0.29131089144127092       0.64348066225094103        2.9693266519615795      -0.15962609395908556       0.10416137154303386     
   1.9252221424537395       0.21177120909685990        7.3582906196100473E-002   3.3748618378475705       0.81275603916606531     
  0.21177120909685990        3.2665508511445949       0.52925520594616471       0.81275603916606531        4.7347757162003017     
   7.3582906196100473E-002  0.52925520594616471        2.1305927060438381       -8.4595221383024610E-002  -4.6911444647780139E-002
  
 about to enter dgetrf
 Just out of dgetrf:                 
  
  **** TRANSLATION/ROTATION FLOWS ****
     U(X-Z) =     1.000     0.000     0.000 A/SEC
  OMGA(X-Z) =     0.000     0.000     0.000 RAD/S

 FTOTH(X-Z) =   -0.16923E+02   -0.83790E-02    0.27257E+00
 TTOTH(X-Z) =   -0.11200E+01   -0.73978E+00    0.48357E+01

     U(X-Z) =     0.000     1.000     0.000 A/SEC
  OMGA(X-Z) =     0.000     0.000     0.000 RAD/S

 FTOTH(X-Z) =   -0.84133E-02   -0.18174E+02    0.97099E-01
 TTOTH(X-Z) =    0.28345E+01   -0.26551E+01   -0.65306E+01

     U(X-Z) =     0.000     0.000     1.000 A/SEC
  OMGA(X-Z) =     0.000     0.000     0.000 RAD/S

 FTOTH(X-Z) =    0.27262E+00    0.97071E-01   -0.16843E+02
 TTOTH(X-Z) =   -0.54585E+01    0.48822E+01    0.38525E+01

     U(X-Z) =     0.000     0.000     0.000 A/SEC
  OMGA(X-Z) =     1.000     0.000     0.000 RAD/S

 FTOTH(X-Z) =   -0.11108E+01    0.28401E+01   -0.54652E+01
 TTOTH(X-Z) =   -0.12231E+05    0.11031E+03    0.10459E+04

     U(X-Z) =     0.000     0.000     0.000 A/SEC
  OMGA(X-Z) =     0.000     1.000     0.000 RAD/S

 FTOTH(X-Z) =   -0.70087E+00   -0.26150E+01    0.47864E+01
 TTOTH(X-Z) =    0.10857E+03   -0.14731E+05    0.11868E+03

     U(X-Z) =     0.000     0.000     0.000 A/SEC
  OMGA(X-Z) =     0.000     0.000     1.000 RAD/S

 FTOTH(X-Z) =    0.48544E+01   -0.64802E+01    0.38641E+01
 TTOTH(X-Z) =    0.10458E+04    0.11908E+03   -0.12127E+05

 I,J,Ktt,Ktr,Krt,Krr=    1    1  0.1692E+02  0.1120E+01  0.1111E+01  0.1223E+05
 I,J,Ktt,Ktr,Krt,Krr=    1    2  0.8413E-02 -0.2834E+01  0.7009E+00 -0.1086E+03
 I,J,Ktt,Ktr,Krt,Krr=    1    3 -0.2726E+00  0.5458E+01 -0.4854E+01 -0.1046E+04
 I,J,Ktt,Ktr,Krt,Krr=    2    1  0.8379E-02  0.7398E+00 -0.2840E+01 -0.1103E+03
 I,J,Ktt,Ktr,Krt,Krr=    2    2  0.1817E+02  0.2655E+01  0.2615E+01  0.1473E+05
 I,J,Ktt,Ktr,Krt,Krr=    2    3 -0.9707E-01 -0.4882E+01  0.6480E+01 -0.1191E+03
 I,J,Ktt,Ktr,Krt,Krr=    3    1 -0.2726E+00 -0.4836E+01  0.5465E+01 -0.1046E+04
 I,J,Ktt,Ktr,Krt,Krr=    3    2 -0.9710E-01  0.6531E+01 -0.4786E+01 -0.1187E+03
 I,J,Ktt,Ktr,Krt,Krr=    3    3  0.1684E+02 -0.3852E+01 -0.3864E+01  0.1213E+05
  
  Friction Tensors in Center of Resistance
  
  Ktt Tensor (A)
    0.16923E+02    0.84133E-02   -0.27262E+00
    0.83790E-02    0.18174E+02   -0.97071E-01
   -0.27257E+00   -0.97099E-01    0.16843E+02
  
  Symmetric Krt Tensor (A^2)
    0.11154E+01    0.72033E+00   -0.48451E+01
   -0.28373E+01    0.26350E+01    0.65054E+01
    0.54619E+01   -0.48343E+01   -0.38583E+01
  
  Krr Tensor (A^3)
    0.12231E+05   -0.10857E+03   -0.10458E+04
   -0.11031E+03    0.14731E+05   -0.11908E+03
   -0.10459E+04   -0.11868E+03    0.12127E+05
  
 Raw Dtt tensor (no rot/trans coupling correction)
    0.59106E-01   -0.22251E-04    0.95652E-03
   -0.22142E-04    0.55024E-01    0.31676E-03
    0.95637E-03    0.31684E-03    0.59388E-01
  
 Raw Drr tensor (no rot/trans coupling correction)
    0.82375E-04    0.66440E-06    0.71103E-05
    0.67437E-06    0.67897E-04    0.72488E-06
    0.71114E-05    0.72176E-06    0.83081E-04
  
 Raw Dtt tensor, before CD transformation
    0.59106E-01   -0.22317E-04    0.94415E-03
   -0.22006E-04    0.55025E-01    0.32517E-03
    0.95672E-03    0.31696E-03    0.59409E-01
  
 Program finished at:                
 Elapsed time CPU_TIME:   77.439999999999998     
