MSMS 2.6.1 started on zukomputer
Copyright M.F. Sanner (1994)
Compilation flags -O2 -DVERBOSE -DTIMING
Atom 1 ignored, radius = 0.000000
INPUT  best_1tgn.xyzr 1677 spheres 0 collision only, radii  2.500 to  3.100
PARAM  Probe_radius  1.500 density  1.000 hdensity  3.000
REDUCED SURFACE ...
    RS component 0 identified 1636 1665 1635
    0 free edge(s) found in component 0
    RS component  #faces  #edges #free_edges  #vertices   genus
         0        1134     1701          0        548      10.5
    Time Reduced Surface real: 0.06 user: 0.05 sys: 0.00
ANALYTICAL SOLVENT EXCLUDED SURFACE...
    Component   0
        Time Surface real: 0.00 user: 0.00 sys: 0.00
        Time Singularities real: 0.00 user: 0.00 sys: 0.00
    SES comp.  #fac.  #edg. #s_edg. #vert. #s_vert. R_h C_h genus
         0     3415   6837     11    3424       22   0   0    0
ANALYTICAL SURFACE AREA :
    Comp. probe_radius,   reent,    toric,   contact    SES       SAS
      0       1.500    1047.602  3166.417  4213.443  8427.463  9728.309
TRIANGULATION...
    Component 0
    component#, vertices,  edges,  faces, genus, density
        0           8234   24696   16464    0     0.977
        Time Triangulation real: 0.04 user: 0.03 sys: 0.00
NUMERICAL VOLUMES AND AREA
    Comp. probe_radius SES_volume SES_area)
       0      1.50    39592.027   8235.418
    Total ses_volume: 39592.027
MSMS terminated normally
Total Time real: 0.20 user: 0.15 sys: 0.02
